['a', 'hj', 'cy', 'ka', 'hv', 'ah', 'bl', 'o', 'kc', 'ef']
['bs', 'jg', 'd', 'ek', 'i', 'fv', 'fa', 'dk', 'aa', 'bu']
['du', 'bv', 'jl', 'bq', 'gr', 'dh', 'h', 'fw', 'jd', 'at']
['ge', 'cw', 'gh', 'eh', 'jv', 'as', 'hi', 'fn', 'dv', 'bg']
['gj', 'bo', 'jm', 'is', 'az', 'fc', 'kg', 'io', 'bb', 'gy']
['hd', 'kb', 'df', 'bn', 'ar', 'q', 'gq', 'kf', 'kd', 'dq']
['hl', 'jw', 'ig', 'cz', 'jx', 'hg', 'dp', 'cv', 'ax', 's']
['ab', 'fd', 'bi', 'ji', 'ha', 'fq', 'bt', 'ht', 'bx', 'hw']
['ac', 'et', 'gp', 'hk', 'aw', 'fs', 'ft', 'al', 'gb', 'hp']
['ad', 'ds', 'gi', 'bm', 'bk', 'hb', 'fm', 'cj', 'r', 'bp']
['am', 'hm', 'de', 'dz', 'cn', 'dg', 'dx', 'cc', 'cb', 'ea']
['bd', 'ke', 'gn', 'eg', 'ex', 'cs', 'ff', 'ap', 'db', 'af']
['be', 'v', 'eo', 'ba', 'bj', 'ho', 'an', 'ga', 'kj', 'e']
['t', 'hr', 'm', 'av', 'dd', 'ir', 'bw', 'z', 'ce', 'gf']
['cp', 'ip', 'bc', 'ca', 'j', 'iz', 'gg', 'dy', 'au', 'jr']
['dj', 'k', 'u', 'di', 'jt', 'cg', 'ih', 'go', 'hc', 'el']
['ev', 'gd', 'gm', 'iw', 'jh', 'ak', 'dr', 'cr', 'ez', 'kn']
['cx', 'l', 'dm', 'dw', 'ja', 'fe', 'ki', 'br', 'hy', 'eu']
['fi', 'dl', 'ii', 'hs', 'ck', 'ix', 'fh', 'he', 'g', 'fo']
['fp', 'fy', 'gw', 'do', 'ej', 'jy', 'jp', 'cd', 'jo', 'cu']
['fr', 'fu', 'ju', 'iq', 'je', 'bz', 'jb', 'iy', 'fk', 'fb']
['hz', 'f', 'ay', 'gt', 'dt', 'hu', 'gl', 'ey', 'im', 'dn']
['it', 'eq', 'gx', 'em', 'en', 'zz', 'ib', 'jk', 'p', 'ct']
['iu', 'in', 'ec', 'co', 'by', 'x', 'hh', 'gs', 'ie', 'jj']
['ee', 'n', 'kh', 'dc', 'hf', 'ae', 'ep', 'y', 'hn', 'js']
['jz', 'fz', 'fx', 'eb', 'kl', 'er', 'da', 'gk', 'jc', 'hq']
['c', 'fl', 'hx', 'cl', 'ai', 'il', 'bh', 'cf', 'iv', 'jf']
['km', 'gu', 'kk', 'if', 'gz', 'gc', 'fj', 'bf', 'ao', 'ew']
['jn', 'gv', 'ik', 'ij', 'cm', 'ic', 'ch', 'fg', 'jq', 'es']
['aj', 'w', 'ag', 'ei', 'b', 'ia', 'cq', 'aq', 'ci', 'ed']
