['Aubine', 'Brandi', 'Cesya', 'Carmel', 'Caro', 'Carlee', 'Cherise', 'Anet', 'Ardene', 'Carrissa']
['Bren', 'Babara', 'Berna', 'Aili', 'Calli', 'Arlina', 'Asia', 'Bunny', 'Angil', 'Beverie']
['Aaren', 'Bernete', 'Amargo', 'Blythe', 'Alissa', 'Chiarra', 'Calida', 'Christal', 'Charleen', 'Carri']
['Abby', 'Caron', 'Carmelita', 'Anne', 'Adorne', 'Chelsy', 'Caryn', 'Aveline', 'Berta', 'Caren']
['Abra', 'Annadiane', 'Christye', 'Astrix', 'Adoree', 'Carolina', 'Berni', 'Agace', 'Bobby', 'Annora']
['Ada', 'Amabel', 'Cal', 'Blancha', 'Penny', 'Alys', 'Babbie', 'Charmion', 'Celestyn', 'Bliss']
['Addi', 'Caril', 'Celie', 'Adelheid', 'Andi', 'Bellanca', 'Analiese', 'Andree', 'Chanda', 'Alverta']
['Arlene', 'Calla', 'Aubrette', 'Barbaraanne', 'Anjela', 'Aurelea', 'Cherilyn', 'Avis', 'Bethany', 'Anni']
['Adelice', 'Cody', 'Augusta', 'Brandise', 'Agnola', 'Carlynn', 'Aile', 'Billi', 'Belita', 'Billy']
['Bridgette', 'Alicea', 'Benita', 'Carole', 'Ara', 'Ambur', 'Alejandra', 'Blanche', 'Bernadine', 'Bamby']
['Bess', 'Carlyn', 'Cariotta', 'Callida', 'Amy', 'Alie', 'Athena', 'Annabel', 'Angela', 'Celestine']
['Aeriel', 'Catherine', 'Auroora', 'Beatrice', 'Betty', 'Ashlie', 'Annelise', 'Caralie', 'Bill', 'Carina']
['Babita', 'Alexi', 'Alexia', 'Bride', 'Betteann', 'Brandea', 'Arliene', 'Catriona', 'Barbabra', 'Catlaina']
['Agatha', 'Camel', 'Candis', 'Bessy', 'Brigida', 'Bettine', 'Christyna', 'Ardra', 'Cammy', 'Cathrine']
['Ardella', 'Allissa', 'Babbette', 'Amanda', 'Annabelle', 'Charyl', 'Bernardine', 'Angel', 'Allegra', 'Casandra']
['Brier', 'Cherye', 'Anallese', 'Bobette', 'Bryna', 'Anthiathia', 'Brittaney', 'Austina', 'Billie', 'Alvira']
['Ailene', 'April', 'Bert', 'Carlye', 'Alyda', 'Carena', 'Catie', 'Bobinette', 'Anastassia', 'Bobbye']
['Audy', 'Brandie', 'Cassondra', 'Athene', 'Chelsey', 'Barbra', 'Babette', 'Casie', 'Caroljean', 'Ashlen']
['Aimil', 'Almeda', 'Benetta', 'Barbey', 'Angelina', 'Ariela', 'Blinnie', 'Christel', 'Annamaria', 'Betti']
['Alanah', 'Anica', 'Ardeen', 'Alisun', 'Cherrita', 'Cassy', 'Christabella', 'Andriana', 'Alikee', 'Bobbie']
['Alayne', 'Carolyn', 'Catlee', 'Charin', 'Allix', 'Anabal', 'Cacilia', 'Candra', 'Carmine', 'Alysa']
['Andrea', 'Bibbie', 'Bobbee', 'Aurore', 'Alix', 'Bunni', 'Cami', 'Binni']
['Alexandrina', 'Ali', 'Cammi', 'Anabelle', 'Anatola', 'Alice', 'Ashli', 'Brigid']
['Annabela', 'Caryl', 'David', 'Bonnee', 'Chiquia', 'Charity', 'Babs', 'Berri']
['Catharine', 'Bertine', 'Cele', 'Angie', 'Charlot', 'Berty', 'Belva', 'Bernardina']
['Cheslie', 'Brandy', 'Anastasia', 'Camella', 'Antoinette', 'Christan', 'Aliza', 'Arlie']
