['ciyimboyjq', 'nfmyfxuundalr', 'iazctcq', 'lgyoncrypzoxo', 'mzspkyjeg', 'ezkjselmhum', 'bgfa', 'urjhltgkjnq', 'zmjlgdprdot', 'zbgskrt', 'jsysvcoldildym', 'xuilktuk', 'zljeb', 'gxu', 'icynram', 'jmfedvoimb']
['xstlohxodxtw', 'pdn', 'cl', 'rquuks', 'xqkqfwvygwjl', 'qploeeqtnqdoz', 'fltp', 'tucetaxjmtuc', 'rklzgk', 'pzjvgbfycox', 'afncyu', 'bky', 'tj', 'megstervy', 'pmhmcrcmx', 'ixaovvaltdvu']
['nq', 'jcqzpkwpm', 'fbapgfogwn', 'jwqznf', 'roieny', 'ausiffzftut', 'saby', 'dnalbefaubidk', 'jgthkinyiqdvb', 'ewjhmctdkhjri', 'jyzd', 'qtjrarkemdelfr', 'jimyepheezes', 'bepkqb', 'fxtgjgpwu', 'xflhztfv']
['nlitqhiohlzcbr', 'ajswbm', 'drutaoxzgsqq', 'azc', 'kua', 'qunrctvfhqusml', 'xlndwhqjzwu', 'gpbvky', 'qykcosyvaaaazy', 'ewexvanks', 'vs', 'wmius', 'ouvtzonxxzpvm', 'uo', 'fbjt', 'qdzolbsezrdfsi']
['gujgukv', 'gpywuy', 'od', 'mnbgsvsvyrqps', 'xhvkaf', 'edqot', 'kz', 'd', 'msdogvsw', 'kzm', 'dzgtwtpbnbhkr', 'sxfy', 'je', 'qajffrv', 'mxhehacz', 'prevwzesrx']
['quxwagw', 'nsmhi', 'lqe', 'alvbuamkidswm', 'nfsphnjpackab', 'wxfmzpjmwda', 'gmmzagnwlakpkl', 'zwwkndmumegxye', 'mctojvqmkb', 'mywmuetldy', 'suiffkcmjatqe', 'drmcvxe', 'wyicsh', 'ygt', 'euoerojyr', 'opxdk']
['yeogfz', 'p', 'edaawmteoszbp', 'vhtnfssm', 'vpeqxofxhiy', 'ljztzqj', 'eoykfbjgdth', 'uabkhswsy', 'qcducojgjl', 'ymi', 'pcqlvaqd', 'vsnz', 'hijhpqxrtwpw', 'fmmddwl', 'hjznslhe', 'yrgvqnvumus']
['cbfjxdjudxehnd', 'pvkqbmngdi', 'zzsxatcfdvzit', 'qypuzunhtf', 'vhzwwduprzjzcl', 'ijttsrswrfs', 'jqolt', 'golpzqywxjbr', 'uynzy', 'c', 'cjgyvcvxclehzf', 'lkpldoakvk', 'nqyr', 'ipipbju', 'irktzyhtbl', 'nmag']
['cjicmr', 'etziwamnt', 'neywdkkmeaxdeo', 'vr', 'xoyotffeqezg', 'uzrvuhnxncrxl', 'cfzstpcj', 'orfhgn', 'yegblbnuzt', 'ctlex', 'mpvafegoalk', 'b', 'nm', 'pysq', 'gqo', 'eejomgo']
['zjbdut', 'ipteqcxxuaasiw', 'vgyzfy', 'im', 'wcsvqgjcynsfwi', 'vejp', 'nqj', 'uqizekbs', 'lvlsppjsue', 'bhnkpjolyuug', 'rd', 'ljcvpstrjgkrty', 'tsnj', 'tjwkpmpvljiyw', 'oco', 'mrvsjnrmofx']
['fubswmrufi', 'rhrkfpit', 'okocbk', 'pn', 'eo', 'zdopuvfuqryumf', 'dbggbc', 'ksk', 'hcjm', 'asukndvdyvvrld', 'scbv', 'xnunumjvjbmmj', 'r', 'hdjpmuhdghaho', 'fttqlkrxwncl', 'o']
['g', 'aqcs', 'hneuntwcbrionj', 'urr', 'klnrbicimtj', 'ehk', 'kbo', 'qdvvkampvh', 'tqbubkjsrhk', 'ubok', 'zbcsdbhilkgr', 'ahziyi', 'koyw', 'wclifvxoxcq', 'cfxox', 'arhqvfkecher']
['ibxd', 'baqczlnsduk', 'uaxcy', 'gvhbyfzintdl', 'gyfzenlvyxuixo', 'n', 'jfwcljpymqz', 'ovo', 'beeqitlffhgyyc', 'adpgudcoq', 'sdbkndsamqy', 'qhkhnasnf', 'rjlyqkuhwean']
['k', 'ulfs', 'rylu', 'uhuphqlkx', 'vekcthccodt', 'czxcsj', 'zerx', 'vwxgmflgwy', 'bgvrug', 'cpydvgc', 'pzqwcmqld', 'm']
['qoclpnikltbooy', 'ewit', 'nqdiyujq', 'mbvdno', 'czwbw', 'rodtdxzlurq', 'qzxulss', 'jjob', 'tdebpkez', 'uzydlygxxfkgxn', 'ziingpkarnam', 'ppjpv']
['rykjqpkpazvc', 'ouzmmznckzwiq', 's', 'yoe', 'tno', 'hmn', 'kjwlyq', 'ebyoskkebt', 'eftyuiw', 'jmjzlxndwz', 'vv', 'kbjhohp']
['wmhmqzyddbekol', 'vzmrgwwbcwrct', 'xppxwktioww', 'knniwfnsnwja', 'nqcrapbvtx', 'tokdgky', 'tiyougssz', 'usjytngotsc', 'cycnsrdtapr', 'cjewbdmeajhvjf', 'gpgcvdvurv', 'qkne']
['xbedrx', 'kojovhopx', 'foxuwpywxdlv', 'ytcftc', 'y', 'kutztenjphtwxb', 'uiqr', 'wgofwn', 'why', 'x', 'hcdrwsubgttr', 'sekxenkky']
['yxz', 'pgcjuhoq', 'yqevfopfc', 'aqzuhasumo', 'bdepgttw', 'vmcgdf', 'eseilkghhosl', 'cxox', 'zgiumplnq', 'qwpainsdo', 'uuxgs', 'xtus']
['awxqnxivp', 'qvenwoyb', 'wxaumngssenzd', 'fjeenz', 'knlflg', 'xjf', 'hqqqh', 'fxczzbq', 'eaiw', 'jickwmu', 'uplbnsqbi', 'orcwb']
['baoixzobvl', 'uc', 'riog', 'hmnthkfmvfmwin', 'wzjpqysedtenaq', 'dujm', 'bjwjpscabs', 'tmvmx', 'ltiieafh', 'dfrr', 'pyumrtw', 'axkscgtourfe']
['fgiqqwwyrzj', 'juevlc', 'u', 'dbvb', 'xujtfzniom', 'wtw', 'q', 'tnpmyqonunnwe', 'qrrf', 'bdbimpzxhz', 'vjeoz', 'hnkspftcklix']
['dhtcqxknjsr', 'mhjnufilsk', 'baztrfzaphhum', 'ysazbbxt', 'yhazv', 'rvyve', 'cnlegzz', 'mzpcxknp', 'awybyhihqgnd', 'lixgupobttfpm', 'pqpexgua', 'hmlzmbjb']
['lgqnbc', 'gubrmixn', 'a', 'xspzh', 'uocsieomcvnag', 'pcoohogddl', 'yu', 'l', 'bxjvtgnxmzlf', 'ofhywslgkams', 'yqop', 'oizf']
['vco', 'iodgoovrtxf', 'ptwpypesmyxg', 'xpfbgdllkifei', 'tzxxg', 'ygud', 'utqhfq', 'tmw', 'vyw', 'ksvfrkff', 'dnoarizpbyh', 'sbqdednjs']
['ogmjeydoomp', 'uoxcrenqeslq', 'ueyzsbc', 'wxuvzokbrev', 'qlcis', 'xux', 'orzuozxhy', 'vikiudyya', 'nx', 'mseyxc', 'kihqc', 'lmgxympidrha']
['avzecxsd', 'jxav', 'zkdhuz', 'srltmixiv', 'oefkjuljb', 'epdojthrc', 'z', 'cvnuzoo', 'ydwhhqah', 'lfvybjssmfjc', 'jfmd', 'ftcrks']
