['TreyLyles', 'WillBarton']
['AlHorford', 'JaysonTatum']
['AnthonyTolliver', 'AndreDrummond']
['GoranDragic', 'JoshRichardson']
['AlJefferson', 'ThaddeusYoung']
['MarcoBelinelli', 'TaureanWallerPrince']
['DwightHoward', 'KembaWalker']
['DamianLillard', 'CJMcCollum']
['TyusJones', 'AndrewWiggins']
['JarellMartin', 'MarcGasol']
['JaylenBrown', 'TerryRozier']
['DeMarDeRozan', 'KyleLowry']
['LouWilliams', 'TobiasHarris']
['PJTucker', 'JamesHarden']
['DariusMiller', 'JrueHoliday']
['JoshHuestis', 'RussellWestbrook']
['ShabazzNapier', 'JusufNurkic']
['TimHardaway', 'CourtneyLee']
['IshSmith', 'StanleyJohnson']
['PatConnaughton', 'AlFarouqAminu']
['MarcinGortat', 'BradleyBeal']
['NemanjaBjelica', 'KarlAnthonyTowns']
['JarrettAllen', 'SpencerDinwiddie']
['AndreRoberson', 'PaulGeorge']
['JuliusRandle', 'KentaviousCaldwellPope']
['ElfridPayton', 'JonathonSimmons']
['JonasJerebko', 'DonovanMitchell']
['HarrisonBarnes', 'YogiFerrell']
['IsaiahTaylor', 'DennisSchroder']
['ETwaunMoore', 'AnthonyDavis']
['TyrekeEvans', 'DillonBrooks']
['EdDavis', 'EvanTurner']
['RudyGay', 'LaMarcusAldridge']
['ErsanIlyasova', 'KentBazemore']
['AmirJohnson', 'BenSimmons']
['TrevorAriza', 'EricGordon']
['DejounteMurray', 'PattyMills']
['MontrezlHarrell', 'DeAndreJordan']
['EvanFournier', 'AaronGordon']
['KellyOlynyk', 'TylerJohnson']
['VictorOladipo', 'BojanBogdanovic']
['JoelEmbiid', 'RobertCovington']
['JeffTeague', 'TajGibson']
['DavidWest', 'KlayThompson']
['EmmanuelMudiay', 'JamalMurray']
['WilsonChandler', 'NikolaJokic']
['NeneHilario', 'ClintCapela']
['WesleyIwundu', 'DJAugustin']
['RondaeHollisJefferson', 'AllenCrabbe']
['DAngeloRussell', 'DeMarreCarroll']
['MarioChalmers', 'JaMychalGreen']
['JoseCalderon', 'LeBronJames']
['CarmeloAnthony', 'StevenAdams']
['DomantasSabonis', 'CoryJoseph']
['JeramiGrant', 'RaymondFelton']
['AustinRivers', 'WesleyJohnson']
['BrynForbes', 'KyleAnderson']
['KhrisMiddleton', 'GiannisAntetokounmpo']
['JonasValanciunas', 'SergeIbaka']
['MichaelBeasley', 'EnesKanter']
['DerrickFavors', 'JoeIngles']
['MarcusSmart', 'KyrieIrving']
['BrookLopez', 'KyleKuzma']
['AlecBurks', 'RickyRubio']
['IanMahinmi', 'OttoPorter']
['DraymondGreen', 'KevinDurant']
['WayneEllington', 'JamesJohnson']
['PascalSiakam', 'JakobPoeltl']
['DennisSmith', 'WesleyMatthews']
['TysonChandler', 'TJWarren']
['AronBaynes', 'MarcusMorris']
['GaryHarris', 'MasonPlumlee']
['GeraldGreen', 'ChrisPaul']
['EricBledsoe', 'TonySnell']
['EkpeUdoh', 'RudyGobert']
['PaulZipser', 'JustinHoliday']
['KostaKoufos', 'BogdanBogdanovic']
['LonzoBall', 'BrandonIngram']
['DwightPowell', 'DirkNowitzki']
['DannyGreen', 'PauGasol']
['ZachRandolph', 'WillieCauleyStein']
['StephenCurry', 'AndreIguodala']
['OGAnunoby', 'FredVanVleet']
['JerrydBayless', 'DarioSaric']
['CJMiles', 'DelonWright']
['MichaelKiddGilchrist', 'MarvinWilliams']
['DewayneDedmon', 'JohnCollins']
['JasonTerry', 'JohnHenson']
['JJBarea', 'MaxiKleber']
['JameerNelson', 'DeMarcusCousins']
['JordanClarkson', 'JoshHart']
['KyleKorver', 'JRSmith']
['BenMcLemore', 'AndrewHarrison']
['TristanThompson', 'JeffGreen']
['TimotheLuwawuCabarrot', 'JJRedick']
['KristapsPorzingis', 'FrankNtilikina']
['SkalLabissiere', 'DeAaronFox']
['ShelvinMack', 'NikolaVucevic']
['JabariParker', 'MalcolmBrogdon']
['DougMcDermott', 'JarrettJack']
['ZazaPachulia', 'NickYoung']
['RichaunHolmes', 'TJMcConnell']
['DanielTheis', 'SemiOjeleye']
['CediOsman', 'KevinLove']
['JeremyLamb', 'NicolasBatum']
['GorguiDieng', 'JimmyButler']
['KyleOQuinn', 'LanceThomas']
['MarkieffMorris', 'KellyOubre']
['RobinLopez', 'DenzelValentine']
['SterlingBrown', 'ThonMaker']
['TroyDaniels', 'DraganBender']
['BismackBiyombo', 'MarioHezonja']
['MalcolmDelaney', 'MikeMuscala']
['GeorgeHill', 'BuddyHield']
['PatrickPatterson', 'AlexAbrines']
['SindariusThornwell', 'BlakeGriffin']
['AveryBradley', 'ReggieBullock']
['FrankKaminsky', 'TreveonGraham']
['ReggieJackson', 'LukeKennard']
['LanceStephenson', 'DarrenCollison']
['RoyceONeale', 'RodneyHood']
['IanClark', 'RajonRondo']
['MarqueseChriss', 'JoshJackson']
['QuincyAcy', 'JoeHarris']
['ShaunLivingston', 'PatrickMcCaw']
['LauriMarkkanen', 'JerianGrant']
['AlexLen', 'DevinBooker']
['DavidNwaba', 'BobbyPortis']
['HassanWhiteside', 'JustiseWinslow']
['JamesEnnis', 'DeyontaDavis']
['RyanAnderson', 'LucMbahaMoute']
['JodieMeeks', 'TomasSatoransky']
['DionWaiters', 'BamAdebayo']
['JoeYoung', 'MylesTurner']
['DanteCunningham', 'NikolaMirotic']
['CristianoFelicio', 'KrisDunn']
['JamalCrawford', 'ShabazzMuhammad']
['DevinHarris', 'SalahMejri']
['JustinJackson', 'GarrettTemple']
['CarisLeVert', 'TylerZeller']
['MikeScott', 'JohnWall']
['CoreyBrewer', 'LarryNance']
['MalikMonk', 'MichaelCarterWilliams']
['TylerUlis', 'JaredDudley']
['SamDekker', 'MilosTeodosic']
['LangstonGalloway', 'DavisBertans']
['MauriceHarkless', 'ZachCollins']
['PaulMillsap', 'TorreyCraig']
['ManuGinobili', 'DwyaneWade']
['JaeCrowder']
