['00C269', '1D4417', 'BE3703', 'F32B0B', 'DE6241', 'E2701A', '400D20', 'D6F426', '8DF985', '1A770B', '865328', '73271F', 'F13455', 'A89402', '273165', 'A4FCD1', '3D046E', '41AFC9', '052CC7', '4BD8B1']
['01E026', 'BA7ED0', '8254EB', 'AF83FA', '9DF876', '4BC7D0', 'A5F27A', 'E492E0', '9D8AD8', 'BC38A8', '49EEB4', 'D65E29', 'B49939', '9B09E5', '45CE10', '83ACF7', '38515C', '82B105', '9330C0', '219F75']
['026256', 'C96CD6', '0264AF', '93D432', '2D4D61', '2B8F4B', 'EB9D60', '9BAC71', '7334F9', '2D56C1', 'B2C27D', '739ABF', '78DB65', '18D668', '7FE1F2', 'D363AB', '3D830C', 'CD5322', '2B3DD7', '3B6837']
['D0E36A', '62BC31', '1E571E', 'CED5FC', 'E8A38A', 'FAB638', 'D2F8E5', 'FC75E7', '26C6B9', '94AED5', '69FD70', '316244', 'B32674', '0231A4', 'C2A74D', '1D9893', '7647CD', '22394B', '5C016B', 'CE0D10']
['029563', '88E0AE', '09CFE9', 'EC35B5', '87EE7F', '5248A9', '414B77', '35DA72', '2E6B38', '1D0C35', '82F466', '20C0D0', '0C3AFF', '60B803', '4DBE20', '5C5B8D', '3963FC', '923B8C', '09FFA6', 'AD6105']
['035E05', '43F505', 'C8F1A7', 'D31361', '206150', '2C02B7', '15AA36', '4BBAFA', '24A4D1', '38EA17', '3E6399', '81DA52', 'FCD63D', 'EEF23E', '71AE93', '4A32EA', 'A4EAD9', '940AC5', 'DFE9C6', '6246E1']
['037831', '05F2DC', '8E8C76', '118FE2', '66C38E', '6E7E64', '2D2248', 'EDB261', '415552', '0E78AA', 'CC08F5', 'C07CCC', 'DB6CBF', 'A1D29E', 'AAAF0B', '1D216B', '1E0B30', '66547C', '85CFC7', 'BB9072']
['03B42D', '39CAB7', 'E1A380', '81A856', '30EA83', '593AF4', '478A7C', 'B13536', '1F4650', '28CCA5', '1656DC', '861E09', 'B6ACFC', '83752D', 'B4257C', 'D98FB6', 'C60FE7', '605983', '26DB4C', 'F2B7FD']
['04279E', '33ABEE', '52FB79', 'D049CD', 'CBE0EA', '6EEE66', '9C4CA5', '068D28', '2B8E0B', '0A3E48', '40C7FF', '5ABFA9', 'EFBA0C', '4EBF50', '88FFF8', '380FF7', '7FADE3', '593840', 'DDA295', '31B17E']
['0525B9', 'EB90EE', 'C69699', 'D324E7', 'D78522', '9ABAFB', '5A5DE8', 'C0EA59', 'E93252', '5451FF', 'DBDDB5', '7848BA', '54C37C', '1600AD', '9C5DCF', '5C0D69', '7AADBC', '326662', '1866E0', 'D8492F']
['160ED4', 'BA6187', '992AEE', '49EB71', 'B56D74', 'B2A692', 'B8B01F', 'B2CB4D', '7F8E1D', '463E2C', '1986A0', '3D4600', '1B06C5', '833C34', 'FBB00D', '09944C', '468F31', '364B78', '57FCD8', '29BFBC']
['05473A', '10BBE1', 'A0DDCD', '3228BB', '5332A9', '26B294', 'F61AD7', '89372A', 'D6DD9E', 'E479C8', 'FB3B86', '78E144', 'FF3177', 'F9011B', '8ECA84', '2DE42A', 'C748A2', 'E4F6EF', '77B9A5', '34E9FE']
['36FCBF', 'CD374A', '3EF396', '25B295', '369765', 'C34593', 'AB96B9', '5F88E7', '5C4F81', '7B306C', 'D78532', '31B801', '0FE5DD', 'EC2626', 'CC66B0', 'F28C7F', 'B4BD91', 'CB5EDA', 'E4C3BA', '6E3DED']
['FCB503', '5D4F2F', '82BD08', 'E9F19A', '92C42A', '7B325B', '29267F', '3FAE1E', '0D6A28', '6C1A62', '8EC8D8', '4D74EB', 'B78EF9', '75002A', 'B00B7F', 'C1CAB9', 'E8C5B8', '0AC7A0', '4AC817', 'F7F9CB']
['FD1DAC', '565E46', '292CB3', '177A03', 'D50881', '2F584A', '77EB41', '72D023', '420711', 'C0A19A', 'F85131', '113E1F', 'DCB902', '1D39ED', 'F545E1', '1FBE40', 'D9180C', '6833E8', '511040', '26DA83']
['0AFD91', '4C0FCD', '539972', '9C4F00', 'F9EB1F', 'C19610', '5A681E', 'C9EF6D', '4FCF52', '4C1D36', '848C87', '244528', '6DCBC8', '4AE7C7', '189812', 'EB7E6A', 'D883C0', '5ADC6D', '0FC6EE', 'D79D49']
['0B99EF', 'A4F4BB', '255208', '0E6FA7', '943005', '9FCB42', '1CAAAC', '935873', '8D43AD', 'CA893B', '29D22B', 'A03FB7', 'E191B0', '5B4152', '8AC55C', '8806E7', '5D5C76', '4430C2', 'B166D1', 'E3583F']
['0C4437', 'CC9A13', '66F8EA', '56B4C2', '42EE34', '1C3933', '76131B', 'D2BDB6', '90E78E', '846154', '5C91EE', '89A551', '503A55', 'D83AF7', 'E81232', '81A0D3', '77042F', '97D861', '747199', '94C20E']
['B6FA16', '628552', '5BEDDF', 'FECCAB', 'B85F11', '19EFAF', '46371B', '74ADA7', '608F21', '3F75A9', '601CA7', '14A3E7', '3235BA', 'F448AE', 'EED7BB', '1350AD', '187923', '9923B4', '31C6A3', '73F93C']
['F1DB81', '3E7F60', '95F017', '81E0FA', 'F33ACF', 'D8849E', 'E0044F', 'E277CB', 'F4C13E', '3CB50A', 'EF37A6', 'D2EB79', '9C0B9D', 'B38307', '5AF312', '8F75EC', '1743CD', 'AC34B5', 'C3678B', 'C5416A']
['E46F9E', 'FD33F7', '1DD8D0', '47063A', '823C51', 'E15D93', 'FE7E47', '6AFCAC', '5E2607', '552199', 'D8A834', '98B1CA', 'FFD642', '398310', '8963E1', 'F8B91A', 'BB986B', 'E7EFA5', '99392B', '7C730C']
['2E4B9D', 'CC4384', '2BEC39', '7D4045', '75C017', '51197D', '18AEFC', '58ED2B', '882258', '8FF839', '696B37', 'FBF275', '929578', 'F37211', '9D6554', 'A34095', 'DF44F5', '1330B3', '5BC875', '718436']
['2961DB', '80F9BC', 'EE9200', '4E8355', '9CE56C', '6D4C8F', '920715', '770A4C', '917501', 'B0C2D3', '2EDC82', '43FE78', '6C5208', '2215AE', '5A3E90', 'B2C529', '099A40', 'E1B665', 'BCD2F5', 'DF5F9C']
['A911EF', '6D4DDC', 'B0F05D', '52BFE5', '3A0D10', 'E77DD8', 'C54164', '1D528C', '7CC3A7', 'E33128', 'ABE83F', 'F1B367', 'F4EDF8', '8883AC', 'D0E5BE', '55B952', '672145', '6C3CD5', '34ACF3', '2F46CD']
['BE5B1D', '0CFFC9', 'DBF47C', '30C157', '00CD58', '71AC6D', '99E133', 'DDB7C8', '6BF4D3', '1F6554', 'EB3718', 'F3EDD7', '5E4F6B', 'C4882F', '8BEC15', '66B93A', '2819EE', '98497D', '893D61', '7C8A3D']
