['Stefa', 'Orsa', 'Tiphanie', 'Emelda', 'Estele', 'Karie', 'Daphene', 'Morena', 'Corinne', 'Carla', 'Kiele', 'Camala', 'Bridgette', 'Casi', 'Diane']
['Marlie', 'Inga', 'Charita', 'Rhodia', 'Agnese', 'Tiffany', 'Claudie', 'Adriane', 'Dotti', 'Fania', 'Reggi', 'Lorain', 'Maxie', 'Helyn', 'Bernice']
['Teddi', 'Marcie', 'Moyna', 'Kittie', 'Row', 'Beatrice', 'Jaynell', 'Vanni', 'Dee', 'Monique', 'Cristabel', 'Bekki', 'Meggi', 'Dyane', 'Allene']
['Sheila', 'Paulina', 'Brigitte', 'Clarissa', 'Kathleen', 'Avivah', 'Shanie', 'Sileas', 'Alia', 'Erminia', 'Quintana', 'Neile', 'Caryn', 'Idelle', 'Patty']
['Anabelle', 'Rowena', 'Joelly', 'Carroll', 'Roslyn', 'Austina', 'Doroteya', 'Kathy', 'Hedwiga', 'Mariellen', 'Roxane', 'Kathryn', 'Jesse', 'Rosamond', 'Adiana']
['Gianina', 'Kara', 'Harriet', 'Katti', 'Anastassia', 'Noreen', 'Addi', 'Silva', 'Georgiana', 'Rosana', 'Ulrike', 'Colline', 'Mechelle', 'Briny', 'Tani']
['Ranice', 'Drusy', 'Gaby', 'Winifred', 'Willi', 'Cherilynn', 'Leda', 'Missy', 'Debora', 'Tarra', 'Dominica', 'Rita', 'Yetta', 'Tim', 'Millisent']
['Chelsy', 'Cheslie', 'Livy', 'Ruperta', 'Agneta', 'Marijo', 'Charmine', 'Vicky', 'Oralee', 'Gae', 'Ronnica', 'Melinde', 'Starlin', 'Fawnia', 'Lulu']
['Else', 'Alexandrina', 'Estella', 'Yovonnda', 'Clemence', 'Kaitlynn', 'Eran', 'Frankie', 'Agnes', 'Jen', 'Kaitlin', 'Georgeanne', 'Jolie', 'Brittan', 'Clemmie']
['Dita', 'Lesly', 'Dorine', 'Veradis', 'Gale', 'Anabel', 'Athena', 'Peg', 'Nelie', 'Gabbie', 'Kellie', 'Sada', 'Andromache', 'Lotte', 'Risa']
['Flory', 'Sandie', 'Mair', 'Cristen', 'Andie', 'Malva', 'Erica', 'Elvera', 'Netty', 'Marlena', 'Agatha', 'Brunhilda', 'Catha', 'Myrtle', 'Jemie']
['Doris', 'Josepha', 'Nedda', 'Nancie', 'Brook', 'Rosene', 'Pammy', 'Corly', 'Stormi', 'Collete', 'Janice', 'Marris', 'Johanna', 'Mirna', 'Xylina']
['Lira', 'Stesha', 'Idalina', 'Vonni', 'Rhody', 'Gavra', 'Yoshi', 'Cindie', 'Julie', 'Sile', 'Conchita', 'Yolanda', 'Latisha', 'Krissy', 'Demetria']
['Allie', 'Shirl', 'Carri', 'Shoshana', 'Birgitta', 'Laverne', 'Sadye', 'Hortense', 'Mei', 'Brear', 'Sofie', 'Ingunna', 'Cassondra', 'Gwennie', 'Angelica']
['Noell', 'Rivkah', 'Della', 'Belle', 'Fredericka', 'Anabal', 'Mella', 'Lyda', 'Bonita', 'Britteny', 'Delly', 'Dena', 'Nissie', 'Matilde', 'Selinda']
['Nanon', 'Eve', 'Melloney', 'Lorena', 'Tallie', 'Faythe', 'Arlee', 'Lorie', 'Edith', 'Diahann', 'Lani', 'Eulalie', 'Fernande', 'Madelena', 'Natalya']
['Korney', 'Nicoli', 'Paige', 'Kania', 'Tamara', 'Annice', 'Lydie', 'Stephannie', 'Kellsie', 'Anette', 'Marcella', 'Desiri', 'Leanora', 'Lynnet', 'Gerry']
['Cristionna', 'Sherrie', 'Joanna', 'Britney', 'Nicki', 'Valli', 'Eolanda', 'Alyson', 'Martina', 'Thia', 'Haley', 'Cathryn', 'Antonietta', 'Randie', 'Zenia']
['Oliy', 'Opal', 'Ramonda', 'Tanitansy', 'Jessamyn', 'Aviva', 'Tamra', 'Marisa', 'Marabel', 'Mufinella', 'Vinni', 'Fran', 'Zulema', 'Amalee', 'Euphemia']
['Lisette', 'Sonni', 'Jacqui', 'Sula', 'Serena', 'Cassandra', 'Kala', 'Jorrie', 'Ansley', 'Bertie', 'Tiffy', 'Terese', 'Babara', 'Maddalena', 'Danni']
