['Erminia8', 'Oretta5', 'Karim8', 'Odino6', 'Albino1', 'Laura1', 'Italo5', 'Ian2', 'Giulietta7', 'Cira7', 'Osea1', 'Xavier5', 'Cassiopea8', 'Cesidia8', 'Diamante6', 'Celeste3', 'Caio6', 'Mariagiulia3', 'Damiana2', 'Santo9']
['Benedetta1', 'Lidia4', 'Cleros2', 'Pablo7', 'Benedetta4', 'Michael4', 'Guido1', 'Cleopatra8', 'Osvaldo5', 'Marina6', 'Loretta1', 'Alberto5', 'Adriano0', 'Danuta0', 'Anastasio3', 'Ercole1', 'Costanzo6', 'Tommaso8', 'Cleros6', 'Dylan9']
['Bettino8', 'Arduino8', 'Sue2', 'Fiorentino3', 'Silvano4', 'Isabel6', 'Miriam8', 'Leonardo1', 'Fabio8', 'Clodovea1', 'Ermes9', 'Ione9', 'Giordano5', 'Gianantonio3', 'Alessandro3', 'Amedeo5', 'Luce6', 'Ferdinando0', 'Mauro7', 'Jelena1']
['Romeo2', 'Jarno1', 'Odone4', 'Sabatino1', 'Concetta9', 'Liborio4', 'Carmela6', 'Sebastian2', 'Umberto0', 'Furio5', 'Armando5', 'Terzo7', 'Rita6', 'Pacifico0', 'Eusebio3', 'Miriana4', 'Joshua0', 'Armando8', 'Siro3', 'Maggiore2']
['Augusto8', 'Elio8', 'Demis2', 'Mattia1', 'Rosalino0', 'Rebecca2', 'Anastasio7', 'Battista3', 'Concetta1', 'Giovanna5', 'Pietro1', 'Mietta0', 'Priamo0', 'Pablo9', 'Kayla9', 'Gerlando9', 'Donatella7', 'Cleopatra5', 'Davide1', 'Rebecca6']
['Cleopatra7', 'Giobbe6', 'Siro8', 'Brigitta8', 'Teseo4', 'Osea9', 'Tolomeo6', 'Loredana6', 'Filomena3', 'Piersilvio3', 'Costantino7', 'Mariagiulia0', 'Fabiano1', 'Edilio6', 'Marcella3', 'Gregorio2', 'Elsa1', 'Miriam7', 'Celeste4', 'Antonino6']
['Ethan7', 'Valdo2', 'Mecren5', 'Fabiano3', 'Max1', 'Maggiore3', 'Thea4', 'Marieva8', 'Lauro3', 'Ermes4', 'Mattia9', 'Anselmo8', 'Michael9', 'Giorgio6', 'Umberto9', 'Nestore8', 'Gelsomina6', 'Giulio2', 'Timoteo5', 'Monia8']
['Costanzo4', 'Filomena4', 'Elda4', 'Valdo9', 'Miriana9', 'Rosita1', 'Ariel9', 'Rosaria8', 'Emidio9', 'Amedeo6', 'Odino9', 'Maika9', 'Primo1', 'Romeo4', 'Carlo1', 'Penelope5', 'Claudia1', 'Oreste0', 'Carmela3', 'Brigitta5']
['Manfredi5', 'Ludovico2', 'Prisca2', 'Bortolo9', 'Mietta2', 'Fatima9', 'Noel4', 'Sarita7', 'Iacopo2', 'Gianriccardo3', 'Thea5', 'Tazio7', 'Giorgio3', 'Mietta1', 'Caligola0', 'Lisa0', 'Kris2', 'Eriberto9', 'Claudia6', 'Artes8']
['Miriana7', 'Enrico1', 'Genziana8', 'Odone9', 'Kai5', 'Matilde9', 'Pacifico5', 'Renzo5', 'Sibilla4', 'Loris4', 'Sirio1', 'Maruska3', 'Gaetano5', 'Renato5', 'Muzio8', 'Joshua3', 'Siro0', 'Carmelo4', 'Enzo7', 'Amerigo1']
['Amerigo5', 'Eustachio2', 'Jole3', 'Eustachio1', 'Ercole9', 'Deborah2', 'Tristano5', 'Quarto3', 'Vania2', 'Mirko6', 'Marina7', 'Tristano8', 'Sesto8', 'Sesto2', 'Ercole2', 'Walter1', 'Nestore5', 'Flaviana6', 'Luigi7', 'Caligola7']
['Maika6', 'Domiziano7', 'Vera2', 'Marianita8', 'Odone8', 'Osea0', 'Folco8', 'Mecren9', 'Evangelista9', 'Olimpia3', 'Folco4', 'Noah0', 'Joseph7', 'Vania3', 'Isabel1', 'Mariagiulia4', 'Eliziario6', 'Quasimodo0', 'Jacopo4', 'Fiorenzo1']
['Marina4', 'Sasha7', 'Cleros4', 'Mattia6', 'Secondo0', 'Irene7', 'Orfeo1', 'Eusebio6', 'Soriana6', 'Anselmo3', 'Xavier7', 'Assia0', 'Radames4', 'Trevis8', 'Fatima2', 'Eriberto7', 'Egisto1', 'Nathan9', 'Elsa0', 'Assia4']
['Ettore0', 'Luce0', 'Oretta9', 'Lauro5', 'Orfeo5', 'Laerte0', 'Ruth1', 'Mirko4', 'Davide8', 'Edilio2', 'Erminio9', 'Alessio7', 'Ulrico6', 'Leonardo0', 'Marcella4', 'Marianita5', 'Enzo0', 'Umberto6', 'Edipo5', 'Moreno5']
['Emanuel7', 'Patrizio4', 'Jari2', 'Ercole8', 'Walter7', 'Giorgio2', 'Timoteo4', 'Fabio9', 'Erminia5', 'Lazzaro2', 'Lamberto6', 'Adriano1', 'Siro2', 'Primo3', 'Nathan3', 'Aroldo4', 'Cassiopea9', 'Nico6', 'Nestore3', 'Ludovico9']
['Arduino5', 'Enzo3', 'Marzio4', 'Marcella0', 'Marzio6', 'Erminia2', 'Lidia0', 'Audenico0', 'Nicoletta3', 'Ursula5', 'Kayla3', 'Folco3', 'Caio2', 'Rosolino0', 'Eriberto1', 'Mariagiulia9', 'Radames1', 'Gianmaria7', 'Guendalina3', 'Nestore4']
['Cirino1', 'Cosetta2', 'Orfeo9', 'Benedetta5', 'Ubaldo2', 'Dante5', 'Karim1', 'Folco0', 'Gianriccardo2', 'Bortolo5', 'Fortunata6', 'Marvin0', 'Fortunata0', 'Zelida4', 'Lia2', 'Marino4', 'Secondo5', 'Gianleonardo6', 'Ilario9', 'Rosalba1']
['Ferdinando6', 'Ubaldo1', 'Gianantonio5', 'Rosalino2', 'Penelope7', 'Matteo9', 'Iacopo1', 'Santo3', 'Luigi4', 'Elga3', 'Akira3', 'Orfeo7', 'Cleros7', 'Gavino8', 'Demis1', 'Elio3', 'Nico1', 'Violante6', 'Loredana0', 'Gianantonio6']
['Vinicio8', 'Arcibaldo8', 'Concetta5', 'Erminio4', 'Demi6', 'Joannes5', 'Ivano3', 'Joseph3', 'Gilda5', 'Gilda2', 'Amedeo1', 'Gioacchino6', 'Ian0', 'Sarita4', 'Marzio5', 'Marzio7', 'Radames7', 'Samira6', 'Monia6', 'Arturo8']
['Demis3', 'Kris3', 'Serse1', 'Bettino1', 'Ethan3', 'Quirino1', 'Bibiana4', 'Laerte9', 'Tancredi4', 'Antonio9', 'Cassiopea3', 'Loretta4', 'Trevis3', 'Laerte5', 'Rosalba8', 'Tancredi6', 'Laura9', 'Baldassarre3', 'Sirio6', 'Gaetano4']
['Fiorenzo8', 'Ausonio0', 'Cleros5', 'Raoul7', 'Timoteo9', 'Giancarlo3', 'Rufo5', 'Marino8', 'Hector0', 'Alan9', 'Sesto4', 'Lidia6', 'Giacinto6', 'Damiana9', 'Piersilvio0', 'Samira4', 'Leonardo7', 'Tolomeo0', 'Gioacchino7', 'Noah6']
['Danthon5', 'Jacopo3', 'Fatima0', 'Fiorenzo7', 'Walter3', 'Avide3', 'Nestore7', 'Enzo6', 'Siro9', 'Michele7', 'Ethan9', 'Folco6', 'Lino4', 'Alighiero7', 'Rebecca5', 'Rodolfo9', 'Nazzareno0', 'Prisca3', 'Lorenzo9', 'Nayade9']
['Primo9', 'Sebastian4', 'Bibiana6', 'Nabil5', 'Demi9', 'Raniero0', 'Fernando8', 'Diamante4', 'Mariano0', 'Marianita7', 'Guido6', 'Cleopatra1', 'Modesto4', 'Rocco9', 'Ileana5', 'Sasha9', 'Pierfrancesco0', 'Tazio1', 'Gregorio7', 'Davide5']
['Marieva7', 'Jack2', 'Renzo6', 'Elga8', 'Ercole4', 'Edilio5', 'Doriana2', 'Gianmarco5', 'Emanuel1', 'Nathan2', 'Deborah9', 'Trevis2', 'Nestore6', 'Giovanna3', 'Graziano0', 'Elda2', 'Orfeo4', 'Liborio8', 'Edipo4', 'Giacobbe7']
['Dante0', 'Italo9', 'Clodovea2', 'Priamo8', 'Sabino2', 'Emanuel3', 'Cira8', 'Sue0', 'Marianita1', 'Deborah4', 'Zaccaria2', 'Armando0', 'Tancredi5', 'Sandro2', 'Jari0', 'Alighieri1', 'Alessio3', 'Anselmo9', 'Azue3', 'Antimo9']
