['Kathlin', 'Thomasina', 'Mariette', 'Kata', 'Anjanette', 'Sara', 'Coral', 'Maddalena', 'Thalia', 'Reeva', 'Lila', 'Neilla', 'Denyse', 'Pia', 'Debbie', 'Sheena', 'Jeannette', 'Katha', 'Faith']
['Di', 'Reta', 'Zita', 'Eadie', 'Brandise', 'Tersina', 'Lois', 'Drucill', 'Leilah', 'Raine', 'Giralda', 'Valerie', 'Cynde', 'Bell', 'Blake', 'Heidie', 'Betteanne', 'Janey', 'Sayre']
['Billy', 'Elinor', 'Janette', 'Jeannine', 'Devinne', 'Avivah', 'Idalina', 'Rasla', 'Ondrea', 'Rosina', 'Madonna', 'Valentine', 'Evvy', 'Amabel', 'Christabel', 'Jenna', 'Starr', 'Honey', 'Johnette']
['Meris', 'Alyce', 'Licha', 'Garland', 'Gerianna', 'Lorraine', 'Pandora', 'Hyacinth', 'Bria', 'Herminia', 'Mareah', 'Lynnett', 'Zoe', 'Shay', 'Clari', 'Randene', 'Pavla', 'Andriette', 'Ellie']
['Corinna', 'Carlye', 'Stepha', 'Deeann', 'Bobbie', 'Arliene', 'Charis', 'Cate', 'Lia', 'Lori', 'Chelsea', 'Meggy', 'Susi', 'Lisabeth', 'Patti', 'Edeline', 'Madelin', 'Libby', 'Pippy']
['Patience', 'Jeannie', 'Serena', 'Analise', 'Shelia', 'Megan', 'Rachel', 'Tybi', 'Nelia', 'Saundra', 'Milena', 'Roseann', 'HelenElizabeth', 'Cammie', 'Karlotta', 'Christina', 'Fayth', 'Myrilla', 'Dulcie']
['Ray', 'Oliy', 'Magdaia', 'Prudi', 'AnnaDiana', 'Goldina', 'SheilaKathryn', 'Evangeline', 'Tanya', 'Vilma', 'Maryl', 'Tova', 'AnnaDiane', 'Toni', 'Biddie', 'Mariejeanne', 'Emmy', 'Nolana', 'Phil']
['Corella', 'Ivie', 'Tessy', 'Marylou', 'Jasmin', 'Andree', 'Kalindi', 'Delila', 'Ardenia', 'Rebbecca', 'Loria', 'Tressa', 'Lita', 'Elisabet', 'Goldi', 'Geri', 'Edi', 'Rosalind', 'Almeda']
['Allsun', 'Katleen', 'Jeniffer', 'Libbi', 'Shayne', 'Gigi', 'Brynna', 'Philomena', 'Kinna', 'Bibbie', 'Emelina', 'Vi', 'Lorrin', 'Jaclyn', 'Cristina', 'Henriette', 'Melodie', 'Dulcia', 'Bessy']
['Jsandye', 'Brigid', 'Lillis', 'Gayle', 'Moyra', 'Sheree', 'Erinna', 'Barbe', 'Caryn', 'Lacey', 'Dana', 'Sherline', 'Jennica', 'Gerrilee', 'Jessika', 'Callie', 'Fayina', 'Nerissa', 'Donella']
['Genna', 'Jada', 'Jess', 'Riannon', 'Giselle', 'Stefa', 'Elayne', 'Paulette', 'Tiffani', 'Siusan', 'Ethelind', 'Misti', 'Maryjo', 'Heather', 'Kay', 'Vickie', 'Alvina', 'Gwendolen', 'Camille']
['Jeralee', 'Bonnee', 'Veronike', 'Anya', 'Brandie', 'Harrie', 'Minnnie', 'Ardine', 'Lettie', 'Nevsa', 'Idell', 'Silva', 'Cordie', 'Ula', 'Nadine', 'Phedra', 'Eve', 'Kerstin', 'Lauretta']
['Toma', 'Tatiana', 'Shelby', 'Frankie', 'Joly', 'Gabriell', 'Nora', 'Freda', 'Robena', 'Carree', 'Kania', 'Lyn', 'Sophie', 'Geralda', 'Lina', 'Livia', 'Shayna', 'Madalena']
['Helenka', 'Inna', 'Genni', 'Gaynor', 'Koressa', 'Reggi', 'Joycelin', 'Uta', 'Madelyn', 'Kassia', 'Feliza', 'Therine', 'Sharron', 'Dianna', 'Kaylyn', 'Laverna', 'Winifred']
['Lorena', 'Suellen', 'Laverne', 'Joleen', 'Tamarah', 'Chris', 'Fredelia', 'Leora', 'Shelli', 'Marice', 'Carmelia', 'Karol', 'Henrietta', 'Nicoli', 'Dayle', 'Verina', 'Kippy']
['Clemmie', 'Wilow', 'Jaime', 'Marcia', 'Darcee', 'Jacquenette', 'Marla', 'Kristin', 'Laraine', 'Marley', 'Costanza', 'Coretta', 'Tamarra', 'Natala', 'Joannes', 'Kylen', 'Erma']
['Marlyn', 'Jolie', 'Imogen', 'Danell', 'Jane', 'Lanni', 'Neila', 'Lorinda', 'Cordy', 'Tresa', 'Hendrika', 'Daisi', 'Esmaria', 'Lilla', 'Laura', 'Annalee', 'Jessamyn']
['Miquela', 'Anthe', 'Ginger', 'Eddi', 'Cayla', 'Mehetabel', 'Tammy', 'Kora', 'Dulcea', 'Liz', 'Paulina', 'Penny', 'Linette', 'Shani', 'Lavinia', 'Matilda', 'Essa']
['Sheeree', 'Emilee', 'Terra', 'Rosene', 'Ashli', 'Jobina', 'Sharla', 'Grazia', 'Annie', 'Constantia', 'Catina', 'Pansie', 'Lisbeth', 'Raye', 'Ashlen', 'Vin', 'Leona']
['Kelcey', 'Constantina', 'Kacey', 'Renae', 'Melva', 'Isabelle', 'Amitie', 'Flori', 'Natalina', 'Rozanna', 'Sallyanne', 'Cinnamon', 'Lona', 'Kellen', 'Midge', 'Courtnay', 'Marjie']
['Shaina', 'Sue', 'Kettie', 'Noelyn', 'Jodi', 'Rosalinde', 'Laurice', 'Mina', 'Kial', 'Una', 'Ealasaid', 'Nomi', 'Keri', 'Christin', 'Lindsy', 'Emmalynne', 'Sofia']
['Jorey', 'Nerta', 'Brynne', 'Hatty', 'Laureen', 'Trude', 'Marigold', 'Aubrette', 'Deny', 'Cecelia', 'Cory', 'Lorna', 'Ashely', 'Susana', 'Natka', 'Dolores', 'Pierrette']
['Yalonda', 'Willabella', 'Renelle', 'Zorana', 'Harriett', 'Cherry', 'Eula', 'Karisa', 'Gussy', 'Debby', 'Paula', 'Kiersten', 'Romonda', 'Chrystel', 'Martguerita', 'Brenn', 'Merrielle']
['Raven', 'Sephira', 'Wilone', 'Tilda', 'Vallie', 'Vanessa', 'Sibylle', 'Gwenette', 'Trista', 'Crystie', 'Barbaraanne', 'Mable', 'Tanhya', 'Vivia', 'Erna', 'Viva', 'Vonny']
['Katalin', 'Claudina', 'Wendeline', 'Carline', 'Corey', 'Merline', 'Phillis', 'Camilla', 'Ortensia', 'Pollyanna', 'Clemmy', 'Mia', 'Siobhan', 'Fawne', 'Sheilah', 'Tobi', 'Arleyne']
