['ADF', 'AGQ', 'ACP', 'ADN', 'AEE', 'AEJ', 'AGG', 'AGL', 'AHE', 'ARN', 'AKP', 'ASE', 'AQG', 'ATE', 'AKW', 'APV', 'AOV', 'APQ']
['AGO', 'ACA', 'AAQ', 'AAT', 'AMH', 'ATV', 'AFK', 'AIE', 'APR', 'AES', 'AHS', 'APF', 'AJG', 'APC', 'ARP', 'ATK', 'APW', 'ARG']
['AHI', 'AFN', 'ABI', 'ADH', 'AEV', 'ASN', 'ALQ', 'AGH', 'AGC', 'ALS', 'AQH', 'ATJ', 'AIY', 'ALT', 'AJK', 'ATW', 'AIB', 'AIU']
['ALA', 'ATB', 'AAA', 'AAI', 'AAM', 'ACY', 'AHU', 'AII', 'AIL', 'AJJ', 'AOB', 'ASQ', 'AGK', 'ANK', 'AQO', 'ADR', 'AMG', 'AJF']
['AMJ', 'AOH', 'ABY', 'AFG', 'AFJ', 'AFT', 'AGV', 'AGW', 'AHB', 'AKR', 'ALW', 'ANR', 'ANQ', 'ARI', 'AME', 'AOE', 'AMF', 'AOQ']
['ANH', 'AGD', 'ABV', 'ACT', 'AFC', 'AHQ', 'AQK', 'AQD', 'AMT', 'AHW', 'AHN', 'ANW', 'AHL', 'AOY', 'AKD', 'AKG', 'ANV', 'APH']
['ASW', 'ABR', 'AEF', 'AGM', 'AIK', 'AKM', 'AMW', 'ANL', 'APJ', 'AQI', 'ARR', 'ATQ', 'ATG', 'ABS', 'ASB', 'ASD', 'ATD', 'AQY']
['AAB', 'ATH', 'AKX', 'AJM', 'AOA', 'AIM', 'AMS', 'AAV', 'AOR', 'ARK', 'AGI', 'AMV', 'AIA', 'AFB', 'ADX', 'AFW', 'APM', 'ARL']
['AAC', 'AFD', 'ARB', 'ACI', 'AEU', 'ANN', 'ADE', 'ABT', 'ATA', 'ALC', 'AAY', 'ATO', 'AOX', 'ARE', 'ASL']
['AAD', 'AIN', 'APT', 'AQR', 'AHM', 'ACS', 'ABD', 'AEI', 'AFA', 'APG', 'AEQ']
['AAE', 'ASY', 'AKY', 'ALH', 'ANA', 'AFI', 'ADU', 'ALB', 'ADY', 'AMC', 'ASU']
['AAF', 'APO', 'AFQ', 'AJA', 'AFU', 'ARC', 'APU', 'AJY', 'AIH', 'AKA', 'ALK']
['AAG', 'ANF', 'AKB', 'AFM', 'AHK', 'ASG', 'AHG', 'AEW', 'AHT', 'AHC', 'ANC']
['AAH', 'APN', 'AFL', 'ABJ', 'AHO', 'ABN', 'ABG', 'ADP', 'ASF', 'AQU', 'AMQ']
['AGR', 'ABK', 'ABO', 'ADQ', 'ADV', 'AEA', 'APP', 'ALV', 'AMO', 'ARA', 'AQQ']
['AAJ', 'ATF', 'ASS', 'AHA', 'AIQ', 'AGE', 'ALG', 'AKL', 'AEL', 'AGN', 'ADB']
['ADS', 'ABL', 'AQF', 'AQV', 'AJV', 'AFE', 'ART', 'AJS', 'AJW', 'ALI', 'AGP']
['AAN', 'AAK', 'AKI', 'AEP', 'ABE', 'ASR', 'AEY', 'ANB', 'ALX', 'AHJ', 'AJP']
['AMU', 'ABW', 'AED', 'AHD', 'AHV', 'AIF', 'AIO', 'AJI', 'ALE', 'ALO', 'ARO']
['AAR', 'ABX', 'ANO', 'AKO', 'AAW', 'AJR', 'ACF', 'AGF', 'ARQ', 'ASX', 'ACD']
['AAS', 'AHY', 'APD', 'ARW', 'AML', 'AGA', 'ACN', 'AQX', 'AOS', 'AGT', 'AHP']
['AGJ', 'ABQ', 'ACX', 'AFF', 'AFO', 'AFS', 'ANU', 'ATI', 'ARF', 'AKE', 'ASM']
['AAU', 'ACO', 'API', 'AER', 'AET', 'ALF', 'AMB', 'AMI', 'AND', 'ANI', 'ANM']
['ARV', 'ACC', 'ACQ', 'ADA', 'AEM', 'AGY', 'AMA', 'AMN', 'APB', 'APX', 'ATT']
['ATS', 'ADT', 'AFP', 'AGX', 'AHR', 'AKF', 'AKQ', 'ALM', 'ANY', 'AOF', 'AQA']
['AAX', 'ABB', 'AJO', 'AFH', 'ACM', 'ASA', 'AKJ', 'AMX', 'AJD', 'ARD', 'AQW']
['AIW', 'ACH', 'ADD', 'ADI', 'AEK', 'AIR', 'ATY', 'ARH', 'AOM', 'ARM', 'ALL']
['ABA', 'ACK', 'AKN', 'ACV', 'AKU', 'ASC', 'AQB', 'AEB', 'ABC', 'AQT', 'AKC']
['AEG', 'AAO', 'ADM', 'AKS', 'AMM', 'ALP', 'AIX', 'AIJ', 'AOO', 'ATM', 'AOP']
['AQE', 'AKT', 'ALJ', 'ANJ', 'AJC', 'AQJ', 'AEH', 'AJU', 'ABH', 'ADW', 'AEX']
['APE', 'ABF', 'ABU', 'ACE', 'ACJ', 'ADK', 'ADO', 'AJB', 'AJQ', 'ALD', 'AMK']
['ARS', 'AOU', 'ADG', 'ACR', 'ACU', 'ATC', 'AOI', 'AQP', 'ANS', 'AJN', 'AJL']
['AJE', 'ABP', 'ADJ', 'AGS', 'AIP', 'ALN', 'ATX', 'ASI', 'APS', 'APA', 'APY']
['ANP', 'AJX', 'ATP', 'ASO', 'AAP', 'AFR', 'ALU', 'AMP', 'ANE', 'ANG', 'AOD']
['AMY', 'ACW', 'ADL', 'AEC', 'AFX', 'AIS', 'ALY', 'AMD', 'AQC', 'AOK', 'ATN']
['AQN', 'AQS', 'APL', 'AOC', 'AKV', 'AAL', 'ABM', 'AEO', 'AID', 'AIV', 'ARX']
['AIC', 'ACL', 'ADC', 'AEN', 'AFV', 'AHF', 'ANX', 'ASV', 'ASK', 'AOG', 'AKH']
['ASH', 'AGB', 'AGU', 'AJH', 'AKK', 'ANT', 'AON', 'ARU', 'AST', 'AFY', 'AIT']
['ASJ', 'ARY', 'AHX', 'ACG', 'AJT', 'ATR', 'AQM', 'AIG', 'AQL', 'AOL', 'ATL']
['AOT', 'AOJ', 'ASP', 'AOW', 'ATU', 'ARJ', 'AMR', 'APK', 'ALR', 'ACB', 'AHH']
