['Marilyn', 'Ryan', 'Juan', 'Ellis', 'Tommy', 'Marcella', 'Tuan', 'Jane', 'Lloyd', 'Joanne', 'Charlotte', 'Veronica', 'Deborah', 'Kenneth', 'Cornelius', 'Kellie', 'Kathryn', 'Wallace', 'Carlos', 'Angelica', 'Andres', 'Gwen', 'Joshua', 'Maureen', 'Domingo', 'Josephine', 'Ana', 'Eugenia', 'Craig', 'Myriam', 'Dawna', 'Ouida', 'Lonnie', 'Tanya', 'Marcelino', 'Lucie', 'Theodore', 'Michelle', 'Amos', 'Suzie', 'Lana', 'Imogene', 'Rebecca', 'Frederick', 'Jeanine', 'Reggie', 'Lahoma', 'Margert', 'Louis', 'Gilda', 'Harvey', 'Laura', 'Alfred', 'Marco', 'Erik', 'Ashley', 'Ricky', 'Timothy', 'Janene', 'Randolph', 'Arturo', 'Theresa', 'Lori', 'Jonathan', 'Eugene', 'Clarissa', 'Daniel', 'Phillip', 'Gail', 'Herbert', 'Jimmy', 'Steve', 'Bruce', 'Don', 'Andre', 'Wilma', 'Priscilla', 'Eva', 'Raeann', 'Clarence', 'Elia', 'Jeffery', 'Gerardo', 'Rhonda', 'Garrett', 'Willis', 'Matthew', 'Emmie', 'Kristin', 'Lawrence', 'Selma', 'Jodi', 'Del', 'Peggy', 'Jorge', 'Phyllis', 'Jayme', 'Jean', 'Mildred', 'Fred', 'Clayton', 'Cecile', 'Alexander', 'Laurence', 'Will', 'Leanne', 'Stephen', 'Jacque', 'Bernard', 'Rafael', 'Monica', 'Viola', 'Molly', 'Kim', 'Chris', 'Lewis']
['Lucy', 'Michele', 'Roy']
['Robin', 'Thomas', 'Martha']
['Susanna', 'Nicole', 'Patricia']
['Cecilia', 'Pamella', 'Ronald']
['Mable', 'Richard', 'Evelyn']
['Paul', 'Pauline', 'Douglas']
['Lydia', 'Joseph', 'Rachel']
['Danny', 'Mark', 'Ray']
['Krysten', 'Tim', 'Debra']
['Esther', 'Kelly', 'Myron']
['Stephany', 'Charles', 'Tara']
['Leigh', 'Mario', 'Dawn']
['Edward', 'Mary', 'Rosie']
['Kylie', 'Roberto', 'Kaitlyn']
['Pablo', 'Karren', 'Irving']
['Rosalyn', 'Rolf', 'Pat']
['Cassie', 'Shirley', 'Alison']
['Christine', 'Kerri', 'Troy']
['Freda', 'Kirk', 'Ida']
['Georgette', 'Angela', 'Jesse']
['Helen', 'Nola', 'Ann']
['Walter', 'Christian', 'Michael']
['Beulah', 'Jose', 'Katherine']
['Grant', 'Martin', 'Fernando']
['Gregory', 'Alicia', 'John']
['Juanita', 'Gerald', 'Mike']
['Lane', 'William', 'Gary']
['Lessie', 'Adam', 'Bobby']
['Reginald', 'Cathy', 'Stanley']
['Corey', 'Steven', 'Anna']
['Jacob', 'Catherine', 'Winifred']
['Joe', 'Miguel', 'Marie']
['Raphael', 'Mae', 'Melissa']
['Stacie', 'Robyn', 'Mabel']
['Danielle', 'Edwin', 'Warren']
['Gertrude', 'Karen', 'Bessie']
['Latisha', 'Bonnie', 'Eleanor']
['Lucille', 'Norman', 'Jo']
['Margarito', 'Marlene', 'Dennis']
['Reinaldo', 'Booker', 'Beverly']
['Teresa', 'Cheryl', 'Leticia']
['Alice', 'Ernest', 'Donna']
['Diana', 'Shannon', 'Pete']
['Kisha', 'Virginia', 'David']
['George', 'Ruth', 'James']
['Marian', 'Lorraine', 'Albert']
['Nelson', 'Loraine', 'Susan']
['Dorothy', 'Judith', 'Cory']
['Roger', 'Cindy', 'Ronda']
['Nina', 'Crystal', 'Connie']
['Winnifred', 'Stephanie', 'Margaret']
['Andrea', 'Morgan', 'Barbara']
['Audrey', 'Lynne', 'Brandon']
['Caridad', 'Lena', 'Alvin']
['Cesar', 'Mack', 'Marjorie']
['Ellen', 'Tamika', 'Robert']
['Everett', 'Kathleen', 'Lisha']
['Gordon', 'Joni', 'Jessica']
['Sheryl', 'Olivia', 'Eric']
['Sharon', 'Ruby', 'Hugh']
['Ward', 'Vella', 'Harold']
['Rick', 'Donald', 'Mireya']
['Sylvester', 'Glen', 'Jeffrey']
['Terry', 'Morris', 'Carl']
['Ivonne', 'Belinda', 'Joann']
['Calvin', 'Laurie', 'Christopher']
['Matt', 'Kristine', 'Frank']
['Victor', 'Antonio', 'Glenna']
['Cassandra', 'Brian', 'Carmen']
['Christina', 'Berta', 'Selina']
['Dean', 'Tracy', 'Ollie']
['Irene', 'Bertha', 'Melanie']
['Kimberly', 'Derrick', 'Moses']
['Marquerite', 'Jennifer', 'Clyde']
['Glennie', 'Brenda', 'Samuel']
['Sally', 'Tony', 'Carol']
['Lyle', 'Marlin', 'Sylvia']
['Burl', 'Wayne', 'Elizabeth']
['Carmelita', 'Deanna', 'Raul']
['Darrell', 'Adele', 'Linda']
['Doris', 'Heather', 'Leona']
['Geraldine', 'Emily', 'Ralph']
['Gloria', 'Constance', 'Ursula']
['Sam', 'Travis', 'April']
['Rosalee', 'Annette', 'Roberta']
['Wendy', 'Annalee', 'Scot']
['Fredrick', 'Marion', 'Eura']
['Willie', 'Rosa', 'Justin']
['Jeremy', 'Hedwig', 'Jesus']
['Sofia', 'Stacy', 'Judy']
['Therese', 'Lillian', 'Gladys']
['Wilson', 'Kevin', 'Guy']
['Bethany', 'Elsie', 'Wanda']
['Betty', 'Jason', 'Philip']
['Dana', 'Paula', 'Bradley']
['Lilian', 'Darlene', 'Polly']
['Kerrie', 'Maria', 'Andrew']
['Alex', 'Dale', 'Beth']
['Carole', 'Amy', 'Wesley']
['Fredda', 'Roosevelt', 'Dorothea']
['Maryann', 'Inez', 'Pamela']
['Ingeborg', 'Curtis', 'Thelma']
['Keri', 'Anthony', 'Francisco']
['Sherri', 'Janet', 'Nancy']
['Lulu', 'Emery', 'Peter']
['Seth', 'Larry', 'Reuben']
['Miles', 'Derek', 'Blair']
['Natalie', 'Quintin', 'Toni']
['Norma', 'Jeff', 'Sarita']
['Ernestine', 'Raymond', 'Patrick']
