['acj', 'aac', 'aai', 'aaj', 'aak', 'aal', 'aan', 'aaq', 'aat', 'asw', 'aqh', 'aqq', 'aqx', 'aqy', 'aqz', 'ara', 'arc', 'are', 'arf', 'arg', 'arh', 'ari', 'arj', 'arl', 'aro', 'arp', 'arq', 'arr', 'ars', 'art', 'aru', 'arv', 'arw', 'arx', 'ary', 'asb', 'asc', 'asd']
['aku', 'aae', 'aaf', 'aav', 'aaw', 'aax', 'aaz', 'abb', 'abd', 'ast', 'ash', 'ask', 'asl', 'asm', 'asq', 'asu', 'asv', 'asy', 'ata', 'atd', 'ate', 'ark', 'ase', 'asj', 'asn', 'asp', 'ass', 'asz', 'atb', 'atc']
['aoy', 'aad', 'aah', 'aam', 'aay', 'abf', 'abg', 'abh', 'abk']
['ahh', 'aar', 'abl', 'abo', 'abp', 'abq', 'abs', 'abt', 'abu']
['asx', 'aag', 'aao', 'aau', 'abc', 'abm', 'abn', 'abr', 'abv']
['afu', 'abx', 'abz', 'aca', 'acb', 'acd', 'ace', 'acf', 'ach']
['akt', 'aaa', 'aab', 'aba', 'acg', 'ack', 'acl', 'acp', 'acv']
['ano', 'abi', 'acn', 'aco', 'acs', 'act', 'acx', 'acy', 'acz']
['ard', 'aas', 'acm', 'acw', 'ada', 'add', 'ade', 'adf', 'adg']
['ael', 'abe', 'aci', 'adc', 'adh', 'adi', 'adk', 'adl', 'adm']
['ajk', 'ado', 'adq', 'adr', 'ads', 'adt', 'adw', 'adx', 'ady']
['apw', 'abw', 'adn', 'adp', 'adu', 'aed', 'aeh', 'aei', 'aej']
['arn', 'acr', 'aea', 'aek', 'aep', 'aes', 'aet', 'aew', 'aex']
['aso', 'aby', 'acc', 'adz', 'aen', 'aeq', 'aev', 'afa', 'afb']
['akx', 'abj', 'adv', 'aef', 'afc', 'afd', 'afe', 'afh', 'afj']
['adb', 'aeb', 'afg', 'afl', 'aft', 'agz', 'ahc', 'ahe', 'ahu']
['ajd', 'aec', 'aee', 'aey', 'afk', 'afm', 'afn', 'afq', 'afr']
['ajp', 'adj', 'aem', 'aeu', 'aez', 'afi', 'afp', 'afs', 'afv']
['apx', 'aeg', 'aff', 'afw', 'afy', 'afz', 'aga', 'agb', 'agc']
['aqd', 'aer', 'afx', 'agf', 'agg', 'agh', 'agi', 'agj', 'agl']
['ain', 'agn', 'agq', 'agr', 'ags', 'agv', 'agw', 'agy', 'aha']
['aql', 'acu', 'agp', 'agt', 'agu', 'ahb', 'ahg', 'ahi', 'ahk']
['aok', 'aap', 'acq', 'aeo', 'afo', 'agd', 'age', 'agk', 'ago']
['aix', 'aho', 'ahs', 'aht', 'ahv', 'ahy', 'ahz', 'aib', 'aic']
['ann', 'agx', 'ahf', 'ahl', 'ahn', 'ahp', 'ahx', 'aie', 'aif']
['aoj', 'agm', 'ahd', 'ahr', 'ahw', 'aid', 'aig', 'aii', 'ail']
['all', 'ahm', 'ahq', 'aih', 'aij', 'aik', 'aim', 'aip', 'aiq']
['atf', 'ahj', 'aia', 'aio', 'air', 'ais', 'ait', 'aiv', 'aiw']
['aoh', 'aiu', 'aiy', 'ajc', 'ajf', 'ajg', 'aji', 'ajl', 'ajm']
['arz', 'aiz', 'ajs', 'ajt', 'aju', 'ajv', 'ajw', 'ajx', 'aka']
['anb', 'aja', 'aje', 'ajo', 'ajq', 'ajr', 'ajy', 'ajz', 'akb']
['alf', 'ajb', 'ajh', 'ajj', 'akc', 'akd', 'ake', 'akf', 'akg']
['amz', 'ajn', 'akh', 'aki', 'akj', 'akk', 'akl', 'akm', 'akn']
['aqb', 'ako', 'akp', 'akq', 'akr', 'aks', 'akv', 'akw', 'aky']
['anv', 'akz', 'alb', 'alc', 'ald', 'ale', 'alg', 'alh', 'ali']
['aqn', 'ala', 'alj', 'alk', 'alm', 'aln', 'alo', 'alp', 'alq']
['amo', 'alr', 'alt', 'alu', 'alv', 'alw', 'alx', 'aly', 'alz']
['aoi', 'ama', 'amc', 'ame', 'amf', 'amj', 'amn', 'amp', 'amq']
['anw', 'als', 'amb', 'amd', 'amg', 'amh', 'ams', 'amt', 'amu']
['aqw', 'ami', 'amv', 'amx', 'amy', 'ana', 'anc', 'ang', 'anh']
['asa', 'amk', 'aml', 'amm', 'amr', 'amw', 'and', 'ane', 'anf']
['apy', 'ani', 'anj', 'ank', 'anl', 'anm', 'anr', 'ans', 'ant']
['arb', 'anu', 'anx', 'anz', 'aoa', 'aoc', 'aod', 'aof', 'aog']
['asi', 'anp', 'anq', 'any', 'aob', 'aoe', 'aol', 'aom', 'aon']
['arm', 'aoo', 'aop', 'aoq', 'aos', 'aot', 'aou', 'aov', 'aow']
['apf', 'aor', 'aox', 'aoz', 'apa', 'apb', 'apc', 'apd', 'ape']
['asg', 'apg', 'api', 'apk', 'apl', 'apm', 'apn', 'app', 'apq']
['aqt', 'aph', 'apj', 'apr', 'aps', 'apt', 'apu', 'apv', 'apz']
['asf', 'apo', 'aqc', 'aqe', 'aqf', 'aqg', 'aqi', 'aqj', 'aqk']
['asr', 'aqa', 'aqm', 'aqo', 'aqp', 'aqr', 'aqs', 'aqu', 'aqv']
