['a', 'iv', 'jx', 'bp', 'je', 'ci', 'fv', 'gu', 'jw', 'ic']
['bs', 'bo', 'jm', 'is', 'az', 'fc', 'kg', 'io', 'bb', 'dq']
['du', 'gn', 'ke', 'ap', 'jv', 'db', 'p', 'w', 'fg', 'gy']
['ge', 'hn', 'dk', 'ae', 'd', 'g', 'ef', 'dc', 'hi', 'cx']
['gj', 'bk', 'ds', 'ca', 'cn', 'gi', 'ad', 'bm', 'hb', 'af']
['hd', 'kb', 'df', 'bn', 'ar', 'q', 'gq', 'kf', 'kd', 'fl']
['hl', 'ie', 'x', 's', 'hq', 'gs', 'dy', 'kc', 'by', 'ht']
['ab', 'fd', 'bi', 'ji', 'ha', 'fq', 'fn', 'h', 'bt', 'bx']
['ac', 'et', 'gp', 'hk', 'aw', 'fs', 'ft', 'al', 'gb', 'aa']
['do', 'fy', 'gw', 'ej', 'jy', 'fp', 'fw', 'ek', 'ak', 'dp']
['am', 'hm', 'cj', 'ay', 'gg', 'f', 'as', 'iy', 'bc', 'ea']
['bd', 'ai', 'ir', 'hx', 'il', 'ff', 'an', 'm', 'cl', 'kl']
['be', 'v', 'eo', 'ba', 'bj', 'ho', 'ga', 'cc', 'kj', 'de']
['bq', 'bv', 'jl', 'gr', 'dh', 'jd', 'fz', 'js', 'ck', 'bf']
['cp', 'ip', 'j', 'iz', 'hf', 'y', 'ep', 'in', 'ex', 'ag']
['dj', 'k', 'e', 'em', 'cv', 'eq', 'ce', 'hr', 'hp', 'kk']
['ev', 'gd', 'gm', 'iw', 'jh', 'dr', 'cr', 'hv', 'ez', 'dv']
['hh', 'gf', 'jf', 'cs', 'el', 'cy', 'o', 'bl', 'hz', 'bg']
['fi', 'eh', 'r', 'cw', 'ax', 'dl', 'jc', 'fh', 'gh', 'cd']
['b', 'ia', 'cq', 'br', 'gc', 'jp', 'hy', 'dm', 'er', 'z']
['fr', 'fu', 'cg', 'di', 'kn', 'fo', 'u', 'ih', 'ed', 'co']
['gx', 'i', 'ib', 'jk', 'jg', 'dz', 'bu', 'jn', 'jj', 'jq']
['it', 'cz', 'ki', 'im', 'fb', 'ij', 'gv', 'ik', 'ja', 'ec']
['iu', 'cb', 'fa', 'jz', 'da', 'gk', 'aq', 'ao', 'gz', 'if']
['ix', 'hs', 'ii', 'he', 'hg', 'ee', 'ju', 'ch', 'fe', 'ig']
['eu', 'dg', 'jr', 'en', 'es', 'eb', 'jo', 'dd', 'eg', 'c']
['kh', 'at', 'cu', 'ah', 'hj', 'ka', 'cm', 'ey', 'gl', 'ei']
['km', 'ct', 'dt', 'gt', 'hu', 't', 'av', 'au', 'fx', 'fm']
['dx', 'zz', 'bh', 'cf', 'bz', 'bw', 'hc', 'jt', 'go', 'ew']
['aj', 'iq', 'fk', 'dn', 'n', 'dw', 'fj', 'l', 'hw', 'jb']
