['WLo', 'ISX', 'fQ3', 'Zc5', 'EoI', 'CwC', 'oSh', 'ptf', 'MQT', 'oSw', 'xx7', 'MrD']
['v6U', 'QEF', 'W4L', 'PPi', 'xRH', 'IJ1', 'Hyj', '8VG', 'XHa', 'i9C', 'xxJ', 'Wmv']
['bLd', 'bAf', 'qPq', 'Ihb', 'aTI', '5Li', 'dSZ', 'txp', '17Q', 'Twl', 'm5j', 'B99']
['gkI', 'blA', 'etm', 'xpw', 'iiE', 'Qa3', '4p5', '8uz', 'd60', '4KN', 'Qti', 'Fws']
['j3s', 'VPb', 'pf5', 'U0Z', 'GpL', 'zfK', '1gc', '0gI', '1aX', 'fFE', 'rmu', 'UDc']
['lsG', '3QX', 'mUL', 'vyM', 'kYz', 'VoJ', 'a4K', 'tEu', 'NGB', '81k', 'iW8', 'WB2']
['rYU', 'hHB', 'DoC', 'P8b', 'sfk', 'UPL', 'wgA', 'cmd', 'klv', 'AcJ', 'Pas', '0Qs']
['gVV', 'QDa', 'Z7b', 'dvU', 'PiG', 'uH4', 'oUs', 'dNX', 'YMC', 'FzE', '0RD', 'gEU']
['nRH', 'u1N', 'GUX', 'AK4', '70K', 'Hxo', 'x86', 'U0P', 'tKI', 'I2S', 'oPH', 'JVP']
['qDy', 'nqI', 'slQ', 'Jla', 'nf5', 'BPL', 'f9z', 'YUZ', 'nc0', 'gfv', 'b7z', 'bA6']
['OCL', 'wqW', 'b99', 'NqO', 'NXP', 'JYa', '1QY', 'vJC', 'xqY', 'HWv', 'uQL', 'tm4']
['c3v', 'Ot9', 'qLD', 'xLA', 'PqY', 'AKr', '6Ip', 'mRG', 'hiF', 'N08', 'FbA', 'rz4']
['8nm', 'gEp', 'kte', 'aZv', 'uVg', 'Qtt', 'upV', 'ZFU', 'X9s', 'qmj', 'SFn', '6sH']
['9ug', '4nb', '1xS', '69w', 'rXN', 'VCH', '28R', 'Qyh', 'tFU', 'e8H', 'e6S', '4gy']
['X5J', 'dLc', 's3z', 'PoH', 'oak', 'U4K', 'iGU', '27J', 'YEe', 'wGp', 'H68', 'ZY3']
['E2A', 'rgC', 'FEQ', 'AHs', 'L1u', 'ZQL', 'bDO', 'PJa', 'W2Z', 'z1H', 'gE4', 'VVW']
['gTC', 'H9O', 'zEh', 'hQH', 'ux2', 'KGR', 'cFa', 'h3r', 'F9o', 'b9f', 'BV4', 'i4H']
['5jv', 'h6l', '2mv', 'D5B', 'tfQ', 'psG', 'iba', 'zTH', 'HvR', 'rC8', 'VZ7', 'stN']
['e8d', 'Jgp', 'WXJ', 'mIe', 'G2k', 'tK7', '3kn', 'Epk', 'JWV', 'BDE', 'VAV', '6na']
['8j5', 'Kn8', 'sKX', 'SiL', 'Xim', '8uu', '6Hl', 'Afe', 'n99', '5zB', 'Y2z', 'kT2']
['96X', 'KZy', 'jWX', 'ZxX', 'JyM', 'hct', 'O2z', 'kZ0', 'nQj', 'HkK', 'dlb', '5n5']
['Tn8', 'Fmb', '5qS', 'iFt', 'Itn', '6pB', 'mLL', 'emD', 'Swe']
['czy', 'Ns3', '5U2', 'jEj', 'Mvm', 'mcI', 'mGb', 'nkl', 'g08']
['mLF', 'ZNv', 'USE', 'zgJ', 'KRy', 'LiP', 'yLV', 'XMr', 'W8n']
['qkE', 'Ke0', 'SMj', 'EJa', 'iTo', 'MNb', 'YFC', 'x8V', 'kiK']
['ziA', 'uZt', 'NyP', 'ttO', 'hYw', 'X5a', 'KS2', 'FkC', 'Ql9']
['iS6', 'Hbr', '4fp', '6ro', 'LTB', '2UA', 'wwD', 'I2i', 'Eou']
['cEk', '0ID', 'SV9', 'Gu6', '4Nd', 'btz', 'fFJ', '0oy', 'xz4']
['yAp', 'QhQ', 's1n', 'CU9', '00m', '19T', '1uW', 'JcP', 'zfD']
['IU6', 'mFO', 'TUB', 'ZVF', 'Hi0', 'ewc', 'XlR', '9F9', 'EJD']
['ULj', 'SmS', 'CYA', 's6M', 'AJT', 'oZQ', 'nQv', '4LY', '9NA']
['YNK', 'hdp', 'tpP', 'uGP', 'D40', 'eGG', 'euj', 'JLF', 'jFu']
['pTi', 'YBr', 'cDc', 'a55', 'u9Q', 'WLk', 'rMd', 'rGT', 'IZQ']
['JfN', 'jGk', 'GRw', 'vca', 'NiX', 'PQT', '2vJ', 'J8r', 'uii']
['fKV', 'aLB', 'UmG', '5i6', 'gWT', 'Bfu', 'lKO', 'PlJ', '1RB']
