['Aubine', 'Brandi', 'Cesya', 'Carmel', 'Caro', 'Carlee', 'Cherise', 'Anet', 'Bess', 'Carlyn']
['Bren', 'Babara', 'Berna', 'Aili', 'Calli', 'Arlina', 'Asia', 'Bunny', 'Celestine', 'Angela']
['Aaren', 'Bernete', 'Amargo', 'Blythe', 'Alissa', 'Chiarra', 'Calida', 'Christal', 'Calla', 'Barbaraanne']
['Abby', 'Caron', 'Carmelita', 'Anne', 'Adorne', 'Chelsy', 'Caryn', 'Aveline', 'Bertine', 'Cele']
['Abra', 'Annadiane', 'Christye', 'Astrix', 'Adoree', 'Carolina', 'Berni', 'Agace', 'Arlene', 'Aubrette']
['Ada', 'Amabel', 'Cal', 'Blancha', 'Penny', 'Alys', 'Babbie', 'Charmion', 'Berty', 'Brigid']
['Addi', 'Caril', 'Celie', 'Adelheid', 'Andi', 'Bellanca', 'Analiese', 'Andree', 'Anjela', 'Cherilyn']
['Caroljean', 'Brittaney', 'Cathrine', 'Bryna', 'Billy', 'Anallese', 'Ashlen', 'Brier', 'Amanda', 'Annabelle']
['Adelice', 'Cody', 'Augusta', 'Brandise', 'Agnola', 'Carlynn', 'Aile', 'Billi', 'Anastasia', 'Arliene']
['Anthiathia', 'Austina', 'Bobette', 'Cherye', 'Ardene', 'Carrissa', 'Bobby', 'Andriana', 'Angie', 'Charlot']
['Bonnee', 'Charity', 'Caryl', 'Catie', 'Annabela', 'Alyda', 'David', 'Bert', 'Avis', 'Aurelea']
['Aeriel', 'Catherine', 'Auroora', 'Beatrice', 'Betty', 'Ashlie', 'Annelise', 'Caralie', 'Charyl', 'Anastassia']
['Bethany', 'Arlie', 'Aliza', 'Christan', 'Antoinette', 'Angel', 'Camella', 'Bernardine', 'Belva', 'Bernardina']
['Agatha', 'Camel', 'Candis', 'Bessy', 'Brigida', 'Bettine', 'Christyna', 'Ardra', 'Amy', 'Catharine']
['Carena', 'Bobinette', 'Carlye', 'Alvira', 'April', 'Ailene', 'Anabal', 'Candra', 'Audy', 'Brandie']
['Andrea', 'Bibbie', 'Bobbee', 'Aurore', 'Alix', 'Bunni', 'Cami', 'Binni', 'Cassondra', 'Athene']
['Annamaria', 'Betti', 'Bill', 'Carina', 'Bliss', 'Celestyn', 'Cacilia', 'Allix', 'Belita', 'Annora']
['Ambur', 'Ara', 'Alejandra', 'Carole', 'Blanche', 'Benita', 'Billie', 'Bridgette', 'Allissa', 'Babbette']
['Aimil', 'Almeda', 'Benetta', 'Barbey', 'Angelina', 'Ariela', 'Blinnie', 'Christel', 'Barbra', 'Chelsey']
['Alanah', 'Anica', 'Ardeen', 'Alisun', 'Cherrita', 'Ashli', 'Bobbye', 'Alice', 'Alicea', 'Ardella']
['Alayne', 'Carolyn', 'Catlee', 'Charin', 'Charleen', 'Carri', 'Alysa', 'Alikee', 'Babette', 'Catlaina']
['Allegra', 'Casandra', 'Alverta', 'Chanda', 'Carmine', 'Anni', 'Barbabra', 'Athena']
['Alexandrina', 'Ali', 'Cammi', 'Anabelle', 'Anatola', 'Annabel', 'Alie', 'Callida']
['Alexi', 'Bride', 'Babita', 'Brandea', 'Alexia', 'Catriona', 'Betteann', 'Casie']
['Christabella', 'Cheslie', 'Cassy', 'Brandy', 'Cammy', 'Angil', 'Caren', 'Beverie']
['Bamby', 'Bernadine', 'Berta', 'Babs', 'Chiquia', 'Berri', 'Bobbie', 'Cariotta']
