['JMO', 'XIY', 'WIF', 'AIM', 'CIH', 'CGD', 'JZA', 'IYD', 'VAC', 'WCD', 'AYK', 'UHU', 'NGH', 'HTW', 'EUK', 'TFQ', 'JXZ', 'SMM', 'CEY', 'PJW', 'YSM', 'QIK', 'UNW', 'FXX', 'GGP']
['NDB', 'DAT', 'VQR', 'HZF', 'YWW', 'BFH', 'WSD', 'NXU', 'DFW', 'KEQ', 'MYN', 'LZE', 'CDW', 'RSJ', 'XRV', 'YSP', 'EAA', 'EKJ', 'PKK', 'RKO', 'ITN', 'RSG', 'WDF', 'PGE', 'QYA']
['TQM', 'INO', 'NLI', 'IKW', 'QQN', 'SQS', 'YKR', 'FOW', 'FPT', 'FTE', 'TQB', 'LWH', 'MVS', 'NFI', 'IIY', 'EQX', 'OCI', 'QJK', 'VMW', 'MIE', 'RZW', 'LTC', 'MUL', 'SRP', 'TUK']
['BCW', 'DMP', 'RJS', 'YOA', 'DYU', 'ASO', 'FJH', 'FJL', 'CHR', 'KMD', 'MSE', 'FHI', 'KUO', 'ZFO', 'AHE', 'TVY', 'TWL', 'LZP', 'HXZ', 'YDT', 'RYT', 'SCZ', 'KZQ', 'FWA', 'ZPA']
['LWA', 'ZNQ', 'XPW', 'POR', 'FCU', 'GUE', 'WED', 'IPG', 'UHE', 'BBZ', 'SCS', 'IPK', 'WJI', 'ELO', 'HUN', 'TBN', 'GPL', 'BHL', 'CFP', 'XNY', 'QIB', 'TFT', 'NUG', 'BRY', 'IAM']
['MJV', 'KLV', 'OLD', 'FMU', 'PYK', 'SFB', 'GWT', 'PON', 'HGF', 'THJ', 'KNZ', 'ARM', 'YKH', 'TGH', 'DMH', 'PIL', 'TVZ', 'PVQ', 'YKF', 'OXU', 'OEN', 'ZKY', 'FKU', 'GUR', 'FSW']
['WJS', 'DWU', 'MIN', 'ARV', 'GLR', 'POJ', 'AYJ', 'BLK', 'MSC', 'ULP', 'SQR', 'UTL', 'HPH', 'ZBF', 'YEN', 'NOP', 'UOM', 'WTX', 'DTW', 'WKY', 'FTI', 'HGD', 'QVI', 'UZU', 'PME']
['BZI', 'ZQN', 'ALI', 'CYA', 'QFE', 'WYK', 'JME', 'YLS', 'KNO', 'DJA', 'LMU', 'WCB', 'IKB', 'BEQ', 'HJA', 'QDB', 'IPY', 'EWG', 'IEK', 'UZY', 'UCH', 'GSB', 'MMS', 'ACJ', 'CRF']
['KVY', 'VFV', 'UDD', 'XKQ', 'TKB', 'RDG', 'TMD', 'BDX', 'IYH', 'ZBU', 'IQJ', 'KLM', 'GPH', 'ZGL', 'SFK', 'MCI', 'MLN', 'JZV', 'SYQ', 'NPS', 'XEO', 'VXB', 'SCX', 'DZR', 'IUE']
['LXJ', 'AGI', 'TGW', 'JMT', 'SGO', 'CCY', 'ACP', 'EPR', 'DOT', 'LJA', 'RNM', 'WLU', 'YHX', 'JKL', 'QMI', 'PDU', 'EBB', 'XDE', 'JHO', 'PTX', 'NWB', 'ABC', 'EZU', 'YYJ', 'BTJ']
['OVZ', 'QCJ', 'XJW', 'YDL', 'GBL', 'JGS', 'UGW', 'ESU', 'VRD', 'RYE', 'KLS', 'QTJ', 'GGM', 'SUQ', 'GUT', 'FWB', 'UKF', 'MUO', 'MLH', 'VYF', 'AUL', 'HQB', 'VZX', 'NDI', 'GXJ']
['PAU', 'WMY', 'NXI', 'CAO', 'YYC', 'VCY', 'UMO', 'GMF', 'CJB', 'FTL', 'TFN', 'OII', 'QBJ', 'VFM', 'EDP', 'SDH', 'RIX', 'GFL', 'LGP', 'NHA', 'SFJ', 'AQN', 'DHT', 'QLH', 'YYG']
['SCK', 'MVB', 'OFJ', 'KLZ', 'LLX', 'PBP', 'SNW', 'QRE', 'ZFU', 'CDZ', 'JUQ', 'RXD', 'ALL', 'JVR', 'ODG', 'EDD', 'YER', 'POC', 'CUZ', 'AJB', 'KMP', 'NJD', 'ROL', 'KDV', 'VMJ']
['YAR', 'XWK', 'YPX', 'KAJ', 'PAX', 'NQL', 'YTQ', 'RYA', 'LUT', 'JSL', 'PZA', 'HMT', 'SNS', 'AZD', 'HXF', 'HCD', 'CXP', 'QTQ', 'QTR', 'OZT', 'WZL', 'RUP', 'LOQ', 'GGA', 'ALG']
['APD', 'EEA', 'TDJ', 'BCI', 'PVS', 'WUI', 'NLS', 'MUV', 'OHR', 'QNG', 'WWT', 'YSD', 'UKO', 'FWN', 'FOD', 'IFO', 'AWX', 'MOH', 'FPR', 'XVF', 'DXK', 'CGQ', 'KVD', 'XQI', 'GYM']
['HPV', 'NGI', 'EOF', 'QZB', 'NSI', 'WGY', 'SNM', 'SAQ', 'XEN', 'XVQ', 'VWX', 'RIA', 'LBW', 'JII', 'CFJ', 'DNE', 'DRX', 'UFK', 'KSW', 'JJB', 'FQC', 'ZJU', 'DTS', 'YTR', 'LHD']
['XXQ', 'MNB', 'MWQ', 'LHQ', 'FXI', 'JTZ', 'TBT', 'NNG', 'WER', 'PAS', 'XOE', 'NTW', 'HHK', 'VWR', 'YNR', 'TLC', 'ZIT', 'XFW', 'CZB', 'NDJ', 'IPV', 'HYW', 'QAM', 'DTU', 'PGO']
['ZCF', 'UIO', 'FUR', 'PCL', 'SDF', 'JXM', 'SRB', 'PMO', 'IUY', 'BJR', 'OON', 'GEF', 'ZCY', 'SFD', 'ZFK', 'RKH', 'HIG', 'SGT', 'JDC', 'RUR', 'FDS', 'RNU', 'WWL', 'QLI', 'BIN']
['ZRO', 'XHQ', 'GUN', 'YUG', 'DMN', 'FEV', 'DCZ', 'IFU', 'YYU', 'EBY', 'KJN', 'CNU', 'HNC', 'ONX', 'CHA', 'AMV', 'TSS', 'GUQ', 'IDJ', 'IDO', 'DAW', 'TMR', 'XCX', 'FCJ', 'QEP']
['KXZ', 'SUT', 'JWQ', 'HBC', 'LZI', 'IIT', 'JOQ', 'EBA', 'YKQ', 'MED', 'MJR', 'YVQ', 'MAC', 'MBZ', 'IKN', 'JZY', 'WHJ', 'MZP', 'UEN', 'VTH', 'ECG', 'FXH', 'ELJ', 'SUP', 'RBJ']
