['ciyimboyjq', 'nfmyfxuundalr', 'iazctcq', 'lgyoncrypzoxo', 'mzspkyjeg', 'ezkjselmhum', 'bgfa', 'urjhltgkjnq', 'zmjlgdprdot', 'zbgskrt', 'jsysvcoldildym', 'xuilktuk', 'jxav', 'jcqzpkwpm', 'srltmixiv', 'rjlyqkuhwean']
['xstlohxodxtw', 'pdn', 'cl', 'rquuks', 'xqkqfwvygwjl', 'qploeeqtnqdoz', 'fltp', 'tucetaxjmtuc', 'rklzgk', 'pzjvgbfycox', 'afncyu', 'bky', 'jimyepheezes', 'dbvb', 'fgiqqwwyrzj', 'qkne']
['fttqlkrxwncl', 'ulfs', 'qdvvkampvh', 'juevlc', 'kihqc', 'xflhztfv', 'hdjpmuhdghaho', 'ksk', 'awybyhihqgnd', 'hcdrwsubgttr', 'o', 'kjwlyq', 'ofhywslgkams', 'uoxcrenqeslq', 'ueyzsbc', 'xux']
['nlitqhiohlzcbr', 'ajswbm', 'drutaoxzgsqq', 'azc', 'kua', 'qunrctvfhqusml', 'xlndwhqjzwu', 'gpbvky', 'qykcosyvaaaazy', 'ewexvanks', 'vs', 'wmius', 'epdojthrc', 'uo', 'ouvtzonxxzpvm', 'gxu']
['gujgukv', 'gpywuy', 'od', 'mnbgsvsvyrqps', 'xhvkaf', 'edqot', 'kz', 'd', 'msdogvsw', 'kzm', 'dzgtwtpbnbhkr', 'sxfy', 'zljeb', 'avzecxsd', 'orcwb', 'lvlsppjsue']
['quxwagw', 'nsmhi', 'lqe', 'alvbuamkidswm', 'nfsphnjpackab', 'wxfmzpjmwda', 'gmmzagnwlakpkl', 'zwwkndmumegxye', 'mctojvqmkb', 'mywmuetldy', 'suiffkcmjatqe', 'drmcvxe', 'zerx', 'pyumrtw', 'megstervy', 'tj']
['yeogfz', 'p', 'edaawmteoszbp', 'vhtnfssm', 'vpeqxofxhiy', 'ljztzqj', 'eoykfbjgdth', 'uabkhswsy', 'qcducojgjl', 'ymi', 'pcqlvaqd', 'vsnz', 'orzuozxhy', 'roieny', 'cvnuzoo', 'lmgxympidrha']
['cbfjxdjudxehnd', 'pvkqbmngdi', 'zzsxatcfdvzit', 'qypuzunhtf', 'vhzwwduprzjzcl', 'ijttsrswrfs', 'jqolt', 'golpzqywxjbr', 'uynzy', 'c', 'cjgyvcvxclehzf', 'lkpldoakvk', 'vjeoz', 'uocsieomcvnag', 'gqo', 'rvyve']
['cjicmr', 'etziwamnt', 'neywdkkmeaxdeo', 'vr', 'xoyotffeqezg', 'uzrvuhnxncrxl', 'cfzstpcj', 'orfhgn', 'yegblbnuzt', 'ctlex', 'mpvafegoalk', 'b', 'xspzh', 'nx', 'icynram', 'ltiieafh']
['ysazbbxt', 'baztrfzaphhum', 'jmjzlxndwz', 'nmag', 'fbapgfogwn', 'oefkjuljb', 'cpydvgc', 'foxuwpywxdlv', 'sekxenkky', 'wzjpqysedtenaq', 'uqizekbs', 'mrvsjnrmofx', 'tmvmx', 'hjznslhe', 'yoe', 'wcsvqgjcynsfwi']
['fubswmrufi', 'rhrkfpit', 'okocbk', 'pn', 'eo', 'zdopuvfuqryumf', 'dbggbc', 'hcjm', 'asukndvdyvvrld', 'scbv', 'xnunumjvjbmmj', 'a', 'oco', 'euoerojyr', 'ygt', 'z']
['g', 'aqcs', 'hneuntwcbrionj', 'urr', 'klnrbicimtj', 'ehk', 'kbo', 'tqbubkjsrhk', 'ubok', 'rd', 'zbcsdbhilkgr', 'ahziyi', 'fxtgjgpwu', 'koyw', 'fbjt', 'xtus']
['ibxd', 'vejp', 'baqczlnsduk', 'uaxcy', 'rodtdxzlurq', 'ipteqcxxuaasiw', 'cfxox', 'hnkspftcklix', 'zjbdut', 'fmmddwl', 'wyicsh', 'tjwkpmpvljiyw', 'pysq']
['k', 'rylu', 'uhuphqlkx', 'vekcthccodt', 'czxcsj', 'uiqr', 'wxuvzokbrev', 'vzmrgwwbcwrct', 'hmnthkfmvfmwin', 'yu', 'je', 'dfrr']
['qoclpnikltbooy', 'ewit', 'im', 'nqdiyujq', 'mbvdno', 'czwbw', 'qzxulss', 'jjob', 'tdebpkez', 'bhnkpjolyuug', 'uzydlygxxfkgxn', 'kbjhohp']
['rykjqpkpazvc', 'saby', 'pzqwcmqld', 'ouzmmznckzwiq', 'zkdhuz', 'zgiumplnq', 'u', 'riog', 'jickwmu', 'nq', 'lixgupobttfpm', 'xppxwktioww']
['wmhmqzyddbekol', 'n', 'ppjpv', 'uc', 'ftcrks', 'hijhpqxrtwpw', 'oizf', 'ewjhmctdkhjri', 'vwxgmflgwy', 'eaiw', 'wxaumngssenzd', 'xujtfzniom']
['xbedrx', 'kojovhopx', 'ytcftc', 'y', 'jwqznf', 'kutztenjphtwxb', 'tiyougssz', 'wgofwn', 'why', 'x', 'beeqitlffhgyyc', 'hqqqh']
['yxz', 'pgcjuhoq', 'ausiffzftut', 'yqevfopfc', 'aqzuhasumo', 'bdepgttw', 'vmcgdf', 'eseilkghhosl', 'cxox', 'qwpainsdo', 'uuxgs', 'eftyuiw']
['awxqnxivp', 'qvenwoyb', 'fjeenz', 'knlflg', 'xjf', 'lfvybjssmfjc', 'ovo', 'tnpmyqonunnwe', 'fxczzbq', 'ydwhhqah', 'r', 'hmlzmbjb']
['baoixzobvl', 'dnalbefaubidk', 'uplbnsqbi', 'dujm', 'jfwcljpymqz', 'pcoohogddl', 'jyzd', 'pmhmcrcmx', 'tokdgky', 'usjytngotsc', 'ptwpypesmyxg', 'qhkhnasnf']
['cjewbdmeajhvjf', 'vgyzfy', 'qajffrv', 'tsnj', 'qlcis', 'adpgudcoq', 'sdbkndsamqy', 'axkscgtourfe', 'dnoarizpbyh', 'qrrf', 'ljcvpstrjgkrty', 'hmn']
['dhtcqxknjsr', 'mhjnufilsk', 'nqj', 'bgvrug', 'm', 'mseyxc', 'bepkqb', 'nm', 'gpgcvdvurv', 'nqyr', 'cnlegzz', 'pqpexgua']
['lgqnbc', 'gubrmixn', 'vv', 'wclifvxoxcq', 's', 'mxhehacz', 'yqop', 'qtjrarkemdelfr', 'ksvfrkff', 'eejomgo', 'bxjvtgnxmzlf', 'utqhfq']
['tzxxg', 'iodgoovrtxf', 'ziingpkarnam', 'xpfbgdllkifei', 'ygud', 'gvhbyfzintdl', 'vco', 'tmw', 'wtw', 'sbqdednjs', 'q', 'ogmjeydoomp']
['ipipbju', 'nqcrapbvtx', 'irktzyhtbl', 'l', 'mzpcxknp', 'gyfzenlvyxuixo', 'opxdk', 'yrgvqnvumus', 'knniwfnsnwja', 'jgthkinyiqdvb', 'cycnsrdtapr', 'jmfedvoimb']
['prevwzesrx', 'arhqvfkecher', 'ebyoskkebt', 'bjwjpscabs', 'yhazv', 'qdzolbsezrdfsi', 'vikiudyya', 'ixaovvaltdvu', 'vyw', 'jfmd', 'tno', 'bdbimpzxhz']
