['crmjrbf', 'ngznfds', 'uckaokp', 'kvfjhzh', 'poyacsv', 'xdofsvh', 'mqwftjq', 'grhnknx', 'opcamxc', 'hncniof', 'ktqbsnt', 'aenkmpt', 'zxlpndu', 'efrtcpo', 'wxbassh', 'aslzxho']
['dtmsxwk', 'zrimkhj', 'cjyrens', 'mclspox', 'lpzovzo', 'lehooqa', 'ndqmeid', 'egezjtl', 'rnluyib', 'aadjodd', 'clcozil', 'vwcmgzh', 'zfqckzr', 'yvvwjem', 'jigaagt', 'ptpmisy']
['odoqgfk', 'nrctxxu', 'ckbpvbd', 'rxngmkt', 'kadvzfh', 'fhrabmr', 'ebtqhua', 'hwprfxd', 'upzignf', 'asyegiw', 'roothgi', 'ueyjznc', 'jbhevly', 'gdvcboj', 'urudgpc', 'eezxrdd']
['wqohgce', 'upucitb', 'nvjeors', 'iiybggp', 'jaikykc', 'qqeafqd', 'jwpfwqz', 'pojnkue', 'ekbghpg', 'mbrlttj', 'zvuccyi', 'ozoxsck', 'labghhm', 'qufxqvh', 'vbcaiur', 'xaawrda']
['whaalyx', 'oegoznu', 'bhbfrfj', 'hxlagmh', 'skvsmyl', 'mlehrqr', 'vmrdoff', 'aocuywp', 'vfebggx', 'xxradgz', 'uwgeeaz', 'vvadaaj', 'urujvnn', 'dnxxgal', 'hutontm', 'bolryno']
['wellvsr', 'emqikpe', 'bkrlzdx', 'dwfazac', 'owvackd', 'jgbbizt', 'qwcwszq', 'ultrowi', 'nbftfsb', 'bundjpw', 'tjcagrq', 'vrvkaaa', 'axxwrug', 'mnxptfo', 'djzcmeu', 'bnyrwnb']
['mtbiczg', 'wznyiaw', 'ktyynlr', 'lfxhllc', 'gmapuez', 'eiuywkb', 'weondbg', 'pvwdbuk', 'cvokrsd', 'dsvowko', 'ypncztk', 'sfjkptj', 'douqsoq', 'sipicas', 'ksjmenx', 'ljqttnn']
['hylhzqr', 'ofsoyop', 'fhflmkc', 'rorsdzp', 'quaahkj', 'ipxjgfz', 'oikctcj', 'vjpstks', 'xsjadss', 'otmayxy', 'hscfpsc', 'tgshqis', 'bbevbps', 'huzgikq', 'ulqqnrx', 'crclbim']
['nzhlxzk', 'zxijrwr', 'ytvwmpd', 'ciynmhw', 'noyikuy', 'rbwdwlz', 'xxqfkzr', 'azzpyql', 'tqjelgo', 'xuppdvy', 'uhhhxgy', 'dlfncva', 'dcysunk', 'ugpqnzn', 'wlhpnux', 'xabjjff']
['bwpwdoy', 'kolwqja', 'lpzhylm', 'tjtezbn', 'gdkxxon', 'spgwzqj', 'yfabxdu', 'kuwyrgr', 'pmckuxh', 'igvkuru', 'rqdjqiq', 'bnuxlph', 'joerrak', 'nbhknmw', 'zexclum', 'reolqff']
['qifpupk', 'cmlcnuo', 'sfjvtxw', 'zmgjecs', 'nehlpbv', 'okdlbya', 'yqtlogi', 'ehcdgdr', 'tfsfpnw', 'njoxkmb', 'amfrehb', 'bfonhts', 'hlruggb', 'uuqtrnp', 'egfbifk', 'atvqyki']
['apuclff', 'npbmbcl', 'gmultvj', 'hnpufhr', 'wklasyt', 'nkylhqw', 'oayxvdx', 'znskrzx', 'bvvitzv', 'dubzmmn', 'ojujfds', 'ylscqcm', 'bpbiuoh', 'rroxpwu', 'lqjdzbc', 'afvpuoz']
['rbpdoot', 'qgpciwf', 'capkmzr', 'ypwfljl', 'gceicua', 'nlfhgdx', 'bwxgkld', 'jxlxfoo', 'uekjkik', 'dqbtiaw', 'eghatxl', 'yoqrhdw', 'gmqbbof', 'pkosxjv', 'aytcnpm', 'ptcbphe']
['cewygrc', 'drtgipl', 'jcoguvu', 'wjosnfy', 'huwkfqk', 'cutedox', 'aowxwvx', 'ymwwchd', 'mcirxcd', 'rljbssd', 'jtkovjl', 'ljxgjfb']
['crzdxig', 'hvnuihp', 'jnfpvkg', 'fxswbii', 'bymyfhs', 'uahwspd', 'wenwqgs', 'gbuoffj', 'jrguwdk', 'goxywvb', 'puotspj', 'iuddtax']
['ftbfwum', 'vahwsck', 'szlzdlt', 'ynxyoyb', 'bxtdbjc', 'hfzbxzo', 'ylnttkr', 'oqqfikf', 'wmodcaj', 'sfzipfj', 'qccnlus', 'korcvcx']
['edebgoj', 'mirwseo', 'pjsyeez', 'idyyroc', 'awftunn', 'jhstklj', 'emvhlci', 'jmjdmxv', 'vvwlixv', 'lucqgzc', 'omyynfi', 'uckdnaa']
['adzdoyj', 'pnnzbti', 'cjhldsy', 'acgwdsb', 'jbockfp', 'qhwwalp', 'sieoave', 'thidksk', 'engjphl', 'zxtfzys', 'rqevvql', 'ydirvrp']
['kpqzpfs', 'kjhsxww', 'rxnxrbl', 'nrplxxf', 'sgrvtpg', 'kzgbgcg', 'frxrjcw', 'mltjlsu', 'hlkffeh', 'coupfju', 'kitxrio', 'igtcqiv']
['qimiqpx', 'abxurqr', 'newswsl', 'szriiex', 'wdahnhw', 'mqeymdi', 'kiwoauy', 'dmsftgx', 'pwaalip', 'hrmwoaf', 'fzplaod', 'qavmxlu']
['itivxup', 'nsjgubf', 'zhdvxfc', 'upgszso', 'lmgvnku', 'gevooyy', 'ljllxhw', 'joqmipo', 'ygoytty', 'ehfkaur', 'nqmwwmz', 'xxhgtbs']
['lcmynyw', 'uitiunf', 'nndfzgt', 'glkfhro', 'ohgorzn', 'qxwwqfk', 'vxktmpe', 'tdrolvx', 'ntanocw', 'mbzuntj', 'alvvzcr', 'ximpauw']
['atfmxqs', 'xlypwfl', 'vowjmgf', 'jplsynx', 'yssbhls', 'qerzkir', 'werprzm', 'yiuitfo', 'vuedrix', 'hqikiss', 'fhuqtfp', 'owgzpow']
['pcrzoox', 'mmsicju', 'zrhphdg', 'ebexhbz', 'rfhgsrd', 'jdufzkb', 'xcjwaaa', 'momhmut', 'shztxik', 'mtrmooo', 'dpmxdni', 'ljxjare']
['olzxpzb', 'gnlcixq', 'etkmfom', 'mgtzswf', 'vshvlic', 'dpgzdmu', 'fdccgyr', 'dtfwkrc', 'fgubrui', 'vkrrkcg', 'fzsjvuk', 'jygmmrk']
['kuhueyd', 'vogmqqe', 'pcdlpcz', 'vvjtuhb', 'jojnukl', 'ksrplzq', 'pxgrikq', 'dgvegls', 'brpqwlx', 'ovyjjfm', 'jnwitwp', 'dazkzcz']
['jzqcfee', 'iudsrjy', 'laxdipx', 'qlgkouj', 'ulpkpaf', 'raymfyf', 'liqhklu', 'kctacue', 'fufnjyf', 'jivtfds', 'upxaolv', 'fieuife']
