['Aaliyah', 'Casey', 'Delaney', 'Giselle', 'Amaya', 'Raven', 'Amelia', 'Jordyn', 'Kylee', 'Jenny']
['Abbey', 'Susan', 'Tamara', 'Theresa', 'Tatum', 'Tia', 'Alayna', 'Yasmine', 'Yasmin', 'Meghan']
['Abby', 'Claudia', 'Valerie', 'Daniela', 'Avery', 'Monica', 'Peyton', 'Hope', 'Angelina', 'Mia']
['Addison', 'Logan', 'Rosa', 'Callie', 'Annie', 'Destinee', 'Wendy', 'Lisa', 'Nia', 'Imani']
['Adrianna', 'Savanna', 'Brandy', 'Tatyana', 'Francesca', 'Litzy', 'Jessie', 'Kasey', 'Melody', 'Noelle']
['Adrienne', 'Athena', 'Aileen', 'Shyanne', 'Julianne', 'Clare', 'Chyna', 'Sonia', 'Brooklynn', 'Isabel']
['Alaina', 'Brenna', 'Kailee', 'Malia', 'Jayden', 'Nora', 'Tianna', 'Alanna', 'Sasha', 'Carla']
['Alana', 'Julianna', 'Genesis', 'Elise', 'Guadalupe', 'Skyler', 'Katrina', 'Nadia', 'Yesenia', 'Marissa']
['Alejandra', 'Carly', 'Rebekah', 'Kaleigh', 'Zoey', 'Layla', 'Iris', 'Carley', 'Tyler', 'Shania']
['Alexandria', 'Kelsey', 'Claire', 'Sabrina', 'Mariah', 'Leah', 'Alexa', 'Faith', 'Autumn', 'Catherine']
['Alexia', 'Sophie', 'Brandi', 'Allie', 'Viviana', 'Clarissa', 'Paola', 'Kailey', 'Rose', 'Rhiannon']
['Alexus', 'Cora', 'Mayra', 'Brisa', 'Christina', 'Paige', 'Makayla', 'Trinity', 'Shelby', 'Carolyn']
['Alice', 'Daisy', 'Angelica', 'Ana', 'Kristen', 'Madelyn', 'Britney', 'Jade', 'Adriana', 'Dana']
['Alicia', 'Caitlyn', 'Jocelyn', 'Gillian', 'Tabitha', 'Lucy', 'Lilly', 'Kali', 'Jane', 'Bianca']
['Alina', 'Fiona', 'Pamela', 'Joy', 'Charity', 'Felicity', 'Angelique', 'Tania', 'Annabelle', 'Melanie']
['Alisha', 'Katelynn', 'Patricia', 'Nancy', 'Elena', 'Jazmin', 'Cierra', 'Rachael', 'Kyla', 'Paris']
['Alison', 'Kathleen', 'Makenzie', 'Karla', 'Monique', 'Cristina', 'Kamryn', 'Raquel', 'Helen', 'Kathryn']
['Lydia', 'Bethany', 'Shannon', 'Janet', 'Krista', 'Carissa', 'Reagan', 'Kiana', 'Aliyah', 'Fatima']
['Allyson', 'Tara', 'Jazmine', 'Gracie', 'Gianna', 'Sadie', 'Asia', 'Christine', 'Aubrey', 'Eliza']
['Alma', 'Aurora', 'Chasity', 'Marisol', 'Lesly', 'Ashlynn', 'Cara', 'Elisabeth', 'India', 'Tatiana']
['Alondra', 'Ashlyn', 'Desiree', 'Molly', 'Leslie', 'Regina', 'Cristal', 'Irene', 'Janelle', 'Josephine']
['Alyson', 'Kelli', 'Madelynn', 'Breana', 'Janae', 'Regan', 'Chelsey', 'Johanna', 'Justine', 'Shayla']
['Amari', 'Kenya', 'Macey', 'Selena', 'Holly', 'Kendra', 'Jasmin', 'Julie', 'Esmeralda', 'Cassandra']
['Anahi', 'Ellie', 'Linda', 'Gina', 'Jacquelyn', 'Virginia', 'Gloria', 'Daniella', 'Lizbeth', 'Michelle']
['Andrea', 'Jordan', 'Mary', 'Amber', 'Gabrielle', 'Madeline', 'Danielle', 'Sierra', 'Katelyn', 'Talia']
['Ann', 'Sage', 'Macie', 'Nichole', 'Lucia', 'Deborah', 'Emely', 'Kennedy', 'Veronica', 'Emilee']
['Precious', 'Maddison', 'Kelsie', 'Lexi', 'Jayda', 'Kiersten', 'Kiera', 'Annika', 'Phoebe', 'Cindy']
['Mercedes', 'Natasha', 'Makenna', 'Madeleine', 'Cecilia', 'Kassandra', 'Eva', 'Charlotte', 'Meredith', 'Perla']
['April', 'Serena', 'Mallory', 'Mikayla', 'Amy', 'Kelly', 'Miranda', 'Cassidy', 'Ariana', 'Diamond']
['Ariel', 'Lindsay', 'Brooklyn', 'Camryn', 'Ava', 'Naomi', 'Macy', 'Sofia', 'Kaitlin', 'Nina']
['Arielle', 'Eve', 'Eliana', 'Melina', 'Sydnee', 'Toni', 'Sidney', 'Haylee', 'Sandra', 'Mya']
['Ashlee', 'Anastasia', 'Kassidy', 'Marilyn', 'Genevieve', 'Barbara', 'Piper', 'Marlene', 'Tayler', 'Miracle']
['Ashton', 'Kayleigh', 'Tiana', 'Clara', 'Marina', 'Meagan', 'Tyra', 'Kaylin', 'Ellen', 'Diana']
['Carlie', 'Sylvia', 'Angie', 'Carrie', 'Elaina', 'Mikaela', 'Tiara', 'Hailee', 'Kierra', 'Ciara']
['Audrey', 'Margaret', 'Madisyn', 'Ruth', 'Baylee', 'Ashleigh', 'Teresa', 'Heaven', 'Krystal', 'Harley']
['Ayanna', 'Bailee', 'Mckayla', 'Angela', 'Briana', 'Jada', 'Ella', 'Ruby', 'Cheyenne', 'Felicia']
['Lorena', 'Kaley', 'Leilani', 'Ivy', 'Cassie', 'Heidi', 'Bailey', 'Melissa', 'Kaylee', 'Lauryn']
['Halle', 'Payton', 'Karina', 'Cynthia', 'Skye', 'Paulina', 'Larissa', 'Zaria', 'Emilie', 'Sharon']
['Kaila', 'Whitney', 'Carolina', 'Celeste', 'Tessa', 'Camille', 'Jaqueline', 'Bridget', 'Priscilla', 'Hunter']
['Brenda', 'Martha', 'Cheyanne', 'Gisselle', 'Julissa', 'Marie', 'Eleanor', 'Lillian', 'Mckenzie', 'Juliana']
['Carmen', 'Mckenna', 'Kendall', 'Kara', 'Jayla', 'Dominique', 'Tori', 'Michaela', 'Hayley', 'Serenity']
['Crystal', 'Arianna', 'Riley', 'Isabelle', 'Vivian', 'Esther', 'Josie', 'Deja', 'Katlyn', 'Karen']
['Vanessa', 'Kimberly', 'Brittany', 'Renee', 'Jillian', 'Gabriela', 'Heather', 'Angel', 'Erika', 'Kyra']
['Laura', 'Breanna', 'Lily', 'Kaylie', 'Jaden', 'Madalyn', 'Kristina', 'Natalia', 'Valeria', 'Madyson']
['Brooke', 'Denise', 'Mariana', 'Bryanna', 'Maya', 'Gabriella', 'Tiffany', 'Erica', 'Maggie', 'Katie']
['Evelyn', 'Brittney', 'Jamie', 'Rylee', 'Dakota', 'Devin', 'Elisa', 'Miriam', 'Alissa', 'Eden']
['Caitlin', 'Kristin', 'Anne', 'Marisa', 'Georgia', 'Kirsten', 'Luz', 'Esperanza', 'Tierra', 'Joanna']
['Skylar', 'Kiara', 'Lindsey', 'Jenna', 'Courtney', 'Sara', 'Jacqueline', 'Erin', 'Caroline', 'Colleen']
['Cameron', 'Summer', 'Chelsea', 'Kaitlynn', 'Lacey', 'Haleigh', 'Hanna', 'Karissa', 'Lesley', 'Kate']
['Tamia', 'Kylie', 'Jaclyn', 'Taryn', 'Kiley', 'Liliana', 'Hallie', 'Deanna', 'Kira', 'Zoe']
