['crmjrbf', 'ngznfds', 'uckaokp', 'kvfjhzh', 'poyacsv', 'xdofsvh', 'mqwftjq', 'grhnknx', 'opcamxc', 'hncniof', 'ktqbsnt', 'aenkmpt', 'ygoytty', 'ypncztk', 'ehfkaur', 'itivxup']
['dtmsxwk', 'zrimkhj', 'cjyrens', 'mclspox', 'lpzovzo', 'lehooqa', 'ndqmeid', 'egezjtl', 'rnluyib', 'aadjodd', 'clcozil', 'vwcmgzh', 'douqsoq', 'efrtcpo', 'sipicas', 'ksjmenx']
['odoqgfk', 'nrctxxu', 'ckbpvbd', 'rxngmkt', 'kadvzfh', 'fhrabmr', 'ebtqhua', 'hwprfxd', 'upzignf', 'asyegiw', 'roothgi', 'ueyjznc', 'szlzdlt', 'qwcwszq', 'vahwsck', 'oqqfikf']
['wlhpnux', 'abxurqr', 'newswsl', 'szriiex', 'wdahnhw', 'mqeymdi', 'kiwoauy', 'pwaalip', 'qimiqpx', 'dcysunk', 'ugpqnzn', 'dmsftgx', 'jhstklj', 'vvwlixv', 'omyynfi', 'idyyroc']
['lmgvnku', 'nsjgubf', 'wznyiaw', 'ktyynlr', 'lfxhllc', 'gmapuez', 'eiuywkb', 'zhdvxfc', 'weondbg', 'pvwdbuk', 'cvokrsd', 'dsvowko', 'dnxxgal', 'vbcaiur', 'xaawrda', 'rroxpwu']
['jplsynx', 'vuedrix', 'jojnukl', 'pcdlpcz', 'werprzm', 'dgvegls', 'qerzkir', 'fhuqtfp', 'atfmxqs', 'kuhueyd', 'jnwitwp', 'yiuitfo', 'lqjdzbc', 'hutontm', 'bolryno', 'bpbiuoh']
['awftunn', 'kpqzpfs', 'mirwseo', 'kjhsxww', 'lucqgzc', 'pjsyeez', 'yoqrhdw', 'edebgoj', 'emvhlci', 'rxnxrbl', 'uckdnaa', 'jmjdmxv', 'ptcbphe', 'ljqttnn', 'aslzxho', 'wxbassh']
['nndfzgt', 'lcmynyw', 'huzgikq', 'bbevbps', 'ohgorzn', 'qxwwqfk', 'vxktmpe', 'tdrolvx', 'crclbim', 'ntanocw', 'mbzuntj', 'afvpuoz', 'ftbfwum', 'ylnttkr', 'bkrlzdx', 'ljxjare']
['sgrvtpg', 'ofsoyop', 'rorsdzp', 'oikctcj', 'vjpstks', 'hylhzqr', 'mltjlsu', 'nrplxxf', 'tgshqis', 'hscfpsc', 'kzgbgcg', 'frxrjcw', 'qavmxlu', 'hrmwoaf', 'jbhevly', 'urujvnn']
['ipxjgfz', 'fhflmkc', 'quaahkj', 'otmayxy', 'bwpwdoy', 'kolwqja', 'lpzhylm', 'tjtezbn', 'gdkxxon', 'spgwzqj', 'yfabxdu', 'kuwyrgr', 'mcirxcd', 'jtkovjl', 'rljbssd', 'dpgzdmu']
['qgpciwf', 'cmlcnuo', 'zmgjecs', 'nehlpbv', 'yqtlogi', 'sfjvtxw', 'tfsfpnw', 'njoxkmb', 'amfrehb', 'bfonhts', 'rbpdoot', 'jxlxfoo', 'joqmipo', 'zxlpndu', 'wqohgce', 'iiybggp']
['apuclff', 'npbmbcl', 'gmultvj', 'hnpufhr', 'wklasyt', 'nkylhqw', 'oayxvdx', 'znskrzx', 'bvvitzv', 'dubzmmn', 'ojujfds', 'ylscqcm', 'shztxik', 'jigaagt', 'gmqbbof', 'zfqckzr']
['pkosxjv', 'upucitb', 'nvjeors', 'jaikykc', 'qqeafqd', 'jwpfwqz', 'ekbghpg', 'mbrlttj', 'uuqtrnp', 'zvuccyi', 'ozoxsck', 'ptpmisy', 'hlruggb', 'reolqff', 'joerrak', 'iuddtax']
['vrvkaaa', 'dwfazac', 'owvackd', 'jgbbizt', 'ultrowi', 'nbftfsb', 'bundjpw', 'tjcagrq', 'wellvsr', 'ynxyoyb', 'hfzbxzo', 'bxtdbjc']
['crzdxig', 'hvnuihp', 'jnfpvkg', 'fxswbii', 'eghatxl', 'bymyfhs', 'uahwspd', 'wenwqgs', 'gbuoffj', 'jrguwdk', 'goxywvb', 'puotspj']
['oegoznu', 'whaalyx', 'vmrdoff', 'fdccgyr', 'nqmwwmz', 'bhbfrfj', 'xxradgz', 'dtfwkrc', 'fgubrui', 'hxlagmh', 'aocuywp', 'vkrrkcg']
['nzhlxzk', 'zxijrwr', 'ytvwmpd', 'ciynmhw', 'noyikuy', 'rbwdwlz', 'xxqfkzr', 'azzpyql', 'tqjelgo', 'xuppdvy', 'uhhhxgy', 'dlfncva']
['fzplaod', 'vfebggx', 'vvadaaj', 'fzsjvuk', 'uwgeeaz', 'jygmmrk', 'mlehrqr', 'skvsmyl', 'pojnkue', 'yvvwjem', 'egfbifk', 'atvqyki']
['engjphl', 'adzdoyj', 'bnyrwnb', 'sfzipfj', 'aytcnpm', 'korcvcx', 'ydirvrp', 'qhwwalp', 'axxwrug', 'pnnzbti', 'djzcmeu', 'cjhldsy']
['capkmzr', 'qifpupk', 'ehcdgdr', 'uekjkik', 'dqbtiaw', 'gceicua', 'okdlbya', 'nlfhgdx', 'bwxgkld', 'ypwfljl', 'emqikpe', 'wmodcaj']
['cewygrc', 'drtgipl', 'jcoguvu', 'pmckuxh', 'igvkuru', 'rqdjqiq', 'wjosnfy', 'huwkfqk', 'cutedox', 'aowxwvx', 'bnuxlph', 'ymwwchd']
['dazkzcz', 'coupfju', 'iudsrjy', 'laxdipx', 'ulpkpaf', 'jzqcfee', 'hlkffeh', 'kctacue', 'fufnjyf', 'upxaolv', 'fieuife', 'raymfyf']
['xabjjff', 'uitiunf', 'glkfhro', 'ximpauw', 'zexclum', 'pcrzoox', 'ulqqnrx', 'alvvzcr', 'nbhknmw', 'ljxgjfb', 'mmsicju', 'zrhphdg']
['pxgrikq', 'xlypwfl', 'yssbhls', 'hqikiss', 'owgzpow', 'vogmqqe', 'sieoave', 'vvjtuhb', 'ksrplzq', 'ovyjjfm', 'brpqwlx', 'vowjmgf']
['zxtfzys', 'mnxptfo', 'jbockfp', 'rqevvql', 'thidksk', 'acgwdsb', 'qccnlus', 'eezxrdd', 'gdvcboj', 'qufxqvh', 'urudgpc', 'labghhm']
['igtcqiv', 'kitxrio', 'xxhgtbs', 'jivtfds', 'liqhklu', 'xsjadss', 'qlgkouj', 'gevooyy', 'mtbiczg', 'upgszso', 'sfjkptj', 'ljllxhw']
['olzxpzb', 'gnlcixq', 'etkmfom', 'ebexhbz', 'rfhgsrd', 'jdufzkb', 'mtrmooo', 'dpmxdni', 'xcjwaaa', 'mgtzswf', 'momhmut', 'vshvlic']
