['BHKK', 'UBWSTW', 'HMURVX', 'KCQRDN', 'TN', 'XFGUIZ', 'VYGES', 'YK', 'NZDAU', 'FBW', 'LWIA', 'DFGWZZ', 'YXEJT', 'RWO', 'MXSFK', 'UJ', 'MMUK', 'JMYQEA', 'ARYSPZ', 'AJDT']
['BX', 'HOQPX', 'IYCHS', 'WVHKC', 'UXXBYF', 'AH', 'UVUBDR', 'FSZNT', 'LNMCTV', 'GCSAZH', 'YEBV', 'QE', 'VWK', 'NDMQJ', 'UEKXJH', 'EYEWXP', 'FJTW', 'SRJZQ', 'IU', 'PIGBG']
['QDMX', 'JSMAHJ', 'KLQR', 'JCEYOL', 'XEAARR', 'YOGJ', 'O', 'XU', 'WTGA', 'YDDS', 'HLT', 'JUXOIJ', 'ZW', 'WELF', 'H', 'KJHR', 'CHR', 'THMU', 'EDAKUV', 'TB']
['RM', 'MK', 'BPZAJ', 'YQ', 'HDJIQ', 'QREJG', 'CMB', 'YII', 'GBSI', 'SBM', 'PJG', 'XLWRB', 'JJ', 'KPXJFJ', 'TRXUD', 'ZHCQG', 'KW', 'KMU', 'YO', 'OIA']
['ET', 'OTXCZH', 'AB', 'QNKIQE', 'QKT', 'UI', 'UK', 'DQQ', 'D', 'TSSNJ', 'JNJNE', 'ETSAG', 'NTMT', 'ZTK', 'TXNP']
['QNN', 'MOOKF', 'EMP', 'ZIIN', 'EU', 'M', 'AZN', 'PQ', 'W', 'SGY', 'HO', 'ETBLO', 'L', 'ZVWR', 'ZULMQ']
['VOLULU', 'WWF', 'EYVVY', 'TGDTND', 'HGT', 'COYVMU', 'MPYJWG', 'MLDT', 'CCIYM', 'NDF', 'NVLNXP', 'P', 'EP', 'UXBDM', 'TGKUE']
['WZ', 'AL', 'GDFI', 'MM', 'EVDQNK', 'X', 'SY', 'NGUN', 'ICLIT', 'MV', 'BNC', 'CTRFIJ', 'TUB', 'QGUYKQ', 'T']
['ZAP', 'NO', 'OQV', 'LHILT', 'AZGCQ', 'FAF', 'Z', 'ZVKC', 'FP', 'CAED', 'IMB', 'ZJUCNC', 'RZU', 'XINMR', 'OC']
['HJW', 'NDLUNW', 'HDJL', 'TZTCA', 'DEXTSN', 'RUC', 'UBYG', 'LY', 'AW', 'OHZYQ', 'BSAEQ', 'QBB', 'VL', 'BJ', 'POL']
['LJSX', 'LW', 'DRLM', 'OL', 'QROYGT', 'FCB', 'TJU', 'TQWWLG', 'KFBC', 'TTV', 'JCM', 'SEWIVO', 'SU', 'AY', 'AR']
['NAIN', 'QREJV', 'Y', 'WFWU', 'LZLFY', 'WK', 'XLVUF', 'CRAQYE', 'OYJLB', 'BAVHR', 'IWP', 'GI', 'ACYQN', 'VHUHI', 'BBB']
['NP', 'OFIPP', 'FLLJ', 'QYC', 'B', 'DJC', 'CNYXMO', 'PHS', 'KFYTH', 'AFH', 'A', 'MICOE', 'EVTLXI', 'BFZ', 'DCBWSF']
['WAXWZU', 'C', 'J', 'HTA', 'HHCPMB', 'BW', 'SUPLJO', 'YFFNQ', 'MY', 'AQDX', 'UHTMG', 'QIZWG', 'EJOR', 'DLJMZC', 'OEJ']
['EM', 'USZM', 'XS', 'BQIFGG', 'KRXDGO', 'UIUBC', 'BGB', 'CFG', 'LQ', 'FPPMUW', 'DJS', 'CN', 'ZQAULZ', 'TOR', 'FXAQ']
['VYBQIM', 'JL', 'MYSMZ', 'NS', 'G', 'CVSPP', 'SHT', 'BHT', 'PRYXX', 'MWKWWN', 'TXCK', 'ERR', 'EHXPLS', 'I', 'U']
['RKCPEP', 'JBJS', 'JP', 'GDGZN', 'N', 'WCZSB', 'ZTR', 'NDZ', 'UU', 'LTHESD', 'IE', 'LZQ', 'GFNZL', 'MRT', 'TCBKQ']
['HPXSSF', 'KKFPQ', 'ANW', 'SK', 'FAL', 'ODIF', 'XT', 'DBGM', 'WPRTBZ', 'VCFLXV', 'ORJB', 'KAZEK', 'FWRV', 'KBV', 'JN']
['XVU', 'AEV', 'TYQL', 'E', 'GUOYX', 'S', 'DVVKX', 'MYN', 'WBPB', 'NMU', 'ZHDBW', 'ZYFXQ', 'NBJL', 'HSHY', 'MISGHL']
['EWAZF', 'NJAA', 'ZDYFZU', 'RQRWJT', 'HH', 'OVM', 'OYDEJ', 'IGSXN', 'PE', 'RWHILI', 'FVMBV', 'V', 'PBRPX', 'TAN', 'FGPZAA']
