['AveryBradley', 'AndreDrummond']
['JuliusRandle', 'KentaviousCaldwellPope']
['DomantasSabonis', 'ThaddeusYoung']
['JimmyButler', 'AndrewWiggins']
['DariusMiller', 'JrueHoliday']
['NikolaMirotic', 'AnthonyDavis']
['LucMbahaMoute', 'JamesHarden']
['GorguiDieng', 'KarlAnthonyTowns']
['KyleLowry', 'DeMarDeRozan']
['DewayneDedmon', 'TaureanWallerPrince']
['JodieMeeks', 'BradleyBeal']
['NeneHilario', 'PJTucker']
['EmmanuelMudiay', 'WillBarton']
['NikolaVucevic', 'JonathonSimmons']
['TylerJohnson', 'JoshRichardson']
['TroyDaniels', 'TJWarren']
['DavisBertans', 'LaMarcusAldridge']
['PaulMillsap', 'JamalMurray']
['JordanClarkson', 'KyleKuzma']
['BuddyHield', 'BogdanBogdanovic']
['RajonRondo', 'ETwaunMoore']
['IanClark', 'DeMarcusCousins']
['ReggieBullock', 'IshSmith']
['MarkieffMorris', 'OttoPorter']
['WesleyJohnson', 'TobiasHarris']
['GiannisAntetokounmpo', 'KhrisMiddleton']
['JeffGreen', 'LeBronJames']
['DanielTheis', 'JaysonTatum']
['DirkNowitzki', 'HarrisonBarnes']
['ShabazzNapier', 'CJMcCollum']
['PatConnaughton', 'DamianLillard']
['CoryJoseph', 'VictorOladipo']
['MontrezlHarrell', 'LouWilliams']
['DavidWest', 'KlayThompson']
['WayneEllington', 'GoranDragic']
['MikeMuscala', 'DennisSchroder']
['DionWaiters', 'JamesJohnson']
['JeremyLamb', 'KembaWalker']
['JohnCollins', 'KentBazemore']
['KellyOlynyk', 'JustiseWinslow']
['ErsanIlyasova', 'MarcoBelinelli']
['JarrettAllen', 'SpencerDinwiddie']
['BrookLopez', 'BrandonIngram']
['KevinDurant', 'DraymondGreen']
['RaymondFelton', 'RussellWestbrook']
['JoelEmbiid', 'BenSimmons']
['TylerZeller', 'AllenCrabbe']
['BenMcLemore', 'MarcGasol']
['JerianGrant', 'JustinHoliday']
['CJMiles', 'SergeIbaka']
['AndrewHarrison', 'DillonBrooks']
['KyleKorver', 'JRSmith']
['GarrettTemple', 'WillieCauleyStein']
['BamAdebayo', 'HassanWhiteside']
['RickyRubio', 'DonovanMitchell']
['JohnHenson', 'EricBledsoe']
['MarioChalmers', 'JarellMartin']
['KyrieIrving', 'AlHorford']
['MalcolmBrogdon', 'TonySnell']
['OGAnunoby', 'JonasValanciunas']
['LukeKennard', 'StanleyJohnson']
['FrankKaminsky', 'DwightHoward']
['KristapsPorzingis', 'CourtneyLee']
['WilsonChandler', 'NikolaJokic']
['PauGasol', 'PattyMills']
['ChrisPaul', 'TrevorAriza']
['JeffTeague', 'TajGibson']
['SterlingBrown', 'ThonMaker']
['ZachRandolph', 'DeAaronFox']
['PatrickPatterson', 'PaulGeorge']
['ZachCollins', 'JusufNurkic']
['RobinLopez', 'DenzelValentine']
['GaryHarris', 'MasonPlumlee']
['SkalLabissiere', 'JustinJackson']
['RoyceONeale', 'JoeIngles']
['AlexLen', 'DraganBender']
['JaylenBrown', 'TerryRozier']
['IanMahinmi', 'KellyOubre']
['JerrydBayless', 'RobertCovington']
['MauriceHarkless', 'AlFarouqAminu']
['RyanAnderson', 'EricGordon']
['YogiFerrell', 'WesleyMatthews']
['CoreyBrewer', 'LonzoBall']
['JonasJerebko', 'DerrickFavors']
['TorreyCraig', 'TreyLyles']
['QuincyAcy', 'DeMarreCarroll']
['JaredDudley', 'JoshJackson']
['MichaelCarterWilliams', 'MarvinWilliams']
['CristianoFelicio', 'LauriMarkkanen']
['TylerUlis', 'DevinBooker']
['JeramiGrant', 'CarmeloAnthony']
['BrynForbes', 'KyleAnderson']
['JaMychalGreen', 'TyrekeEvans']
['AlexAbrines', 'StevenAdams']
['DeyontaDavis', 'JamesEnnis']
['ReggieJackson', 'AnthonyTolliver']
['NemanjaBjelica', 'JamalCrawford']
['AmirJohnson', 'DarioSaric']
['MarcusMorris', 'MarcusSmart']
['TomasSatoransky', 'MarcinGortat']
['AlJefferson', 'BojanBogdanovic']
['JaeCrowder', 'KevinLove']
['SalahMejri', 'DennisSmith']
['MalcolmDelaney', 'IsaiahTaylor']
['AronBaynes', 'SemiOjeleye']
['MarioHezonja', 'AaronGordon']
['JoshHuestis', 'AndreRoberson']
['LanceStephenson', 'DarrenCollison']
['RudyGobert', 'RodneyHood']
['EvanTurner', 'EdDavis']
['ZazaPachulia', 'StephenCurry']
['JoseCalderon', 'TristanThompson']
['AlecBurks', 'EkpeUdoh']
['DannyGreen', 'DejounteMurray']
['MalikMonk', 'NicolasBatum']
['DwyaneWade', 'CediOsman']
['FrankNtilikina', 'TimHardaway']
['RichaunHolmes', 'JJRedick']
['AustinRivers', 'DeAndreJordan']
['ShabazzMuhammad', 'TyusJones']
['JakobPoeltl', 'PascalSiakam']
['JoeHarris', 'RondaeHollisJefferson']
['MilosTeodosic', 'SindariusThornwell']
['LangstonGalloway', 'MarqueseChriss']
['TimotheLuwawuCabarrot', 'TJMcConnell']
['NickYoung', 'AndreIguodala']
['KostaKoufos', 'GeorgeHill']
['ShelvinMack', 'EvanFournier']
['MaxiKleber', 'DwightPowell']
['MichaelBeasley', 'EnesKanter']
['RudyGay', 'ManuGinobili']
['JasonTerry', 'JabariParker']
['TreveonGraham', 'MichaelKiddGilchrist']
['DanteCunningham', 'JameerNelson']
['FredVanVleet', 'DelonWright']
['JJBarea', 'DevinHarris']
['DougMcDermott', 'JarrettJack']
['BobbyPortis', 'DavidNwaba']
['PatrickMcCaw', 'ShaunLivingston']
['ElfridPayton', 'DJAugustin']
['TysonChandler', 'JohnWall']
['LanceThomas', 'KyleOQuinn']
['JoshHart', 'LarryNance']
['KrisDunn', 'PaulZipser']
['BismackBiyombo', 'WesleyIwundu']
['JoeYoung', 'MylesTurner']
['ClintCapela', 'GeraldGreen']
['SamDekker', 'BlakeGriffin']
['CarisLeVert', 'DAngeloRussell']
['MikeScott']
