['HJ', 'JF', 'N', 'BC', 'BF', 'HM', 'NL', 'LG', 'LD', 'ML']
['JC', 'JB', 'KA', 'FJ', 'NE', 'B', 'NW', 'D', 'HR', 'NY']
['RY', 'Y', 'A', 'PZ', 'HX', 'IY', 'IQ', 'JN', 'FW', 'QX']
['QU', 'EW', 'FU', 'CL', 'PA', 'F', 'KU', 'HF', 'JX', 'CE']
['DT', 'RH', 'DX', 'HE', 'PE', 'BT', 'R', 'GZ', 'GM', 'JJ']
['GO', 'MZ', 'EG', 'U', 'Q', 'FA', 'LB', 'HD', 'RJ', 'JV']
['W', 'EF', 'NG', 'ND', 'IP', 'T', 'SK', 'FE', 'SD', 'QI']
['IC', 'BH', 'OQ', 'P', 'JZ', 'QF', 'GG', 'KB', 'QN', 'HA']
['IX', 'LW', 'LV', 'JG', 'BV', 'QC', 'FL', 'KL', 'FN', 'PC']
['KK', 'LN', 'TB', 'OD', 'FT', 'BK', 'QP', 'QL', 'NQ', 'DE']
['NF', 'SJ', 'NZ', 'QK', 'EQ', 'CK', 'DJ', 'HV', 'ME', 'EO']
['QM', 'KR', 'QJ', 'PP', 'BQ', 'EX', 'ID', 'IO', 'LP', 'SW']
['RR', 'NV', 'CV', 'LY', 'CO', 'SV', 'EN', 'JH', 'MM', 'CS']
['SY', 'GR', 'PT', 'CJ', 'JR', 'RS', 'QD', 'KW', 'RD', 'HN']
['TD', 'OC', 'CA', 'LU', 'FO', 'OT', 'SB', 'HO', 'EY', 'OF']
['BU', 'HB', 'CU', 'PN', 'L', 'RT', 'LL', 'GF', 'SA', 'CH']
['CX', 'GB', 'MI', 'CC', 'FQ', 'DU', 'LZ', 'NA']
['DI', 'KX', 'NT', 'JP']
['ED', 'IF', 'KJ', 'PU']
['BB', 'JA', 'MO', 'OS']
['HC', 'MT', 'G', 'HY']
['HL', 'BA', 'PS', 'MW']
['JE', 'RM', 'EI', 'LR']
['JK', 'GI', 'ER', 'IB']
['JQ', 'EJ', 'SM', 'SZ']
['OX', 'GH', 'SL', 'LQ']
['PD', 'CQ', 'QA', 'Z']
['BN', 'BJ', 'RB', 'DM']
['CN', 'PJ', 'RW', 'NC']
['DH', 'X', 'GV', 'JU']
['PL', 'BL', 'GK', 'EK']
['EP', 'MX', 'GW', 'EU']
['FB', 'BM', 'II', 'GD']
['BY', 'DS', 'KM', 'OP']
['HQ', 'FI', 'NU', 'QG']
['JI', 'CD', 'OE', 'BR']
['KN', 'FY', 'QW', 'JT']
['M', 'TA', 'QQ', 'HP']
['MF', 'SU', 'ST', 'NO']
['MH', 'DO', 'KD', 'JW']
['MS', 'SP', 'KY', 'RG']
['CR', 'LE', 'LO', 'SH']
['NK', 'QT', 'TF', 'KQ']
['KG', 'PK', 'PG', 'SC']
['QH', 'DG', 'DP', 'PM']
['CB', 'MA', 'GA', 'NP']
['SE', 'MJ', 'NR', 'OL']
['FR', 'RZ', 'CM', 'V']
['TC', 'PW', 'RI', 'SI']
['DL', 'SO', 'IE', 'GT']
['EZ', 'O', 'HH', 'FK']
['FP', 'OU', 'DQ', 'SS']
['IA', 'QV', 'BW', 'CW']
['GC', 'CZ', 'RQ', 'CG']
['MN', 'GJ', 'NN', 'QE']
['GQ', 'MQ', 'JD', 'DV']
['GU', 'MY', 'OA', 'SN']
['JM', 'GX', 'DC', 'SF']
['QB', 'IH', 'KP', 'KV']
['KS', 'MB', 'PQ', 'IG']
['RN', 'RK', 'PB', 'BZ']
['LF', 'KI', 'DB', 'EH']
['LM', 'OV', 'LT', 'EM']
['LX', 'HW', 'CP', 'SG']
['MP', 'PI', 'IL', 'EC']
['MV', 'LH', 'FM', 'KF']
['RL', 'FG', 'JO', 'PR']
['NH', 'GS', 'JS', 'RU']
['NS', 'EA', 'GY', 'OO']
['OM', 'OJ', 'ES', 'EB']
['OW', 'EV', 'FF', 'PH']
['OZ', 'LI', 'IT', 'GL']
['PO', 'C', 'TE', 'KC']
['PY', 'OR', 'ON', 'OB']
['QY', 'BG', 'HI', 'FH']
['QZ', 'OH', 'H', 'RA']
['QO', 'IN', 'HT', 'BD']
['RX', 'IR', 'DR', 'HS']
['SR', 'RF', 'QR', 'CY']
['DF', 'LS', 'NX', 'CT']
['DN', 'IU', 'OI', 'FZ']
['DW', 'KO', 'FV', 'IS']
['DY', 'FD', 'FX', 'E']
['DZ', 'PV', 'GP', 'HK']
['RP', 'FS', 'ET', 'IJ']
['HU', 'DK', 'OK', 'KH']
['FC', 'EL', 'CF', 'RE']
['S', 'MG', 'PX', 'SQ']
['I', 'CI', 'K', 'MC']
['NB', 'JY', 'QS', 'RV']
['IM', 'BS', 'LC', 'BP']
['EE', 'BE', 'DD', 'NJ']
['IW', 'BI', 'SX', 'KT']
['PF', 'HZ', 'IV', 'BO']
['KZ', 'OG', 'MK', 'MU']
['LJ', 'KE', 'J', 'RO']
['MD', 'HG', 'IK', 'DA']
['MR', 'JL', 'OY', 'LK']
['RC', 'LA', 'NM', 'GN']
['NI', 'IZ', 'BX', 'GE']
