['Vickie', 'Harry', 'Julius', 'Stacy', 'James', 'Kristina', 'Craig']
['Kenneth', 'Tammy', 'Dan', 'Derrick', 'Randall', 'Josie', 'Guadalupe']
['Shawna', 'Delia', 'Carina', 'Judith', 'Megan', 'Matt', 'Antoinette']
['Walter', 'Wanda', 'Octavia', 'William', 'Peggy', 'Lydia', 'Jessie']
['Bessie', 'Rory', 'Devon', 'Christine', 'Diane', 'Cedric', 'Mae']
['Beverly', 'Houston', 'Carol', 'Cyndy', 'Jewell', 'Charlotte', 'Alice']
['Tabatha', 'Carroll', 'Maybell', 'Harriett', 'Elizabeth', 'Antonio', 'Leigh']
['Jayne', 'Dawn', 'Virginia', 'Vicente', 'Kimberly', 'Bernie', 'Harriet']
['Kay', 'Scotty', 'Frida', 'Hillary', 'Ronald', 'Marla', 'Susan']
['Mei', 'Tracy', 'Melissa', 'Roberto', 'Debbie', 'Leola', 'Darryl']
['Patricia', 'Norma', 'Curtis', 'Allen', 'Rachel', 'Emily', 'Oscar']
['Edwin', 'Larry', 'Sulema', 'Rick', 'Debra', 'Ralph', 'Hector']
['Mildred', 'Isaac', 'Shawn', 'Maryann', 'Weldon', 'Lauren', 'Mavis']
['Phillip', 'Doris', 'Robin', 'Timothy', 'Catherine', 'Maria', 'Eric']
['Brandon', 'Arturo', 'Shante', 'Joseph', 'Gladys', 'Esperanza', 'Jasmine']
['Emilee', 'Esther', 'Gary', 'Janice', 'Raymond', 'Janet', 'Deandre']
['Arline', 'Shaun', 'Lizzie', 'Thelma', 'Myra', 'Nellie', 'Porfirio']
['Joyce', 'Erica', 'Justin', 'Kenny', 'Vicky', 'Shirley', 'Lela']
['Loretta', 'Mona', 'Mari', 'Frances', 'Quentin', 'Kathleen', 'Sheila']
['Leo', 'Tommy', 'Jane', 'Virgie', 'Elvera', 'Linda', 'Evan']
['Paula', 'Jason', 'Mark', 'Heidi', 'Peter', 'Tommie', 'Gerald']
['Gene', 'Kelli', 'Lori', 'Lucille', 'John', 'Hildegard', 'Toni']
['Lawrence', 'Dorothy', 'Christian', 'Sam', 'Rafael', 'Abdul', 'Steven']
['Maureen', 'Kim', 'Anne', 'Paul', 'Kelvin', 'Lorena', 'Gordon']
['Ricardo', 'Alonzo', 'Jonathan', 'Phyllis', 'Marjorie', 'Ted', 'Evelyn']
['Gail', 'Brittany', 'Warren', 'Colleen', 'Cara', 'Clyde', 'Laurie']
['Grace', 'Joe', 'Sally', 'Stephen', 'Ericka', 'Frank', 'Dewayne']
['David', 'Irene', 'Todd', 'Robert', 'Fay', 'Adam', 'Patrice']
['Joshua', 'Hilton', 'Crystal', 'Sara', 'Jonathon', 'Philip', 'Lidia']
['Joy', 'Mitchell', 'Rena', 'Kelly', 'Ray', 'Darrin', 'Rueben']
['Luis', 'Dwayne', 'Gale', 'Alberta', 'Carla', 'Juan', 'Kristine']
['Cheryl', 'Pat', 'Jerry', 'Marie', 'Donna', 'Brian', 'Barbara']
['Eunice', 'Latonya', 'Barbra', 'Karen', 'Claudia', 'Angel', 'Noma']
['Geraldine', 'Andre', 'Sharon', 'Lisa', 'Rebecca', 'Chris', 'Helen']
['Gloria', 'Ladonna', 'Aron', 'Matthew', 'Marcus', 'Byron', 'Kristen']
['Iris', 'Regina', 'Laura', 'Donald', 'Esta', 'Lucy', 'Felipe']
['Johnathan', 'Chelsea', 'Ivan', 'Dottie', 'Olive', 'Wade', 'Betty']
['Krista', 'Pamela', 'Molly', 'Trenton', 'Isabelle', 'Sheldon', 'Russel']
['Vera', 'Bonita', 'Miriam', 'Anna', 'Steve', 'Danielle', 'Carolyn']
['Corinne', 'Austin', 'Thomas', 'Martin', 'Samantha', 'Keith', 'Gerard']
['Deborah', 'Anthony', 'Nancy', 'Reggie', 'Jim', 'Randy', 'Arthur']
['Eva', 'Rocio', 'Lacey', 'Lester', 'Bernice', 'Maxine', 'Bobby']
['Jeffery', 'Melanie', 'Richard', 'Adrian', 'Renee', 'Jeanette', 'Newton']
['Patrick', 'Minnie', 'Barry', 'Jennifer', 'Theresa', 'Aileen', 'Jeff']
['Stephanie', 'Kathryne', 'Julie', 'Cleo', 'Ruth', 'Jean', 'Katherine']
['Vance', 'Henry', 'Vanessa', 'Andrea', 'Chester']
['Charles', 'Bernard']
['Claire', 'Lorenzo']
['Justine', 'Tanya']
['Kurt', 'Christiana']
['Marybeth', 'Clifford']
['Levi', 'Josephine']
['Lorene', 'Salvatore']
['Louis', 'Damian']
['Rhonda', 'Marta']
['Ruthie', 'Daniel']
['Alvin', 'Johnny']
['Anita', 'Cheri']
['Brenda', 'Patsy']
['Christopher', 'Dennis']
['George', 'Mary']
['Hazel', 'Fredrick']
['Jeffrey', 'Wilbur']
['Tim', 'Dolores']
['Tom', 'Zachary']
['Ashley', 'Horace']
['Beatrice', 'Ernest']
['Casandra', 'Tonya']
['Colin', 'Alan']
['Doretha', 'Ada']
['Gregory', 'Cindy']
['Jerome', 'Matilda']
['Jacqueline', 'Lottie']
['Manuel', 'Desiree']
['Bruce', 'Michelle']
['Cameron', 'Marion']
['Daphne', 'Lakesha']
['Harold', 'Jami']
['Joan', 'Ethel']
['Johnnie', 'Amanda']
['Edward', 'Benjamin']
['Julia', 'Katrina']
['Melony', 'Raquel']
['Rod', 'Carlton']
['Teresa', 'Blanche']
['Terry', 'Lowell']
['Billie', 'Jeremy']
['Roy', 'Shane']
['Alex', 'Stanley']
['Merle', 'Katie']
['Mireya', 'Kyle']
['Nicholas', 'Hugo']
['Sandra', 'Bernadette']
['Sarah', 'Emerson']
['Victoria', 'Kathryn']
['Brett', 'Heather']
['Erik', 'Roberta']
['Erma', 'Mario']
['Fletcher', 'Gilbert']
['Joel', 'Nathaniel']
['Lucia', 'Carl']
['Lexie', 'Victor']
['Beatriz', 'Mamie']
['Cynthia', 'Cesar']
['Jessica', 'Milton']
['Carlos', 'Albert']
['Earl', 'Dena']
['Eduardo', 'Marge']
['Fred', 'Pauline']
['Wilfredo', 'Annie']
['Samuel', 'Lillie']
['Sheryl', 'Tiara']
['Cathleen', 'Louise']
['Brooks', 'Melvin']
['Carole', 'Jodi']
['Carrie', 'Ella']
['Douglas', 'Pearl']
['Jammie', 'Argentina']
['Carmen', 'Margaret']
['Lena', 'Shelly']
['Tomas', 'Clara']
['Michael', 'Antonietta']
['Monica', 'Jewel']
['Roger', 'Martha']
