['00C269', '1D4417', 'BE3703', 'F32B0B', 'DE6241', 'E2701A', '400D20', 'D6F426', '8DF985', '1A770B', '865328', '73271F', 'F13455', 'A89402', '273165', 'A4FCD1', '3D046E', '41AFC9', '052CC7', 'FBF275']
['01E026', 'BA7ED0', '8254EB', 'AF83FA', '9DF876', '4BC7D0', 'A5F27A', 'E492E0', '9D8AD8', 'BC38A8', '49EEB4', 'D65E29', 'B49939', '9B09E5', '45CE10', '83ACF7', '38515C', '82B105', '9330C0', 'B166D1']
['026256', 'C96CD6', '0264AF', '93D432', '2D4D61', '2B8F4B', 'EB9D60', '9BAC71', '7334F9', '2D56C1', '8AC55C', '0C3AFF', 'A03FB7', 'E191B0', '5B4152', '29D22B', '8806E7', '5D5C76', '4430C2', '1866E0']
['E4C3BA', '3963FC', 'D78532', '31B801', '0FE5DD', 'EC2626', 'CC66B0', 'F28C7F', 'B4BD91', 'CB5EDA', 'DF5F9C', '20C0D0', '60B803', '4DBE20', '88E0AE', '5C5B8D', '923B8C', '09FFA6', '05F2DC', '696B37']
['029563', '09CFE9', 'EC35B5', '87EE7F', '5248A9', '414B77', '35DA72', '2E6B38', '1D0C35', '82F466', '26B294', '10BBE1', 'A0DDCD', '3228BB', '5332A9', 'F61AD7', '05473A', '89372A', 'D6DD9E', '6D4DDC']
['035E05', '43F505', 'C8F1A7', 'D31361', '206150', '2C02B7', '15AA36', '4BBAFA', '24A4D1', '38EA17', '72D023', '0231A4', 'FD1DAC', '565E46', '292CB3', '177A03', 'D50881', '2F584A', '77EB41', 'DFE9C6']
['037831', '8E8C76', '118FE2', '66C38E', '6E7E64', '2D2248', 'EDB261', '415552', '0E78AA', 'CC08F5', '6BF4D3', '43FE78', '6C5208', '2215AE', '2EDC82', '5A3E90', 'B2C529', '099A40', 'E1B665', 'E3583F']
['03B42D', '39CAB7', 'E1A380', '81A856', '30EA83', '593AF4', '478A7C', 'B13536', '1F4650', '28CCA5', 'C748A2', 'E479C8', 'FB3B86', '78E144', 'FF3177', 'F9011B', '8ECA84', '2DE42A', 'E4F6EF', '69FD70']
['04279E', '33ABEE', '52FB79', 'D049CD', 'CBE0EA', '6EEE66', '9C4CA5', '068D28', '2B8E0B', '0A3E48', '40C7FF', '316244', 'B32674', 'C2A74D', '1D9893', '7647CD', '22394B', '5C016B', '5ABFA9', '846154']
['0525B9', 'EB90EE', 'C69699', 'D324E7', 'D78522', '9ABAFB', '5A5DE8', 'C0EA59', 'E93252', '5451FF', 'E277CB', '3E7F60', '95F017', '81E0FA', 'F33ACF', 'D8849E', 'E0044F', 'F4C13E', 'F1DB81', '34E9FE']
['99E133', 'BCD2F5', '0CFFC9', 'DBF47C', '30C157', '00CD58', '71AC6D', 'BE5B1D', 'DDB7C8', '1F6554', 'EB3718', '2961DB', '80F9BC', 'EE9200', '4E8355', '9CE56C', '6D4C8F', '920715', '770A4C', 'CE0D10']
['09944C', '3D4600', '1B06C5', '833C34', 'FBB00D', '468F31', '1986A0', '364B78', '57FCD8', '848C87', '89A551', '5C91EE', '503A55', 'D83AF7', 'E81232', '81A0D3', '77042F', '97D861', '747199', '77B9A5']
['7FE1F2', '739ABF', '78DB65', 'B2C27D', '18D668', 'D363AB', '3D830C', 'CD5322', '2B3DD7', 'A911EF', 'D0E5BE', 'F4EDF8', '8883AC', 'F1B367', '55B952', '672145', '6C3CD5', '34ACF3', 'F7F9CB', 'ABE83F']
['189812', '6DCBC8', '4AE7C7', 'EB7E6A', 'D883C0', '5ADC6D', '0FC6EE', '4BD8B1', 'F2B7FD', '244528', '42EE34', 'CC9A13', '0C4437', '66F8EA', '56B4C2', '1C3933', '76131B', 'D2BDB6', '90E78E', '6246E1']
['0AC7A0', 'B78EF9', '75002A', 'B00B7F', 'C1CAB9', 'E8C5B8', '4AC817', 'F3EDD7', '5E4F6B', '4D74EB', '8BEC15', '66B93A', '2819EE', '98497D', '893D61', '6E3DED', '73F93C', 'D79D49', '2F46CD', 'AD6105']
['0AFD91', '4C0FCD', '539972', '9C4F00', 'F9EB1F', 'C19610', '5A681E', 'C9EF6D', '4FCF52', '4C1D36', 'A1D29E', 'C07CCC', 'DB6CBF', 'AAAF0B', '1D216B', '1E0B30', '66547C', '85CFC7', '31B17E', '7CC3A7']
['0B99EF', 'A4F4BB', '255208', '0E6FA7', '943005', '9FCB42', '1CAAAC', '935873', '8D43AD', 'CA893B', 'B8B01F', 'BA6187', '992AEE', '49EB71', 'B56D74', 'B2A692', 'B2CB4D', '160ED4', '7F8E1D', '7C730C']
['187923', '14A3E7', '3235BA', 'F448AE', 'EED7BB', '1350AD', '601CA7', '9923B4', '31C6A3', '219F75', 'FC75E7', '62BC31', '1E571E', 'CED5FC', 'E8A38A', 'FAB638', 'D2F8E5', '26C6B9', 'D0E36A', '917501']
['0D6A28', '5D4F2F', '82BD08', 'E9F19A', '92C42A', '7B325B', '29267F', '3FAE1E', '6C1A62', 'FCB503', 'DF44F5', '98B1CA', 'FFD642', '398310', '8963E1', 'F8B91A', 'BB986B', 'E7EFA5', '99392B', 'C4882F']
['E46F9E', 'FD33F7', '1DD8D0', '47063A', '823C51', 'E15D93', 'FE7E47', '6AFCAC', '5E2607', '552199', '8EC8D8', '81DA52', 'FCD63D', 'EEF23E', '71AE93', '4A32EA', '3E6399', 'A4EAD9', '940AC5', '94AED5']
['FECCAB', '628552', '5BEDDF', 'B85F11', '19EFAF', '46371B', 'B6FA16', '74ADA7', '608F21', '3F75A9', 'CC4384', '2BEC39', '7D4045', '75C017', '51197D', '18AEFC', '2E4B9D', '58ED2B', '882258', 'B0C2D3']
['7C8A3D', 'EFBA0C', '4EBF50', '88FFF8', '380FF7', '7FADE3', '593840', 'DDA295', '29BFBC', '718436', 'D8A834', 'F37211', '9D6554', 'A34095', '1330B3', '5BC875', '94C20E', '26DA83', '929578', '8FF839']
['C60FE7', '861E09', 'B6ACFC', '83752D', 'B4257C', 'D98FB6', '1656DC', '605983', '26DB4C', '3B6837', '420711', 'C0A19A', '326662', '7848BA', '54C37C', '1600AD', '9C5DCF', '5C0D69', '7AADBC', 'D8492F']
['113E1F', 'DCB902', '1D39ED', 'F545E1', 'F85131', '1FBE40', 'D9180C', '6833E8', '511040', 'BB9072', 'D2EB79', 'EF37A6', '9C0B9D', 'B38307', '5AF312', '8F75EC', '1743CD', 'AC34B5', 'C3678B', '3CB50A']
['463E2C', 'C34593', 'CD374A', '3EF396', '25B295', '369765', 'AB96B9', '5F88E7', '5C4F81', '36FCBF', '7B306C', 'C5416A', 'E33128', 'B0F05D', '52BFE5', '3A0D10', 'E77DD8', 'C54164', '1D528C', 'DBDDB5']
