['Stefa', 'Orsa', 'Tiphanie', 'Emelda', 'Estele', 'Karie', 'Daphene', 'Morena', 'Corinne', 'Carla', 'Kiele', 'Camala', 'Bridgette', 'Casi', 'Desiri']
['Marlie', 'Inga', 'Charita', 'Rhodia', 'Agnese', 'Tiffany', 'Claudie', 'Adriane', 'Dotti', 'Fania', 'Reggi', 'Lorain', 'Maxie', 'Helyn', 'Zenia']
['Teddi', 'Marcie', 'Moyna', 'Kittie', 'Row', 'Beatrice', 'Jaynell', 'Vanni', 'Dee', 'Monique', 'Cristabel', 'Bekki', 'Meggi', 'Dyane', 'Collete']
['Sheila', 'Paulina', 'Brigitte', 'Clarissa', 'Kathleen', 'Avivah', 'Shanie', 'Sileas', 'Alia', 'Erminia', 'Quintana', 'Neile', 'Caryn', 'Idelle', 'Madelena']
['Jemie', 'Rowena', 'Joelly', 'Estella', 'Drusy', 'Livy', 'Roslyn', 'Mair', 'Agneta', 'Idalina', 'Charmine', 'Missy', 'Eran', 'Malva', 'Eolanda']
['Gianina', 'Kara', 'Doroteya', 'Harriet', 'Katti', 'Anastassia', 'Noreen', 'Addi', 'Silva', 'Georgiana', 'Rosana', 'Roxane', 'Ulrike', 'Rosamond', 'Terese']
['Gwennie', 'Stesha', 'Yovonnda', 'Willi', 'Clemence', 'Marijo', 'Patty', 'Veradis', 'Gale', 'Rhody', 'Jorrie', 'Anabel', 'Birgitta', 'Sonni', 'Vonni']
['Chelsy', 'Cheslie', 'Ruperta', 'Vicky', 'Oralee', 'Gae', 'Tarra', 'Ronnica', 'Melinde', 'Starlin', 'Fawnia', 'Dita', 'Jessamyn', 'Gabbie', 'Cathryn']
['Martina', 'Carroll', 'Cristen', 'Kathy', 'Nicoli', 'Gerry', 'Diane', 'Tanitansy', 'Athena', 'Colline', 'Briny', 'Yolanda', 'Georgeanne', 'Brear', 'Diahann']
['Nanon', 'Dena', 'Hedwiga', 'Ranice', 'Eve', 'Yetta', 'Peg', 'Kaitlin', 'Nancie', 'Janice', 'Nedda', 'Pammy', 'Melloney', 'Yoshi', 'Xylina']
['Flory', 'Winifred', 'Sandie', 'Andie', 'Jesse', 'Erica', 'Elvera', 'Netty', 'Marlena', 'Dominica', 'Rita', 'Agatha', 'Brunhilda', 'Kellie', 'Valli']
['Frankie', 'Rivkah', 'Rosene', 'Lorie', 'Hortense', 'Cristionna', 'Alyson', 'Della', 'Tim', 'Antonietta', 'Catha', 'Sada', 'Marris', 'Else', 'Marisa']
['Myrtle', 'Kaitlynn', 'Jacqui', 'Danni', 'Mei', 'Annice', 'Sula', 'Cassondra', 'Lani', 'Oliy', 'Fran', 'Angelica', 'Johanna', 'Natalya', 'Ramonda']
['Nelie', 'Amalee', 'Faythe', 'Lira', 'Selinda', 'Laverne', 'Tani', 'Eulalie', 'Sofie', 'Tiffy', 'Lydie', 'Nissie', 'Josepha', 'Cindie', 'Aviva']
['Noell', 'Leda', 'Jolie', 'Ingunna', 'Belle', 'Fredericka', 'Krissy', 'Anabal', 'Mella', 'Lyda', 'Bonita', 'Britteny', 'Delly', 'Alexandrina', 'Dorine']
['Stormi', 'Austina', 'Doris', 'Cherilynn', 'Gavra', 'Nicki', 'Kathryn', 'Tamra', 'Andromache', 'Latisha', 'Stephannie', 'Adiana', 'Opal', 'Euphemia', 'Lynnet']
['Kala', 'Shoshana', 'Agnes', 'Kania', 'Tamara', 'Lorena', 'Allene', 'Serena', 'Mariellen', 'Tallie', 'Lisette', 'Allie', 'Mufinella', 'Maddalena', 'Julie']
['Edith', 'Shirl', 'Sherrie', 'Anabelle', 'Paige', 'Risa', 'Clemmie', 'Sadye', 'Debora', 'Randie', 'Brook', 'Zulema', 'Matilde', 'Conchita', 'Ansley']
['Bernice', 'Babara', 'Jen', 'Brittan', 'Sile', 'Marabel', 'Kellsie', 'Lotte', 'Leanora', 'Fernande', 'Vinni', 'Thia', 'Haley', 'Joanna', 'Cassandra']
['Arlee', 'Carri', 'Mirna', 'Marcella', 'Lulu', 'Anette', 'Gaby', 'Lesly', 'Mechelle', 'Millisent', 'Demetria', 'Korney', 'Britney', 'Corly', 'Bertie']
