['Erminia8', 'Oretta5', 'Karim8', 'Odino6', 'Albino1', 'Laura1', 'Italo5', 'Ian2', 'Giulietta7', 'Cira7', 'Osea1', 'Xavier5', 'Cassiopea8', 'Cesidia8', 'Diamante6', 'Celeste3', 'Caio6', 'Mariagiulia3', 'Damiana2', 'Tancredi6']
['Benedetta1', 'Lidia4', 'Cleros2', 'Pablo7', 'Benedetta4', 'Michael4', 'Guido1', 'Cleopatra8', 'Osvaldo5', 'Marina6', 'Loretta1', 'Alberto5', 'Adriano0', 'Danuta0', 'Anastasio3', 'Ercole1', 'Costanzo6', 'Tommaso8', 'Cleros6', 'Lidia6']
['Bettino8', 'Arduino8', 'Sue2', 'Fiorentino3', 'Silvano4', 'Isabel6', 'Miriam8', 'Leonardo1', 'Fabio8', 'Clodovea1', 'Ermes9', 'Ione9', 'Giordano5', 'Gianantonio3', 'Alessandro3', 'Amedeo5', 'Luce6', 'Ferdinando0', 'Mauro7', 'Baldassarre3']
['Romeo2', 'Jarno1', 'Odone4', 'Sabatino1', 'Concetta9', 'Liborio4', 'Carmela6', 'Sebastian2', 'Umberto0', 'Furio5', 'Armando5', 'Terzo7', 'Rita6', 'Pacifico0', 'Eusebio3', 'Miriana4', 'Joshua0', 'Armando8', 'Siro3', 'Nestore6']
['Augusto8', 'Elio8', 'Demis2', 'Mattia1', 'Rosalino0', 'Rebecca2', 'Anastasio7', 'Battista3', 'Concetta1', 'Giovanna5', 'Pietro1', 'Mietta0', 'Priamo0', 'Pablo9', 'Kayla9', 'Gerlando9', 'Donatella7', 'Cleopatra5', 'Davide1', 'Alessio3']
['Cleopatra7', 'Giobbe6', 'Siro8', 'Brigitta8', 'Teseo4', 'Osea9', 'Tolomeo6', 'Loredana6', 'Filomena3', 'Piersilvio3', 'Costantino7', 'Mariagiulia0', 'Fabiano1', 'Edilio6', 'Marcella3', 'Gregorio2', 'Elsa1', 'Miriam7', 'Celeste4', 'Marianita7']
['Ethan7', 'Valdo2', 'Mecren5', 'Fabiano3', 'Max1', 'Maggiore3', 'Thea4', 'Marieva8', 'Lauro3', 'Ermes4', 'Mattia9', 'Anselmo8', 'Michael9', 'Giorgio6', 'Umberto9', 'Nestore8', 'Gelsomina6', 'Giulio2', 'Timoteo5', 'Gregorio7']
['Costanzo4', 'Filomena4', 'Elda4', 'Valdo9', 'Miriana9', 'Rosita1', 'Ariel9', 'Rosaria8', 'Emidio9', 'Amedeo6', 'Odino9', 'Maika9', 'Primo1', 'Romeo4', 'Carlo1', 'Penelope5', 'Claudia1', 'Oreste0', 'Carmela3', 'Marianita1']
['Manfredi5', 'Ludovico2', 'Prisca2', 'Bortolo9', 'Mietta2', 'Fatima9', 'Noel4', 'Sarita7', 'Iacopo2', 'Gianriccardo3', 'Thea5', 'Tazio7', 'Giorgio3', 'Mietta1', 'Caligola0', 'Lisa0', 'Kris2', 'Eriberto9', 'Claudia6', 'Damiana9']
['Miriana7', 'Enrico1', 'Genziana8', 'Odone9', 'Kai5', 'Matilde9', 'Pacifico5', 'Renzo5', 'Sibilla4', 'Loris4', 'Sirio1', 'Maruska3', 'Gaetano5', 'Renato5', 'Muzio8', 'Joshua3', 'Siro0', 'Carmelo4', 'Enzo7', 'Clodovea2']
['Amerigo5', 'Eustachio2', 'Jole3', 'Eustachio1', 'Ercole9', 'Deborah2', 'Tristano5', 'Quarto3', 'Vania2', 'Mirko6', 'Marina7', 'Tristano8', 'Sesto8', 'Sesto2', 'Ercole2', 'Walter1', 'Nestore5', 'Flaviana6', 'Luigi7', 'Dante0']
['Maika6', 'Domiziano7', 'Vera2', 'Marianita8', 'Odone8', 'Osea0', 'Folco8', 'Mecren9', 'Evangelista9', 'Olimpia3', 'Folco4', 'Noah0', 'Joseph7', 'Vania3', 'Isabel1', 'Mariagiulia4', 'Eliziario6', 'Quasimodo0', 'Jacopo4', 'Elga8']
['Marina4', 'Sasha7', 'Cleros4', 'Mattia6', 'Secondo0', 'Irene7', 'Orfeo1', 'Eusebio6', 'Soriana6', 'Anselmo3', 'Xavier7', 'Assia0', 'Radames4', 'Trevis8', 'Fatima2', 'Eriberto7', 'Egisto1', 'Nathan9', 'Elsa0', 'Zaccaria2']
['Leonardo0', 'Cosetta2', 'Enzo3', 'Patrizio4', 'Marzio4', 'Arcibaldo8', 'Ercole8', 'Benedetta5', 'Laerte0', 'Mirko4', 'Concetta5', 'Demi6', 'Timoteo4', 'Fabio9', 'Joseph3', 'Caligola7', 'Jacopo3', 'Alighieri1', 'Lazzaro2', 'Deborah9']
['Ubaldo2', 'Ubaldo1', 'Gianantonio5', 'Orfeo9', 'Lauro5', 'Erminio9', 'Laerte9', 'Antonio9', 'Brigitta5', 'Violante6', 'Prisca3', 'Quirino1', 'Cirino1', 'Rosalba1', 'Zelida4', 'Mariagiulia9', 'Marieva7', 'Kayla3', 'Cassiopea3', 'Rocco9']
['Arduino5', 'Oretta9', 'Marcella0', 'Marzio6', 'Erminia2', 'Lidia0', 'Audenico0', 'Nicoletta3', 'Nathan3', 'Aroldo4', 'Ursula5', 'Folco3', 'Caio2', 'Rosolino0', 'Eriberto1', 'Radames1', 'Gianmaria7', 'Guendalina3', 'Sebastian4', 'Nestore3']
['Davide8', 'Jari2', 'Walter7', 'Penelope7', 'Giorgio2', 'Matteo9', 'Bibiana4', 'Orfeo7', 'Santo9', 'Giancarlo3', 'Samira4', 'Bibiana6', 'Anselmo9', 'Rebecca5', 'Diamante4', 'Cleopatra1', 'Sasha9', 'Fiorenzo1', 'Davide5', 'Tolomeo0']
['Gioacchino7', 'Fiorenzo8', 'Sandro2', 'Rosalino2', 'Orfeo4', 'Ruth1', 'Edilio2', 'Folco0', 'Enzo0', 'Fatima0', 'Lamberto6', 'Bortolo5', 'Nayade9', 'Marvin0', 'Gavino8', 'Nico1', 'Loredana0', 'Antonino6', 'Lia2', 'Azue3']
['Vinicio8', 'Luce0', 'Erminio4', 'Ulrico6', 'Erminia5', 'Iacopo1', 'Santo3', 'Elga3', 'Joannes5', 'Ivano3', 'Akira3', 'Gilda5', 'Cassiopea9', 'Gilda2', 'Gianleonardo6', 'Amedeo1', 'Umberto6', 'Gioacchino6', 'Ian0', 'Trevis3']
['Michele7', 'Bettino1', 'Dante5', 'Karim1', 'Edipo4', 'Jari0', 'Adriano1', 'Nico6', 'Emanuel7', 'Raniero0', 'Italo9', 'Nestore7', 'Siro9', 'Marzio7', 'Edipo5', 'Armando0', 'Monia8', 'Rebecca6', 'Danthon5', 'Arturo8']
['Alessio7', 'Orfeo5', 'Marianita5', 'Renzo6', 'Ettore0', 'Primo3', 'Ferdinando6', 'Rufo5', 'Ilario9', 'Demis3', 'Guido6', 'Sesto4', 'Ludovico9', 'Gianantonio6', 'Nestore4', 'Tancredi4', 'Rodolfo9', 'Cleros5', 'Alighiero7', 'Sarita4']
['Sue0', 'Liborio8', 'Raoul7', 'Luigi4', 'Gianriccardo2', 'Fortunata6', 'Fiorenzo7', 'Demis1', 'Demi9', 'Secondo5', 'Giacobbe7', 'Loretta4', 'Fernando8', 'Trevis2', 'Enzo6', 'Ausonio0', 'Laerte5', 'Radames7', 'Ethan9', 'Deborah4']
['Piersilvio0', 'Serse1', 'Marcella4', 'Jack2', 'Elio3', 'Nabil5', 'Assia4', 'Walter3', 'Avide3', 'Marzio5', 'Rosalba8', 'Folco6', 'Laura9', 'Lino4', 'Mariano0', 'Antimo9', 'Noah6', 'Alan9', 'Tazio1', 'Gianmarco5']
['Artes8', 'Ethan3', 'Fortunata0', 'Marino4', 'Elda2', 'Samira6', 'Leonardo7', 'Moreno5', 'Doriana2', 'Sabino2', 'Emanuel3', 'Marino8', 'Giacinto6', 'Edilio5', 'Amerigo1', 'Modesto4', 'Graziano0', 'Tancredi5', 'Gaetano4', 'Pierfrancesco0']
['Kris3', 'Siro2', 'Lorenzo9', 'Sirio6', 'Cira8', 'Ercole4', 'Nathan2', 'Cleros7', 'Priamo8', 'Giovanna3', 'Monia6', 'Nazzareno0', 'Primo9', 'Jelena1', 'Dylan9', 'Hector0', 'Ileana5', 'Maggiore2', 'Emanuel1', 'Timoteo9']
