['Kathlin', 'Thomasina', 'Mariette', 'Kata', 'Anjanette', 'Sara', 'Coral', 'Maddalena', 'Thalia', 'Reeva', 'Lila', 'Neilla', 'Denyse', 'Pia', 'Debbie', 'Sheena', 'Jeannette', 'Sayre', 'Sallyanne']
['Di', 'Reta', 'Zita', 'Eadie', 'Brandise', 'Tersina', 'Lois', 'Drucill', 'Leilah', 'Raine', 'Giralda', 'Valerie', 'Cynde', 'Bell', 'Blake', 'Heidie', 'Betteanne', 'Arleyne', 'Sophie']
['Billy', 'Elinor', 'Janette', 'Jeannine', 'Devinne', 'Avivah', 'Idalina', 'Rasla', 'Ondrea', 'Rosina', 'Madonna', 'Valentine', 'Evvy', 'Amabel', 'Christabel', 'Jenna', 'Starr', 'Karisa', 'Paula']
['Meris', 'Alyce', 'Licha', 'Garland', 'Gerianna', 'Lorraine', 'Pandora', 'Hyacinth', 'Bria', 'Herminia', 'Mareah', 'Lynnett', 'Zoe', 'Shay', 'Clari', 'Randene', 'Pavla', 'Nolana', 'Melva']
['Corinna', 'Carlye', 'Stepha', 'Deeann', 'Bobbie', 'Arliene', 'Charis', 'Cate', 'Lia', 'Lori', 'Chelsea', 'Meggy', 'Susi', 'Lisabeth', 'Patti', 'Edeline', 'Madelin', 'Camille', 'Pierrette']
['Patience', 'Jeannie', 'Serena', 'Analise', 'Shelia', 'Megan', 'Rachel', 'Tybi', 'Nelia', 'Saundra', 'Milena', 'Roseann', 'HelenElizabeth', 'Cammie', 'Karlotta', 'Christina', 'Fayth', 'Clemmy', 'Phil']
['Ray', 'Oliy', 'Magdaia', 'Prudi', 'AnnaDiana', 'Goldina', 'SheilaKathryn', 'Evangeline', 'Tanya', 'Vilma', 'Maryl', 'Tova', 'AnnaDiane', 'Toni', 'Biddie', 'Mariejeanne', 'Emmy', 'Almeda', 'Rosalind']
['Deny', 'Katleen', 'Brigid', 'Libbi', 'Shayne', 'Emilee', 'Riannon', 'Jasmin', 'Anya', 'Philomena', 'Ardenia', 'Rebbecca', 'Tressa', 'Anthe', 'Lillis', 'Gayle', 'Vi', 'Ellie', 'Pippy']
['Marice', 'Tessy', 'Marylou', 'Kinna', 'Geri', 'Lorrin', 'Ginger', 'Brandie', 'Tiffani', 'Barbe', 'Koressa', 'Imogen', 'Eddi', 'Heather', 'Harrie', 'Gerrilee', 'Jacquenette', 'Pollyanna', 'Janey']
['Ashlen', 'Jada', 'Tatiana', 'Delila', 'Lita', 'Jolie', 'Jaclyn', 'Shelby', 'Cristina', 'Suellen', 'Melodie', 'Elayne', 'Paulette', 'Gaynor', 'Siusan', 'Sherline', 'Maryjo', 'Mia', 'Katha']
['Genna', 'Jess', 'Kalindi', 'Bibbie', 'Edi', 'Giselle', 'Stefa', 'Erinna', 'Caryn', 'Ethelind', 'Misti', 'Kay', 'Vickie', 'Alvina', 'Marcia', 'Nora', 'Darcee', 'Madalena', 'Libby']
['Jeralee', 'Ivie', 'Bonnee', 'Gigi', 'Veronike', 'Henriette', 'Jennica', 'Minnnie', 'Ardine', 'Lettie', 'Nevsa', 'Idell', 'Silva', 'Cordie', 'Ula', 'Nadine', 'Phedra', 'Merrielle', 'Camilla']
['Johnette', 'Jeniffer', 'Loria', 'Inna', 'Moyra', 'Sheree', 'Jaime', 'Dana', 'Reggi', 'Freda', 'Robena', 'Jessika', 'Nerta', 'Uta', 'Joleen', 'Marla', 'Jane', 'Brenn']
['Hatty', 'Andree', 'Brynna', 'Elisabet', 'Goldi', 'Wilow', 'Terra', 'Kania', 'Madelyn', 'Cayla', 'Kristin', 'Geralda', 'Laraine', 'Therine', 'Lanni', 'Dianna', 'Kaylyn']
['Lorena', 'Emelina', 'Genni', 'Carree', 'Laverne', 'Tamarah', 'Chris', 'Eve', 'Fredelia', 'Leora', 'Laverna', 'Shelli', 'Carmelia', 'Karol', 'Henrietta', 'Nicoli', 'Dayle']
['Renae', 'Lacey', 'Joly', 'Gabriell', 'Joycelin', 'Fayina', 'Feliza', 'Lina', 'Marley', 'Shayna', 'Sue', 'Constantina', 'Rosene', 'Sephira', 'Coretta', 'Brynne', 'Dulcea']
['Marlyn', 'Danell', 'Sharron', 'Neila', 'Costanza', 'Lorinda', 'Joannes', 'Cordy', 'Erma', 'Tresa', 'Hendrika', 'Daisi', 'Esmaria', 'Lilla', 'Laura', 'Annalee', 'Jsandye']
['Kippy', 'Lyn', 'Livia', 'Mehetabel', 'Winifred', 'Kacey', 'Tammy', 'Willabella', 'Kora', 'Claudina', 'Ashli', 'Laureen', 'Liz', 'Grazia', 'Emmalynne', 'Crystie', 'Myrilla']
['Sheeree', 'Natala', 'Kylen', 'Jobina', 'Shani', 'Lavinia', 'Sharla', 'Matilda', 'Allsun', 'Toma', 'Annie', 'Constantia', 'Catina', 'Pansie', 'Lisbeth', 'Raye', 'Vin']
['Helenka', 'Kassia', 'Verina', 'Trude', 'Wilone', 'Rosalinde', 'Jessamyn', 'Aubrette', 'Essa', 'Natalina', 'Una', 'Ealasaid', 'Dulcie', 'Cory', 'Lona', 'Leona', 'Andriette']
['Katalin', 'Frankie', 'Tamarra', 'Wendeline', 'Carline', 'Noelyn', 'Isabelle', 'Jodi', 'Mina', 'Renelle', 'Kial', 'Corella', 'Flori', 'Clemmie', 'Miquela', 'Courtnay', 'Ashely']
['Christin', 'Callie', 'Faith', 'Kettie', 'Penny', 'Linette', 'Laurice', 'Tilda', 'Cecelia', 'Nomi', 'Lorna', 'Kiersten', 'Jorey', 'Tanhya', 'Merline', 'Dolores', 'Gussy']
['Bessy', 'Rozanna', 'Zorana', 'Cinnamon', 'Vallie', 'Harriett', 'Vanessa', 'Kellen', 'Midge', 'Cherry', 'Corey', 'Susana', 'Natka', 'Martguerita', 'Shaina', 'Tobi', 'Mable']
['Raven', 'Paulina', 'Amitie', 'Keri', 'Marjie', 'Lindsy', 'Sibylle', 'Gwenette', 'Trista', 'Yalonda', 'Barbaraanne', 'Kelcey', 'Vivia', 'Erna', 'Viva', 'Vonny', 'Debby']
['Donella', 'Marigold', 'Romonda', 'Chrystel', 'Gwendolen', 'Kerstin', 'Lauretta', 'Siobhan', 'Nerissa', 'Fawne', 'Phillis', 'Dulcia', 'Sheilah', 'Ortensia', 'Eula', 'Honey', 'Sofia']
