['Avery', 'Roman', 'Perry', 'Donna', 'Amado', 'Pearl', 'Lucio', 'Billy', 'Brock', 'Nelda', 'Audra', 'Ilene', 'Claud', 'Hyman', 'Pansy', 'Brady', 'Monty', 'Annie', 'Odell', 'Cindy', 'Nikki', 'Berta', 'Basil', 'Bruno', 'Marla', 'Sonny', 'Chase', 'Sammy', 'Julia', 'Wendi', 'Elena', 'Wilma', 'James', 'Sonja', 'Erick', 'Alton', 'Karen', 'Naomi', 'Vicky', 'Jamar', 'Craig']
['Barry', 'Ebony', 'Ahmad', 'Julio', 'Louis', 'Jared', 'Deann', 'Tasha', 'Jonah', 'Brant', 'Britt']
['Buddy', 'Shane', 'Ariel', 'Elmer', 'Mitzi', 'Karin', 'Bryon', 'Benny', 'Janis', 'Della', 'Terri']
['Chris', 'Lanny', 'Carly', 'Timmy', 'Steve', 'Willy', 'Alice', 'Bette', 'Hazel', 'Helga', 'Kevin']
['Debra', 'Cesar', 'Lorie', 'Mamie', 'Nancy', 'Aaron', 'Allan', 'Olive', 'Mandy', 'Josie', 'Dario']
['Edwin', 'Garry', 'Emery', 'Percy', 'Elvin', 'Nadia', 'Maude', 'Clark', 'Maria', 'Marcy', 'Rusty']
['Emily', 'Elias', 'Erica', 'Joann', 'Amber', 'Roger', 'Tonia', 'Leroy', 'Fritz', 'Danny', 'Twila']
['Erika', 'Lyman', 'Mason', 'Pedro', 'Sheri', 'Shaun', 'Dante', 'Linda', 'Jaime', 'Dixie', 'Malik']
['Ernie', 'Wyatt', 'Jayne', 'Essie', 'Mable', 'Darin', 'Tanya', 'April', 'Ervin', 'Arlen', 'Patti']
['Holly', 'Wendy', 'Bryce', 'Katie', 'Flora', 'Casey', 'Sandy', 'Bryan', 'Bobbi', 'Daron', 'Lauri']
['Irvin', 'Vilma', 'Ruben', 'Eddie', 'Carla', 'Grant', 'Janet', 'Lydia', 'Orval', 'David', 'Doris']
['Josef', 'Randi', 'Mario', 'Clara', 'Daisy', 'Elsie', 'Betsy', 'Devin', 'Issac', 'Leona', 'Gayle']
['Joyce', 'Sally', 'Merle', 'Adele', 'Davis', 'Dwain', 'Tessa', 'Effie', 'Adela', 'Major', 'Terry']
['Lorna', 'Jason', 'Leann', 'Mikel', 'Tyron', 'Moshe', 'Kathy', 'Robin', 'Homer', 'Ollie', 'Rhett']
['Marci', 'Trent', 'Wally', 'Cliff', 'Alvin', 'Margo', 'Chang', 'Fidel', 'Brian', 'Maura', 'Peter']
['Mitch', 'Candy', 'Greta', 'Rhoda', 'Dusty', 'Sadie', 'Elvia', 'Jamel', 'Tammi', 'Leila', 'Melba']
['Myron', 'Zelma', 'Verna', 'Renee', 'Donny', 'Rufus', 'Randy', 'Kirby', 'Becky', 'Queen', 'Aline']
['Paige', 'Chong', 'Tracy', 'Marty', 'Lacey', 'Ellen', 'Staci', 'Robyn', 'Teddy', 'Cyrus', 'Jacob']
['Roxie', 'Kelly', 'Quinn', 'Tonya', 'Sofia', 'Tommy', 'Kayla', 'Brent', 'Viola', 'Clyde', 'Ronny']
['Sybil', 'Wanda', 'Hilda', 'Laura', 'Micah', 'Misty', 'Clint', 'Moses', 'Corey', 'Felix', 'Freda']
