['Antonio', 'Mateo', 'George', 'Waylon', 'Oscar', 'Aaron', 'Jace', 'Diego', 'Zayden', 'Caden']
['Arthur', 'Carter', 'Amir', 'Elliot', 'Brian', 'Jacob', 'Santiago', 'Miles', 'Sebastian', 'Malachi']
['Elliott', 'Wyatt', 'Christian', 'Jeremiah', 'Jaxson', 'Declan', 'Alexander', 'Maxwell', 'Ashton', 'Derek']
['Joseph', 'Brayden', 'Kaleb', 'Jeremy', 'Josiah', 'Damian', 'Charles', 'Caleb', 'Mark', 'Isaiah']
['Enzo', 'Michael', 'Samuel', 'Jayden', 'Greyson', 'Tyler', 'Beau', 'Victor', 'Beckham', 'Nolan']
['Landon', 'Luke', 'Finn', 'Peter', 'Martin', 'William', 'Ethan', 'Gabriel', 'Emerson', 'Karter']
['Mason', 'Bradley', 'Rafael', 'Andrew', 'Cameron', 'Charlie', 'Lincoln', 'Thomas', 'Milo', 'Tucker']
['Preston', 'Rowan', 'Alex', 'Edward', 'Nicolas', 'Dallas', 'Eli', 'Angel', 'Cody', 'Aiden']
['Tobias', 'Adam', 'King', 'Nash', 'Matthew', 'Austin', 'Joel', 'Avery', 'Maximus', 'Amari']
['Gavin', 'Colt', 'Abraham', 'Connor', 'Chase', 'Max', 'Brody', 'Lorenzo', 'Colin', 'Sawyer']
['Jackson', 'Leonardo', 'Ivan', 'Timothy', 'Patrick', 'Steven', 'Stephen', 'Benjamin', 'Clayton', 'Tanner']
['Barrett', 'Hudson', 'Ian', 'Jose', 'Maverick', 'Eric', 'Camden', 'Emmanuel', 'Evan', 'Simon']
['Jordan', 'Grayson', 'Harrison', 'Jorge', 'Aidan', 'Daniel', 'Calvin', 'Grant', 'Beckett', 'Vincent']
['Kaden', 'Bryson', 'Brandon', 'Maddox', 'Bryan', 'Jaden', 'Adrian', 'Zachary', 'Nathaniel', 'Hayden']
['Kingston', 'Jesus', 'Carson', 'Ayden', 'Silas', 'Abel', 'Brantley', 'Corbin', 'Andres', 'Felix']
['Kyle', 'Matteo', 'Zander', 'Theo', 'Asher', 'Jude', 'Zion', 'Matias', 'Parker', 'Lukas']
['Leon', 'Nicholas', 'Giovanni', 'Brooks', 'Javier', 'Josue', 'Emmett', 'River', 'Andre', 'Reid']
['Emilio', 'Levi', 'Cooper', 'Xander', 'Messiah', 'Israel', 'Erick', 'Karson', 'Jonah', 'Zane']
['Colton', 'Oliver', 'Isaac', 'Rylan', 'Kevin', 'Graham', 'Chance', 'Riley', 'Adriel', 'Rhett']
['Easton', 'Alejandro', 'Kyrie', 'Griffin', 'Micah', 'Owen', 'Julian', 'Theodore', 'Louis', 'Damien']
['Emiliano', 'Logan', 'Luis', 'Carlos', 'Ezra', 'Braxton', 'Richard', 'Killian', 'Lucas', 'Ryan']
['Hunter', 'Robert', 'Kenneth', 'Blake', 'Axel', 'Thiago', 'Omar', 'Bennett', 'Nathan', 'Cayden']
['Elijah', 'Dylan', 'David', 'Everett', 'Alan', 'Ace', 'Jonathan', 'Paxton', 'Gunner', 'Ezekiel']
['Luca', 'Anthony', 'Jake', 'Holden', 'Francisco', 'Jameson', 'Jaxon', 'Marcus', 'Ryder', 'Jasper']
['Weston', 'John', 'Christopher', 'Tristan', 'Kaiden', 'Jesse', 'Paul', 'Kameron', 'Legend', 'Dawson']
['Miguel', 'Kayden', 'Sean', 'Dean', 'James', 'Joshua', 'Wesley', 'Jayce', 'Walter']
['Brady', 'am', 'Leo', 'Jason', 'Elias', 'Jack', 'Judah', 'Manuel']
['Phoenix', 'Finley', 'Ryker', 'Remington', 'Archer', 'Roman', 'Jax', 'Knox']
['Xavier', 'Bryce', 'Kai', 'Gael', 'August', 'Iker', 'Myles', 'Eduardo']
['Bentley', 'Justin', 'Cole', 'Cash', 'Juan', 'Noah', 'Henry', 'Dominic']
