['Akasha', 'Sussy', 'Derionna', 'Keili', 'Seiry', 'Sincere', 'Mumin', 'Nethra', 'Shakila', 'Jamaad', 'Michai', 'Zoiee', 'Carine', 'Yonason', 'Brinleigh', 'Salmaan', 'Alainna', 'Hayven', 'Sihaam', 'Jarrell', 'Thadius', 'Dell', 'Blaine', 'Azavier', 'Lukis', 'Bailei', 'Jersi', 'Noami', 'Kaeleen', 'Abhinav']
['Lynia', 'Kaeley', 'Meryl', 'Jaaziah', 'Olive', 'Larrissa', 'Sanae', 'Avigail', 'Nancy', 'Jemiah', 'Zackrey', 'Trinitey', 'Kaymi', 'Abriyana', 'Tacori', 'Shalonda', 'Asa', 'Kemily', 'Deidre', 'Keemya', 'Azzareya', 'Emilie', 'Nalaya', 'Aanyah', 'Lealand', 'Dhyan', 'Emmanuela', 'Giannie', 'Jerriah', 'Khila']
['Sashya', 'Artie', 'Shahid', 'Casandra', 'Anwesha', 'Kaushik', 'Keion', 'Daxx', 'Kensleigh', 'Kinzie', 'Nohely', 'Trenise', 'Mikea', 'Amr', 'Quintasia', 'Reynaldo', 'Shamyia', 'Hesham', 'Khalee', 'Tanyla', 'Antonin', 'Griffon', 'Montana', 'Kvaughn', 'Mariaelena', 'Kapena', 'Bow', 'Jamiyla', 'Britnee', 'Ebany']
['Suri', 'Bright', 'Kayliann', 'Merissa', 'Casondra', 'Tralyn', 'Kenzlie', 'Deliany', 'Chidi', 'Tralaya', 'Ramses', 'Guy', 'Leni', 'Detravion', 'Nakari', 'Nidhi', 'Abdulraheem', 'Ally', 'Deriyon', 'Ishmel', 'Jos', 'Srinath', 'Sinia']
['Abdoulaziz', 'Denize', 'Jacob', 'Aayana', 'Selena', 'Halo', 'Adaley', 'Isaak', 'Jebediah']
['Shanaiya', 'Alayasia', 'Mylie', 'Caliegh', 'Samauri', 'Demetreus', 'Lazaria', 'Atika', 'Navia']
['Kaymarie', 'Alyze', 'Jerel', 'Anastacio', 'Oviya', 'Ron', 'Takia', 'Sevastian', 'Yavian']
['Rey', 'Liann', 'Ingrid', 'Crystina', 'Eeliyah', 'Delisha', 'Elisah', 'Milene', 'Yu']
['Ricky', 'Keyin', 'Brenya', 'Tashvi', 'Evangelyne', 'Jaeline', 'Hugo', 'Tayyab', 'Shannel']
['Anela', 'Prakruti', 'Deedra', 'Jasiya', 'Jakelin', 'Nishta', 'Emree', 'Shiala', 'Andriy']
['Kyo', 'Nayara', 'Jameisha', 'Raphael', 'Coi', 'Lizmari', 'Shanell', 'Sharlene', 'Harlem']
['Mailen', 'Marcellius', 'Sevren', 'Monserath', 'Marrius', 'Ryleeann', 'Jaleena', 'Dairon', 'Alyiana']
['Tasi', 'Nakeya', 'Ettel', 'Alison', 'Lakiyah', 'Farha', 'Brydan', 'Adanna', 'Basha']
['Trystian', 'Masud', 'Sydelle', 'Yarisbel', 'Adaisha', 'Nitzia', 'Arsalan', 'Ganon', 'Jandre']
['Anouk', 'Khamil', 'Camill', 'Coraline', 'Avielle', 'Veena', 'Mezmariah', 'Braeley', 'Elway']
['Armita', 'Evia', 'Tafari', 'Taye', 'Sabastion', 'Satomi', 'Dashun', 'Zykerria', 'Juliano']
['Jaquis', 'Jarem', 'Fabrizzio', 'Bristol', 'Jahred', 'Lailani', 'Coulson', 'Vinnie', 'Tajuan']
['Benito', 'Yarithza', 'Zayquan', 'Janesha', 'Kameryn', 'Aleiyah', 'Mylani', 'Natasia', 'Charlize']
['Cyris', 'Chyna', 'Emmely', 'Mykenna', 'Malaja', 'Gracia', 'Tahir', 'Jirah', 'Gor']
['Leighann', 'Desteni', 'Dusan', 'Jema', 'Dea', 'Quintavious', 'Kenzington', 'Handsome', 'Matt']
['Shy', 'Marialy', 'Aarohi', 'Jatziry', 'Zinia', 'Ahnaya', 'Devaun', 'Salif', 'Marik']
['Helaman', 'Kyston', 'Aibhilin', 'Jezzelle', 'Treyson', 'Jekeria', 'Dajana', 'Alieyah', 'Mykaylah']
['Fe', 'Carena', 'Terriona', 'Lilienne', 'Oluwatobi', 'Zahriyah', 'Jaleesa', 'Jalilah', 'Daxen']
['Timia', 'Tobias', 'Lamariah', 'Hannelore', 'Margie', 'Kirubel', 'Hakop', 'Merary', 'Jalyiah']
['Jazir', 'Dainen', 'Shelbee', 'Abaan', 'Rosalio', 'Adriene', 'Dhalia', 'Amonti', 'Marck']
['Cordai', 'Jayme', 'Kamora', 'Ancel', 'Tayseer', 'Kaleo', 'Inaki', 'Keyvin', 'Kariana']
['Jaquan', 'Lauralynn', 'Rohil', 'Ilyn', 'Leilah', 'Azeriah', 'Zuzanna', 'Vivica', 'Yajahira']
['Dessie', 'Cliff', 'Seleen', 'Saheim', 'Zolin', 'Asha', 'Jasahn', 'Mikelle', 'Kellon']
['Litsy', 'Kimball', 'Hallei', 'Anagha', 'Khloee', 'Kaira', 'Apollonia', 'Jaimarie', 'Jaydah']
['Kenzo', 'Colie', 'Shamaiya', 'Vanesa', 'Rayne', 'Aylana', 'Leib', 'Stafford', 'Citlally']
['Orren', 'Jeru', 'Katarina', 'Alaija', 'Serra', 'Kobe', 'Giankarlo', 'Jabes', 'Antwane']
['Fox', 'Jahlen', 'Dyami', 'Ayahna', 'Analiah', 'Endi', 'Vyncent', 'Michaell', 'Aysenur']
['Rock', 'Eleah', 'Joed', 'Serenety', 'Soriya', 'Xaviel', 'Julia', 'Maude', 'Nakaya']
['Cynae', 'Taigen', 'Cylah', 'Amor', 'Eddieberto', 'Zyeir', 'Artyom', 'Jesalyn', 'Elysha']
['Loni', 'Dereck', 'Kalum', 'Chanze', 'Gertrude', 'Lada', 'Adysen', 'Katalina', 'Jdan']
['Vedika', 'Kitty', 'Dragon', 'Jamear', 'Carsten', 'Ori', 'Stefanny', 'Marifer', 'Larry']
['Jomary', 'Rielly', 'Jeremias', 'Hashem', 'Gauge', 'Thaddius', 'Tobechi', 'Mikyla', 'Jophy']
['Ellarie', 'Cicily', 'Marcellino', 'Sheniyah', 'Marwan', 'Eliziah', 'Jesus', 'Tam', 'Aryeh']
['Natsumi', 'Jamonte', 'Kenniyah', 'Haya', 'Kairy', 'Feven', 'Keni', 'Aman', 'Taegan']
['Venezia', 'Spartan', 'Niemah', 'Donnelle', 'Amritha', 'Noha', 'Kay', 'Shardae', 'Quentyn']
['Treyonna', 'Abdulrehman', 'Sagan', 'Rexford', 'Doyle', 'Davidjr', 'Yaire', 'Mikaelah', 'Miley']
['Anadalay', 'Markise', 'Aizik', 'Jamaine', 'Dorcas', 'Gunther', 'Makyra', 'Laticia', 'Ailene']
['Iris', 'Zaahir', 'Fidel', 'Byron', 'Gyzelle', 'Tyannah', 'Ameerah', 'Raymir', 'Sameeha']
['Marnae', 'Johnavan', 'Aley', 'Guadalupe', 'Estephanie', 'Liat', 'Delara', 'Shamiyah', 'Gwendolynn']
['Renyah', 'Donnovan', 'Dominika', 'Siena', 'Danyca', 'Mylez', 'Janine', 'Mircale', 'Jovey']
['Jax', 'Mckaylin', 'Raeleigh', 'Zamyah', 'Bailynn', 'Kirrah', 'Osmin', 'Cisco', 'Soniah']
['Adeleine', 'Sayd', 'Farah', 'Merlina', 'Antrone', 'Thien', 'Charlett', 'Jailon', 'Lilyonna']
