['ADF', 'AGQ', 'ACP', 'ADN', 'AEE', 'AEJ', 'AGG', 'AGL', 'AHE', 'ARN', 'AKP', 'ANQ', 'ALV', 'AMO', 'APP', 'ARA', 'AQQ', 'AQE']
['AGO', 'ACA', 'AAQ', 'AAT', 'AMH', 'ATV', 'AFK', 'AIE', 'APR', 'AES', 'AHS', 'ASO', 'AQY', 'AJW', 'ALI', 'ABS', 'AJN', 'ADX']
['AHI', 'AFN', 'ABI', 'ADH', 'AEV', 'ASN', 'ALQ', 'AGH', 'AGC', 'ALS', 'AQH', 'ARE', 'ANV', 'ARL', 'ALJ', 'AKT', 'ANJ', 'AJC']
['ALA', 'ATB', 'AAA', 'AAI', 'AAM', 'ACY', 'AHU', 'AII', 'AIL', 'AJJ', 'AOB', 'ATJ', 'AIY', 'AFW', 'AFB', 'AQP', 'ANS', 'AJL']
['AMJ', 'AOH', 'ABY', 'AFG', 'AFJ', 'AFT', 'AGV', 'AGW', 'AHB', 'AKR', 'ALW', 'APE', 'APK', 'AKV', 'ARX', 'ASP', 'AOW', 'ATU']
['ANH', 'AGD', 'ABV', 'ACT', 'AFC', 'AHQ', 'AQK', 'AQD', 'AMT', 'AHW', 'AHN', 'ASV', 'ASK', 'AHX', 'ACG', 'AJT', 'ATR', 'AOT']
['AET', 'AER', 'ANM', 'ALF', 'ARG', 'AMI', 'ATK', 'APW', 'ASL', 'ANI', 'AMB', 'AMU', 'ALO', 'AEH', 'AQJ', 'ARI', 'AME', 'AOE']
['AAB', 'ATH', 'AKX', 'AJM', 'AOA', 'AIM', 'AMS', 'AAV', 'AOR', 'ARK', 'AGI', 'AND', 'API', 'AIW', 'ASQ', 'AGK', 'APC', 'APF']
['AAC', 'AFD', 'ARB', 'ACI', 'AEU', 'ANN', 'ADE', 'ABT', 'ATA', 'ALC', 'AAY', 'APM', 'ARJ', 'AJU', 'AEX']
['AAD', 'AIN', 'APT', 'AQR', 'AHM', 'ACS', 'ABD', 'AEI', 'AFA', 'APG', 'AEQ']
['AAE', 'ASY', 'AKY', 'ALH', 'ANA', 'AFI', 'ADU', 'ALB', 'ADY', 'AMC', 'ASU']
['AAF', 'APO', 'AFQ', 'AJA', 'AFU', 'ARC', 'APU', 'AJY', 'AIH', 'AKA', 'ALK']
['AAG', 'ANF', 'AKB', 'AFM', 'AHK', 'ASG', 'AHG', 'AEW', 'AHT', 'AHC', 'ANC']
['AAH', 'APN', 'AFL', 'ABJ', 'AHO', 'ABN', 'ABG', 'ADP', 'ASF', 'AQU', 'AMQ']
['ALY', 'ACW', 'ADL', 'AEC', 'AFX', 'AIS', 'AQC', 'AMD', 'AOK', 'ATN', 'APL']
['AAJ', 'ATF', 'ASS', 'AHA', 'AIQ', 'AGE', 'ALG', 'AKL', 'AEL', 'AGN', 'ADB']
['AQA', 'ADT', 'AFP', 'AGX', 'AHR', 'AKF', 'AKQ', 'ALM', 'ANY', 'AOF', 'ATQ']
['AAN', 'AAK', 'AKI', 'AEP', 'ABE', 'ASR', 'AEY', 'ANB', 'ALX', 'AHJ', 'AJP']
['ATS', 'ATG', 'AOC', 'AMY', 'ANR', 'ABK', 'ABO', 'ADQ', 'ADV', 'AEA', 'AGR']
['AAR', 'ABX', 'ANO', 'AKO', 'AAW', 'AJR', 'ACF', 'AGF', 'ARQ', 'ASX', 'ACD']
['AAS', 'AHY', 'APD', 'ARW', 'AML', 'AGA', 'ACN', 'AQX', 'AOS', 'AGT', 'AHP']
['AQB', 'ABA', 'ABC', 'ACK', 'ACV', 'AEB', 'AKC', 'AKN', 'AKU', 'ASC', 'AQT']
['AAU', 'ACO', 'AEM', 'ACC', 'ACQ', 'ADA', 'APX', 'ATT', 'ASD', 'AGY', 'AMA']
['AIT', 'ABL', 'ADS', 'AFE', 'AFY', 'AGP', 'AQF', 'AQV', 'AJV', 'ART', 'AJS']
['AMF', 'ABP', 'ADJ', 'AGS', 'AIP', 'AJE', 'ALN', 'ATX', 'ASI', 'APS', 'APA']
['AAX', 'ABB', 'AJO', 'AFH', 'ACM', 'ASA', 'AKJ', 'AMX', 'AJD', 'ARD', 'AQW']
['AHV', 'ABW', 'AED', 'AHD', 'AIO', 'ARO', 'AJI', 'ALE', 'AOU', 'AIF', 'ARS']
['ALR', 'ACB', 'AHH', 'AIB', 'AIR', 'AIU', 'AKD', 'AKG', 'ATW', 'AOY', 'APH']
['ARV', 'AMN', 'APB', 'ASB', 'AMM', 'AAO', 'ADM', 'AEG', 'AIJ', 'AIX', 'AKS']
['AIA', 'ABQ', 'ACX', 'AFF', 'AFO', 'AFS', 'AGJ', 'ANU', 'ATI', 'ARF', 'AKE']
['ASJ', 'ABR', 'AEF', 'AGM', 'AIK', 'AKM', 'AMW', 'ANL', 'APJ', 'AQI', 'ARR']
['APY', 'AOQ', 'ATM', 'ALP', 'AOO', 'AOP', 'AOX', 'ATO', 'AJF', 'ADR', 'AMG']
['ABH', 'AON', 'AGU', 'AST', 'AGB', 'ARU', 'AJH', 'ASH', 'AKK', 'ANT', 'ADW']
['AMR', 'ABF', 'ABU', 'ACE', 'ACJ', 'ADK', 'ADO', 'AJB', 'AJQ', 'ALD', 'AMK']
['AQM', 'ACL', 'ADC', 'AEN', 'AFV', 'AHF', 'AIC', 'AIG', 'AKH', 'ANX', 'AOG']
['ATL', 'AOL', 'AQL', 'AQN', 'AQS', 'AOJ', 'AAL', 'ABM', 'AEO', 'AID', 'AIV']
['ARY', 'ASW', 'AHL', 'ANW', 'AMV', 'ASM', 'ADG', 'ACR', 'ACU', 'ATC', 'AOI']
['ADD', 'ACH', 'ATY', 'ARH', 'AOM', 'AEK', 'ARM', 'ADI', 'ALL', 'ASE', 'AQG']
['ATD', 'AAP', 'AFR', 'ALU', 'AMP', 'ANE', 'ANG', 'AOD', 'AOV', 'APQ', 'APV']
['AJK', 'ALT', 'AQO', 'ANK', 'AJX', 'ANP', 'ATP', 'ATE', 'AKW', 'ARP', 'AJG']
