['Marilyn', 'Ryan', 'Juan', 'Willis', 'Phillip', 'Herbert', 'Stephen', 'Peggy', 'Jimmy', 'Deborah', 'Andre', 'Kellie', 'Kathryn', 'Phyllis', 'Willie', 'Jayme', 'Wallace', 'Carlos', 'Angelica', 'Priscilla', 'Andres', 'Joshua', 'Jean', 'Maureen', 'Eugenia', 'Ivonne', 'Dawna', 'Fred', 'Wendy', 'Lonnie', 'Lucie', 'Theodore', 'Dorothy', 'Frederick', 'Reggie', 'Margert', 'Jacque', 'Gerardo', 'Louis', 'Gilda', 'Lyle', 'Laura', 'Rhonda', 'Rafael', 'Marco', 'Ashley', 'Burl', 'Janene', 'Randolph', 'Arturo', 'Matthew', 'Lori', 'Lewis', 'Raphael', 'Sheryl', 'Jonathan', 'Eugene', 'Kristin', 'Molly', 'Leanne', 'Clarissa', 'Betty', 'Del', 'Kenneth', 'Don', 'Carole', 'Gwen', 'Ernestine', 'Mildred', 'Craig', 'Myriam', 'Rosalee', 'Tanya', 'Raeann', 'Winnifred', 'Michelle', 'Amos', 'Lahoma', 'Jeffery', 'Alfred', 'Glennie', 'Ricky', 'Timothy', 'Garrett', 'Theresa', 'Laurence', 'Ward', 'Will', 'Kim', 'Lloyd', 'Steve', 'Jorge', 'Wilma', 'Eva', 'Elia', 'Imogene', 'Rebecca', 'Cecile', 'Alex', 'Nina', 'Bernard', 'Calvin', 'Erik', 'Maryann', 'Selma', 'Cornelius', 'Domingo', 'Ouida', 'Marcelino', 'Viola', 'Emmie', 'Lawrence', 'Bruce', 'Monica', 'Harvey', 'Joanne']
['Lucy', 'Michele', 'Roy']
['Robin', 'Thomas', 'Martha']
['Susanna', 'Nicole', 'Patricia']
['Cecilia', 'Pamella', 'Ronald']
['Mable', 'Richard', 'Evelyn']
['Paul', 'Pauline', 'Douglas']
['Lydia', 'Joseph', 'Rachel']
['Danny', 'Mark', 'Ray']
['Krysten', 'Tim', 'Debra']
['Esther', 'Kelly', 'Myron']
['Stephany', 'Charles', 'Tara']
['Leigh', 'Mario', 'Dawn']
['Clayton', 'Roberto', 'Rolf']
['Kylie', 'Rosie', 'Kaitlyn']
['Pablo', 'Karren', 'Irving']
['Rosalyn', 'Mary', 'Pat']
['Cassie', 'Shirley', 'Alison']
['Christine', 'Kerri', 'Troy']
['Freda', 'Kirk', 'Ida']
['Georgette', 'Angela', 'Jesse']
['Helen', 'Nola', 'Ann']
['Walter', 'Christian', 'Michael']
['Beulah', 'Jose', 'Katherine']
['Grant', 'Martin', 'Fernando']
['Gregory', 'Alicia', 'John']
['Juanita', 'Gerald', 'Mike']
['Lane', 'William', 'Gary']
['Lessie', 'Adam', 'Bobby']
['Reginald', 'Cathy', 'Stanley']
['Corey', 'Steven', 'Anna']
['Jacob', 'Catherine', 'Winifred']
['Joe', 'Miguel', 'Marie']
['Alvin', 'Mae', 'Edward']
['Stacie', 'Robyn', 'Mabel']
['Danielle', 'Melissa', 'Edwin']
['Gertrude', 'Karen', 'Bessie']
['Latisha', 'Warren', 'Bonnie']
['Lucille', 'Norman', 'Eleanor']
['Margarito', 'Jo', 'Marlene']
['Reinaldo', 'Booker', 'Beverly']
['Teresa', 'Dennis', 'Cheryl']
['Alice', 'Ernest', 'Leticia']
['Diana', 'Shannon', 'Pete']
['Jane', 'Loraine', 'Judith']
['George', 'Donna', 'Ruth']
['Marian', 'Lorraine', 'David']
['Nelson', 'Susan', 'Cory']
['Brandon', 'James', 'Albert']
['Roger', 'Cindy', 'Ronda']
['Carl', 'Virginia', 'Stephanie']
['Gladys', 'Lena', 'Margaret']
['Andrea', 'Crystal', 'Morgan']
['Audrey', 'Lynne', 'Robert']
['Caridad', 'Barbara', 'Marjorie']
['Cesar', 'Connie', 'Mack']
['Ellen', 'Tamika', 'Hugh']
['Everett', 'Kathleen', 'Lisha']
['Gordon', 'Joni', 'Jessica']
['Leona', 'Olivia', 'Laurie']
['Alexander', 'Eric', 'Belinda']
['Jeanine', 'Ruby', 'Harold']
['Rick', 'Donald', 'Mireya']
['Sylvester', 'Glen', 'Vella']
['Terry', 'Morris', 'Frank']
['Suzie', 'Christopher', 'Joann']
['Seth', 'Antonio', 'Victor']
['Matt', 'Jeffrey', 'Kristine']
['Veronica', 'Glenna', 'Brian']
['Cassandra', 'Carmen', 'Berta']
['Christina', 'Selina', 'Marlin']
['Dean', 'Tracy', 'Ollie']
['Irene', 'Bertha', 'Melanie']
['Kimberly', 'Derrick', 'Moses']
['Marquerite', 'Jennifer', 'Clyde']
['Kisha', 'Sylvia', 'Wayne']
['Sally', 'Brenda', 'Samuel']
['Jeremy', 'Heather', 'Sharon']
['Ursula', 'Deanna', 'Tony']
['Carmelita', 'Raul', 'Ralph']
['Darrell', 'Elizabeth', 'Adele']
['Doris', 'Linda', 'April']
['Geraldine', 'Carol', 'Emily']
['Gloria', 'Constance', 'Marion']
['Dale', 'Annette', 'Travis']
['Lilian', 'Annalee', 'Roberta']
['Lana', 'Hedwig', 'Rosa']
['Gail', 'Jesus', 'Stacy']
['Anthony', 'Lillian', 'Judy']
['Larry', 'Scot', 'Eura']
['Sofia', 'Justin', 'Jason']
['Therese', 'Guy', 'Elsie']
['Wilson', 'Kevin', 'Fredrick']
['Bethany', 'Wanda', 'Paula']
['Philip', 'Darlene', 'Beth']
['Dana', 'Bradley', 'Roosevelt']
['Sam', 'Inez', 'Andrew']
['Clarence', 'Maria', 'Amy']
['Sherri', 'Dorothea', 'Janet']
['Chris', 'Wesley', 'Curtis']
['Josephine', 'Fredda', 'Pamela']
['Kerrie', 'Polly', 'Francisco']
['Ingeborg', 'Thelma', 'Emery']
['Keri', 'Peter', 'Toni']
['Ellis', 'Blair', 'Reuben']
['Lulu', 'Derek', 'Quintin']
['Jeff', 'Raymond', 'Patrick']
['Miles', 'Nancy', 'Daniel']
['Natalie', 'Jodi', 'Marcella']
['Norma', 'Sarita', 'Tommy']
['Ana', 'Tuan', 'Charlotte']
