['Aaron', 'Saul', 'Shelton', 'Dewitt', 'Kurtis', 'Dorene', 'Roxane', 'Olevia', 'Latia', 'Nicole', 'Deirdre', 'Rodrigo', 'Flavia', 'Milissa', 'Jeanette', 'Pa', 'Alethia', 'Stanford', 'Susannah', 'Herlinda', 'Leonard', 'Leonida', 'Vada', 'Dorthea', 'Easter', 'Charmaine', 'Jina', 'Trena', 'Janetta', 'Clarinda']
['Adah', 'Cortney', 'Irena', 'Delmar', 'Marvin', 'Felix', 'Glenda', 'Refugio', 'Vernia', 'Yevette', 'Chun', 'Kitty', 'Rachael', 'Irma', 'Lyn', 'Marion', 'Cleotilde', 'Marcie', 'Lorelei', 'Jade', 'Savanna', 'Lilly', 'Lue', 'Isabel', 'Renea', 'Carson', 'Byron', 'Garland', 'Kasey', 'Naida']
['Alane', 'Jeffrey', 'Joelle', 'Marlo', 'Leila', 'Millicent', 'Treena', 'Alexa', 'Oscar', 'Miranda', 'Riley']
['Alex', 'Claudie', 'Meagan', 'Eloisa', 'Tarah', 'Whitney', 'Orval', 'Marquitta', 'Lezlie', 'Ok']
['Alexandra', 'Ema', 'Sharla', 'Merrill', 'Jeremy', 'Elena', 'Freddie', 'Percy', 'Hiroko', 'Hui']
['Alfred', 'Naomi', 'June', 'Loura', 'Vincenzo', 'Dora', 'In', 'Eve', 'Artie', 'Tressa']
['Alicia', 'Kendall', 'Robert', 'Dewayne', 'Zoraida', 'Zena', 'Charisse', 'Rachel', 'Elicia', 'Chan']
['Allena', 'Sherwood', 'Brendon', 'Oma', 'Deana', 'Kay', 'Tammi', 'Tyisha', 'Lana', 'Elliott']
['Almeta', 'Danita', 'Spencer', 'Trey', 'Clinton', 'Dusti', 'Houston', 'Dion', 'An', 'Antonina']
['Altagracia', 'Gerardo', 'Renetta', 'Edmond', 'Annabel', 'Xavier', 'Lizabeth', 'Sharilyn', 'Beverley', 'Imogene']
['Alton', 'Darnell', 'Laticia', 'Winford', 'Hilario', 'Clarence', 'Son', 'Princess', 'Doyle', 'Marci']
['Alvera', 'Raleigh', 'Honey', 'Jefferey', 'Tracie', 'Marcella', 'Hillary', 'Debora', 'Darrel', 'Lamonica']
['Alvin', 'Tina', 'Leilani', 'Lauren', 'Carmon', 'Hassan', 'Nieves', 'Xuan', 'Marilynn', 'Dong']
['Amada', 'Laraine', 'Randa', 'Claretha', 'Pinkie', 'Retta', 'Kylie', 'Arcelia', 'Kimbra', 'Darwin']
['Ambrose', 'Shavon', 'Danial', 'Kyung', 'Elvie', 'Angella', 'Clyde', 'Joanne', 'Hyun', 'Shaun']
['Anabel', 'Marcos', 'Randall', 'Martin', 'Rita', 'Kristi', 'Susan', 'Nohemi', 'Elvia', 'Sharlene']
['Emmanuel', 'Horace', 'Tamisha', 'Stephani', 'Eugene', 'Eustolia', 'Marquis', 'Tiffani', 'Carolee', 'Ocie']
['Annamarie', 'Aretha', 'Kim', 'Rosalee', 'Madison', 'Vivien', 'Theo', 'Rosalba', 'Grant', 'Travis']
['Antoinette', 'Odell', 'Margart', 'Phylis', 'Mariette', 'Destiny', 'Reita', 'Gisela', 'Shonda', 'Lasonya']
['Antonette', 'Taneka', 'Mariano', 'Lyndon', 'Tamala', 'Cassie', 'Vernon', 'Angeline', 'Ron', 'Tai']
['Joan', 'Valorie', 'Raul', 'Rolando', 'Marvis', 'Lisa', 'Junior', 'Jae', 'Christiane', 'Esperanza']
['Clarice', 'Earnest', 'Jama', 'Tanisha', 'Sharell', 'Neida', 'Oneida', 'Loria', 'Nickolas', 'Mariah']
['Leontine', 'Latoya', 'Osvaldo', 'Elenora', 'Helene', 'Loren', 'Chance', 'Joye', 'Louise', 'Michaela']
['Lashay', 'Lucas', 'Tameika', 'Fanny', 'Kristopher', 'Jan', 'Dagmar', 'Hershel', 'Heide', 'Sheldon']
['Audie', 'Toya', 'Florinda', 'Stanley', 'Ryann', 'Russell', 'Kareem', 'Jesus', 'Eufemia', 'Enola']
['Bertha', 'Wes', 'Jami', 'Ella', 'German', 'Rima', 'Garret', 'Juliet', 'Louella', 'Bonnie']
['Murray', 'Kirstin', 'Selma', 'Frederic', 'Jennie', 'Terry', 'Cristi', 'Harvey', 'Chas', 'Glenna']
['Caitlyn', 'Logan', 'Verona', 'Clara', 'Inga', 'Porter', 'Piedad', 'Chang', 'Hayden', 'Clifton']
['Camelia', 'Chester', 'Sharan', 'Clarissa', 'Jay', 'Nathalie', 'Nadia', 'Oswaldo', 'Pearlie', 'Florencio']
['Lucia', 'Hortense', 'Elfrieda', 'Jacque', 'Kris', 'Johnny', 'Kelly', 'Griselda', 'Lola', 'Gerard']
