['AAA', 'AGV', 'AGE', 'AHA', 'AIK', 'AHK', 'AGN', 'AFS', 'AIP', 'AIB', 'AHM', 'AGO', 'AHX', 'AHN', 'AFU', 'AGY', 'AIV', 'AHJ', 'AGS']
['AAB', 'AKO', 'AKB', 'ALM', 'ANO', 'AOD', 'ALQ', 'AMB', 'AMM', 'ALO', 'AJR', 'AJH', 'AMY', 'AJJ', 'ANZ', 'AKP', 'AMJ', 'AOS', 'AOV']
['AAC', 'AOU', 'APD', 'AOQ', 'APJ', 'AQN', 'AQD', 'APK', 'AOW', 'AQJ', 'AQA', 'APN', 'AOX', 'AQE', 'AQH', 'APC', 'APG', 'ACX', 'ACE']
['AAD', 'AAE', 'APF', 'AQL', 'APE', 'AOT', 'APW', 'AQI', 'AQM', 'AOY', 'API', 'APS', 'AOO', 'AQC', 'APB', 'AOP', 'APY', 'APU', 'AQB']
['APR', 'APT', 'AQK', 'APQ', 'APX', 'AQG', 'APA', 'APH', 'AON', 'APP', 'APL', 'APO', 'AQO', 'AQF', 'AOZ', 'APV', 'AOR', 'AML', 'AMH']
['AAF', 'AAG', 'AAH', 'AJC', 'AMQ', 'ANT', 'AJT', 'ANH', 'AJQ', 'ANS', 'AKR', 'ANF', 'ANN', 'AJL', 'ANY', 'ALW', 'AMT', 'AJS', 'ALT']
['ABJ', 'ABZ', 'ABX', 'ABM', 'ACC', 'ABT', 'ABS', 'ABO', 'ABP', 'ABL', 'ABQ', 'ABI', 'ABR', 'ABK', 'ABV', 'ABN', 'ABU', 'ABC', 'ABF']
['AES', 'ADP', 'AEY', 'AEG', 'AET', 'ADL', 'ADW', 'AFH', 'AEU', 'ADN', 'AEC', 'AFD', 'AFB', 'AEF', 'AED', 'ADU', 'AFE', 'ACO', 'ACW']
['AAI', 'AAK', 'AAJ', 'AAM', 'AAL', 'AIY', 'AIU', 'AIH', 'AIE', 'AGT', 'AGH', 'AGQ', 'AHQ', 'AIC', 'AIG', 'AHY', 'AGJ', 'AND', 'ALG']
['AFI', 'ADR', 'AFC', 'AEB', 'ADX', 'AFJ', 'AFN', 'AFM', 'ADQ', 'AEA', 'AFL', 'ADV', 'AEM', 'AFK', 'AEK', 'AEP', 'ADM', 'AIR', 'AFW']
['AHT', 'AHC', 'AII', 'AIM', 'AID', 'AHU', 'AIF', 'AIX', 'AHW', 'AGB', 'AHS', 'AFX', 'AIA', 'AGF', 'AHH', 'AIJ', 'AGM', 'ABD', 'ABG']
['ACH', 'ACP', 'ACD', 'ACM', 'ACV', 'ADK', 'ACI', 'ACG', 'ADJ', 'ACT', 'ACZ', 'ADE', 'ADF', 'ADG', 'ACS', 'ACJ', 'ACN', 'AIW', 'AIO']
['AFO', 'AGG', 'AHP', 'AFZ', 'AHZ', 'AGP', 'AFP', 'AFY', 'AGZ', 'AFQ', 'AGI', 'AHI', 'AGK', 'AHO', 'AHB', 'AIT', 'AHG', 'AGX', 'AHR']
['AAN', 'AAS', 'AAR', 'AAT', 'AAQ', 'AAO', 'AAU', 'AAP', 'ABB', 'AAW', 'ABH', 'ABA', 'AAX', 'AAV', 'AAY', 'ABE', 'AAZ', 'APZ', 'APM']
['AJY', 'AOK', 'AKL', 'AOH', 'AJG', 'AMR', 'AMN', 'AKI', 'AMK', 'ALC', 'AME', 'ANU', 'AJU', 'ANL', 'AKD', 'AMI', 'AMO', 'AMG', 'ALK']
['AOM', 'ALP', 'ANK', 'AMV', 'AMP', 'AMU', 'AJV', 'AKY', 'AKT', 'AKU', 'ALR', 'ALV', 'AKQ', 'AKC', 'AKH', 'ALZ', 'ALA', 'ADC', 'ACL']
['ALH', 'ANI', 'AKW', 'AMA', 'ANX', 'ANG', 'AJZ', 'ALI', 'AJK', 'AJO', 'AKJ', 'AKG', 'AMW', 'AJX', 'AOB', 'AOL', 'AJF', 'AIS', 'AFR']
['ABW', 'ACB', 'ABY', 'ACA', 'AEV', 'AEQ', 'AFA', 'ADY', 'AEH', 'AEL', 'AFF', 'AEI', 'AFG', 'AEN', 'AER', 'AEX', 'ADO', 'ADA', 'ACY']
['ANC', 'ANP', 'ALF', 'ALX', 'ANA', 'ANJ', 'AMS', 'AIZ', 'AKZ', 'ANQ', 'ANE', 'AJM', 'AKA', 'AKS', 'AMC', 'ANB', 'ALN', 'AMF', 'AMX']
['AOF', 'AJI', 'ALJ', 'AOG', 'AJP', 'ALL', 'ANM', 'AJD', 'AOE', 'ALD', 'AJB', 'AMD', 'AKE', 'ANV', 'ALY', 'ALS', 'AOA', 'AKM', 'ALE']
['AEO', 'AEJ', 'ADT', 'AEZ', 'AEE', 'ADZ', 'ADS', 'AEW', 'ACF', 'ADI', 'ADB', 'ACK', 'ACR', 'ADD', 'ACU', 'ADH', 'ACQ']
['AGU', 'AHE', 'AHF', 'AGD', 'AGL', 'AGC', 'AIL', 'AHV', 'AGA', 'AHL', 'AFV', 'AHD', 'AIQ', 'AFT', 'AIN', 'AGR', 'AGW']
['AKN', 'AKF', 'AJA', 'AMZ', 'AJE', 'AOJ', 'ALU', 'ANR', 'AOI', 'AJN', 'AKX', 'ANW', 'ALB', 'AKK', 'AJW', 'AKV', 'AOC']
