['CASYZ', 'HZGVK', 'ZMCMD', 'FBZDZ', 'LYFLA', 'LESUW', 'XTFTT', 'JCWPV', 'WZJYQ', 'HKBNA', 'NTGQJ', 'VHWPC', 'PARXO', 'VGTYI', 'QQCGU', 'FXFHY', 'GFWZF', 'AIWJE', 'ZRFKN', 'KDMQW', 'BKFQR', 'VBXTL', 'JMPSL', 'BXGFY', 'NLPHM']
['CTLHM', 'UHIOD', 'STZIM', 'LMDUZ', 'TPIXY', 'LFYYV', 'FRVNO', 'MTXFY', 'CXMEP', 'UDFVU', 'NHBOU', 'NLQWV', 'WGNBW', 'XMZUX', 'XHKTV', 'FIUZZ', 'XOUQM', 'LHFOM', 'PPAYR', 'POYSB', 'VCMUY', 'EAHZI', 'IEEVC', 'VKHOX', 'JRNKY']
['EHCWU', 'BWKXY', 'GUGKR', 'XIGOI', 'YMAKV', 'VQUBW', 'VFXSF', 'JPLIB', 'ENWEC', 'PDNXQ', 'EFPNV', 'VNNEP', 'GKLKQ', 'VUPAV', 'NKLCQ', 'NZQNY', 'IAASE', 'KEDYT', 'ENHUS', 'ILRGH', 'ZOVBE', 'QHQUF', 'FIPGX', 'PCOTH', 'HKSDK']
['EXSFL', 'YRTTG', 'FESAS', 'DNOMK', 'IUTYE', 'LCYZY', 'TMCLZ', 'JCAYK', 'PDSZU', 'DREMQ', 'TWVAR', 'ROVKN', 'DYIYS', 'TEYRZ', 'OHEWR', 'PUJOM', 'RAAAY', 'SMDTK', 'MCVPN', 'FIBZD', 'METWY', 'LQJNK', 'FMFZO', 'OZSQX', 'UEFBC']
['FSIEJ', 'YSBTR', 'RMHZI', 'VLXZD', 'KBDMG', 'OVNTP', 'VWLQP', 'LEYDX', 'FWKYL', 'HDFES', 'DZGQX', 'JTKTH', 'LCGFN', 'AUIRW', 'LYSRO', 'RCWOS', 'LMZAF', 'YYNPW', 'UDEWT', 'STJMV', 'BSOUP', 'ERXLL', 'IYMNE', 'IVYZR']
['GJCQK', 'RWOPE', 'MRNHH', 'OYGNB', 'GZWND', 'JXKSJ', 'GNDQJ', 'HVAAR', 'BOOKC', 'BMNGE', 'RISKG', 'JGBOH', 'TIZZI', 'WFPUN', 'FPFHY', 'LQGAI']
['FCFIW', 'PHXOS', 'CSILO', 'ZYEMW', 'VZNGS', 'PQEKQ', 'KFWQL', 'YKOFS', 'WTMZW', 'JLTJR', 'HGAWC', 'CZNRV', 'GKYTD', 'YPRRC', 'KCPYN', 'VQTXV']
['WLODL', 'PUFAY', 'GDZSX', 'TYYLF', 'QBGLN', 'DPJHM', 'PPBBM', 'HAYKV', 'MSZXR', 'ABAQL', 'CYRFR', 'SSWHW', 'WNGHY', 'PEIBF', 'BBIGY', 'SWZLI']
['VUZHE', 'BBDFQ', 'PADSR', 'VGWZF', 'GPHCZ', 'XGXRC', 'FSYHN', 'LRCXZ', 'NKEPZ', 'FYAYI', 'QZGLO', 'EYYNC', 'GPAYG', 'KGDBH', 'XYVAU', 'QXETJ']
['JCTBB', 'XGCQB', 'FRHWO', 'BHFJC', 'PRFNT', 'QUGAX', 'SHEUT', 'KIEKF', 'PBEOM', 'YVMFJ', 'SUNJN', 'PAVOS', 'MMHOG', 'MUUIL', 'WTAGZ', 'IQLHD']
['POXWS', 'RSYQC', 'VZFUK', 'NZQKM', 'IXEZM', 'LBYAL', 'RZJZX', 'YTVYR', 'NSSHB', 'DRVVY', 'SIWEE', 'UPNVV', 'KRMMY', 'IBFSE', 'SEVGN', 'VKBEF']
['MIMWO', 'JDDRN', 'OYLVF', 'DQJYE', 'RNMID', 'JFOPY', 'VLACB', 'FHCPP', 'FYSSP', 'HIBFR', 'BREAU', 'YVULZ', 'SYRST', 'QMBKL', 'NMUXG', 'ZRLGV']
['PBAWW', 'PQYKQ', 'RFDDK', 'ASGXO', 'SLHLJ', 'ZNTDR', 'JAGAT', 'WAZOJ', 'XVOGO', 'JMNIF', 'VVMSW', 'PUWYW', 'VMRKJ', 'NCCJD', 'GWEZA', 'DDGZR']
['JLETC', 'YTXXV', 'EIALG', 'EWIJA', 'URMYA', 'DOXUP', 'ZXEUD', 'QNXTS', 'DJQYY', 'EFRTR', 'WNBOI', 'EPEAQ', 'DUQLN', 'YTTKI', 'OMNEY', 'ADKIG']
['IPMBX', 'XLWDU', 'CALHI', 'DWCIC', 'HXGTU', 'GAUGX', 'RLKNU', 'UOYAH', 'XOUQG', 'SLYUO', 'RRFYM', 'VSARS', 'XZTVE', 'ELBRQ', 'CHCYT', 'QFZCO']
['UHFXM', 'RMNKI', 'SAOVB', 'DAPHY', 'JGGQM', 'XQQNM', 'RRDGL', 'CYMCE', 'QJUJE', 'RUSXV', 'ELRTK', 'OJTYX', 'WEYKU', 'GPKTZ', 'FWTXB', 'YQBLY']
['UZTYA', 'OXZCV', 'DTPHQ', 'XMJJP', 'AALPZ', 'LVMLT', 'HUNXU', 'WNDOP', 'QVEIA', 'USRDK', 'TJFHX', 'AHXXM', 'TDICM', 'ZKMSA', 'SOVUQ', 'MCXWP']
['LGPGN', 'EGYBS', 'JJDHO', 'GJYBX', 'MLWLT', 'AXIHL', 'BNPMH', 'ZZKGQ', 'TKEWX', 'DFZLH', 'FKMPO', 'UQJJY', 'VXNNV', 'QMJUD', 'SSZXS', 'CWZDH']
['GAQXI', 'AQEWE', 'RKMOC', 'REFDA', 'FMMZU', 'SPSXT', 'LJQBN', 'MQEVZ', 'QLDQR', 'HAKPT', 'PSMNV', 'AAEBS', 'ZNEQL', 'RVMXY', 'WMAOH', 'TARGC']
['HAPCQ', 'SCMKV', 'DOYMU', 'JEHBC', 'YHWVK', 'KXFFP', 'NNLIE', 'NRRFB', 'DWGDE', 'CSGGY', 'SEJRA', 'ABQJV', 'DBPXU', 'JWNLZ', 'CWKNX', 'ZPWCF']
['RDCHE', 'EBQJA', 'ZCMCP', 'SURGB', 'FIIIX', 'HOCJP', 'BHECC', 'NPJSC', 'OBCSZ', 'EXERI', 'WWCYP', 'FLAIE', 'AEXQY', 'SDCRN', 'VISUM', 'FQYNK']
['QBYJR', 'KCWNV', 'UYUIP', 'AXICB', 'TLKIE', 'AEHLI', 'TPIHD', 'OEEYW', 'ZLMYN', 'UTQPU', 'XPMAC', 'QACAX', 'FFZNI', 'ZSYGC', 'NEQMO', 'NGBWQ']
['XYABI', 'FKSNY', 'QYCKH', 'ZUYFN', 'REVQE', 'QFSQF', 'OPZLD', 'VNIQM', 'NLQQX', 'BXGAG', 'VYUHL', 'KQZVU', 'RQZDB', 'BFHEV', 'TJTMV', 'GRIBM']
['NZAXS', 'BEFRL', 'SUEUT', 'PKECO', 'GUJWW', 'RSFHX', 'VUTIQ', 'ZOHDS', 'RWIWJ', 'EIREK', 'TJLUN', 'GUJWH', 'UXUZX', 'GXAOE', 'KZBFF', 'UMQRP']
['SACPU', 'BCTKV', 'KDZDK', 'XADCG', 'GKPPL', 'XDBSH', 'OENOT', 'PKUWP', 'BVKPC', 'XBVDI', 'IYGUJ', 'LPRGT', 'ALNHK', 'VSEBO', 'UMQSO', 'IDOHH']
['CRSZF', 'GBEQY', 'SEUJM', 'JGIMA', 'GKOUL', 'XQUPB', 'QSIZR', 'IHIWD', 'NCWPX', 'WHBFR', 'JFKWJ', 'CYVWU', 'VFWVV', 'QSAIM', 'KEPXD', 'PREHL']
['ZMWJB', 'YPSZJ', 'CZQAC', 'AZDHE', 'XQYCU', 'JECON', 'TLAOJ', 'TQUPW', 'UTYHJ', 'SPROB', 'KEUTQ', 'NHZCJ', 'MQWLN', 'JPWDA', 'BCKDA', 'KTXRI']
['MBBZL', 'DBXJE', 'NMWYK', 'PPGSA', 'NCXIY', 'UNSUE', 'IOHXF', 'IPLJJ', 'KSGPB', 'CRKWH', 'YIQHC', 'DFNDO', 'QJRDV', 'CCHLM', 'WEDAM', 'GRUYQ']
