['Emelia', 'Klute', 'Padget', 'Lombardi', 'Selma', 'Cerracchio', 'Beebe', 'Firman', 'Yim', 'Agosto', 'Antonetta', 'Flemming', 'Salomi', 'Micheal', 'Mokas', 'Letta', 'Dela', 'Sigsmond', 'Hamlin', 'Berner', 'Ratcliffe', 'Serafine', 'Eudocia', 'Robbin', 'Nari', 'Krystalle', 'Oscar', 'Hermon', 'Ches', 'Kanya', 'Shannah', 'Ruhnke', 'Manaker', 'Cal', 'Mitchiner']
['Donn', 'Bhayani', 'Ardehs', 'Kerianne', 'Everick', 'Sandeep', 'Bui', 'Tiphane', 'Tennes', 'Vesta', 'Bevon', 'Hittel', 'Akeyla', 'Jason', 'Avril', 'Cavallaro', 'Girardo', 'Elihu', 'Hannover', 'Ashman', 'Doroteya', 'Merth', 'Cardwell', 'Buckler', 'Paulita', 'Dulcea', 'Leiser', 'Bluhm', 'Larry', 'Florentia', 'Mathur', 'Fitz', 'Rooke']
['Hong', 'Woodhead', 'Zelma', 'Yerxa', 'Smukler', 'Dotson', 'Corkhill', 'Jessalin', 'Balling', 'Ashford', 'Melisa', 'Minier', 'Hadleigh', 'Monahan', 'Augustina', 'Danuloff', 'Marilou', 'Davidde', 'Ginzburg', 'Leod', 'Vaish', 'Ottinger', 'Roanna', 'Ebneter']
['Won', 'Tine', 'Latimer', 'Grimona', 'Tavy', 'Gowrie', 'Elberta', 'Tillford', 'Hillel', 'Moonier', 'Formenti', 'Marijn', 'Katzir', 'Swanhilda', 'Udell', 'Eilis', 'Tessy', 'Marina', 'Vonni', 'Prince', 'Javler', 'Emmer', 'Maye', 'Cherry']
['Grochow', 'Shanly', 'Hatch', 'Caines', 'Kinzer', 'Kaufmann', 'Safire', 'Mauchi', 'Pinto', 'Jenkel', 'Dumas', 'Genie', 'Hotze', 'Harland', 'Ursi', 'Galligan', 'Nicolis', 'Perloff', 'Turrell', 'Charin', 'Hook', 'Worlock', 'Summons', 'Cyd']
['Bran', 'Elburr', 'Sumer', 'Deni', 'Eleni', 'Flieger', 'Beaver', 'Hakim', 'Saville', 'Mansoor', 'Merola', 'Busey', 'Danna', 'Bounds', 'Schreck', 'Sosanna', 'Arianna', 'Larson', 'Barnett', 'Colly', 'Cutty', 'Dimitry', 'Proudfoot', 'Norean']
['Nance', 'Mikol', 'Gillian', 'Berneta', 'Ber', 'Winebaum', 'Tarkany', 'Melda', 'Yarvis', 'Barby', 'Uta', 'Lynnelle', 'Jillana', 'Hett', 'Myrvyn', 'Halimeda', 'Sinnard', 'Dowlen', 'Hayyim', 'Hillegass', 'Milore', 'Masterson', 'Leanna', 'Baldridge']
['Kylah', 'Delila', 'Knute', 'Antonino', 'Tay', 'Basso', 'Watson', 'Lou', 'Arel', 'Fausta', 'Nisse', 'Coumas', 'Lindell', 'Nannette', 'Kassi', 'Ursola', 'Ragland', 'Reste', 'Dett', 'Girovard', 'Rik', 'Utica', 'Mushro', 'Felicie']
['Elmira', 'Anuska', 'Joed', 'Buxton', 'Coh', 'Darsie', 'Griswold', 'Karlise', 'Lawler', 'Sheeran', 'Fabrice', 'Nanette', 'Griffin', 'Scherman', 'Holofernes', 'Odin', 'Fairfax', 'Grath', 'Puklich', 'Schnabel', 'Winer', 'Ferro', 'Favian', 'Maude']
['Hudis', 'Rhonda', 'Franek', 'Cloots', 'Holey', 'Stearns', 'Pippo', 'Delinda', 'Wistrup', 'Birck', 'Gwenette', 'Klapp', 'Neille', 'Lotus', 'Shepp', 'Cataldo', 'Emelita', 'Brittnee', 'Love', 'Jobyna', 'Sievert', 'Hako', 'Livingston', 'Alf']
['Ciapas', 'Acacia', 'Chemush', 'Maribel', 'Hankins', 'Janaya', 'Henrique', 'Woo', 'Zandt', 'Dedric', 'Rani', 'Gunn', 'Rocray', 'Nessy', 'Billy', 'Nafis', 'Haldane', 'Jeniece', 'Blondell', 'Converse', 'Sachi', 'McIntosh', 'Carter', 'Adolphus']
['Fadiman', 'Lacy', 'Burkhart', 'Tuttle', 'Halstead', 'Pappas', 'Debera', 'Marijo', 'Crean', 'Bello', 'Virginia', 'Ludovico', 'Biggs', 'Ultun', 'Desi', 'Carlick', 'Ardys', 'Barsky', 'Neva', 'Wunder', 'Ted', 'Wing', 'Dare', 'Fillender']
['Brazee', 'Thorman', 'Jori', 'Lenhart', 'Farro', 'Lauree', 'Fruin', 'Ammadis', 'McKinney', 'Stephenson', 'Renick', 'Jestude', 'Felise', 'Cristoforo', 'Ashling', 'Noyes', 'Volkan', 'Hanway', 'Tristam', 'Harriet', 'Malo', 'Australia', 'Jorgenson', 'Questa']
['Fifine', 'Risteau', 'Zobe', 'Chae', 'Gerianne', 'Chancellor', 'Jenness', 'Bernj', 'Eno', 'Ruyle', 'Placido', 'Binette', 'Damon', 'Atkins', 'Dearman', 'Lamb', 'Kronick', 'Fokos', 'Erlewine', 'Shelby', 'Ferullo', 'Kerwon', 'Derril', 'Demetria']
['Ubana', 'Faunia', 'Matthew', 'Earlene', 'Clea', 'Starinsky', 'Bruns', 'Clere', 'Balliett', 'Fidelio', 'Chaddie', 'Kudva', 'Candyce', 'Moyers', 'Dott', 'Kile', 'Newton', 'Jehiel', 'Lux', 'Rombert', 'Plantagenet', 'Karon', 'Lynett', 'Clovah']
['Lunetta', 'Dietrich', 'Wight', 'Osrick', 'Hawger', 'Fredkin', 'Costin', 'Weirick', 'Holton', 'Pryce', 'Feinstein', 'Higgs', 'Saudra', 'Meras', 'Towne', 'Edrick', 'Rue', 'Kimon', 'Lenes', 'Flo', 'Tutankhamen', 'Crompton', 'Darrow', 'Adaurd']
['Lon', 'Celestyn', 'Gombosi', 'Les', 'Nath', 'Shelbi', 'Glenn', 'Oakes', 'Japeth', 'Ng', 'Janerich', 'Harmony', 'Raynor', 'Groos', 'Danais', 'Eldwen', 'Sandstrom', 'Gloriana', 'Lorilyn', 'Freddy', 'Wendye', 'Velda', 'Rodolphe', 'Dole']
['Alvinia', 'McCoy', 'Benilda', 'Nestor', 'Janenna', 'Vikky', 'Foulk', 'Neveda', 'Blasius', 'Minda', 'Quitt', 'Karie', 'Till', 'Groh', 'Lyle', 'Utas', 'Jimmy', 'Saxen', 'Catherin', 'Cheria', 'Montagna', 'Clymer', 'Willis', 'Mackenzie']
['McClimans', 'Lamson', 'Matthaeus', 'Prebo', 'Verras', 'Lentha', 'Enid', 'Derinna', 'Tonya', 'Melburn', 'Ainslee', 'Koetke', 'Durante', 'Gibun', 'Pontius', 'Danita', 'Astto', 'Fast', 'Margeaux', 'Behlau', 'Adriane', 'Raul', 'Carrillo', 'Cristiona']
['McCullough', 'Hardej', 'Shea', 'Polish', 'Saylor', 'Uchida', 'Morville', 'Druce', 'Holms', 'Ebba', 'Midian', 'Epstein', 'Vevay', 'Willetta', 'Meingolda', 'Ace', 'Auroora', 'Uzzia', 'Aviv', 'Evangeline', 'Toh', 'Yasu', 'Balcer', 'Cicely']
